This file contains any messages produced by compilers while
running configure, to aid debugging if configure makes a mistake.

It was created by gprof configure 2.46, which was
generated by GNU Autoconf 2.69.  Invocation command line was

  $ /home/sirdevhazim/Projects/officals/LunerOS/OS/build-binutils/binutils-with-gold-2.46/gprof/configure --srcdir=.././gprof --cache-file=./config.cache --with-gnu-as --with-gnu-ld --prefix=/home/sirdevhazim/opt/cross --with-sysroot --disable-nls --disable-werror --program-transform-name=s&^&x86_64-elf-& --disable-option-checking --disable-year2038 --build=x86_64-pc-linux-gnu --host=x86_64-pc-linux-gnu --target=x86_64-elf

## --------- ##
## Platform. ##
## --------- ##

hostname = archlinux
uname -m = x86_64
uname -r = 6.12.68-1-lts
uname -s = Linux
uname -v = #1 SMP PREEMPT_DYNAMIC Fri, 30 Jan 2026 11:42:40 +0000

/usr/bin/uname -p = unknown
/bin/uname -X     = unknown

/bin/arch              = unknown
/usr/bin/arch -k       = unknown
/usr/convex/getsysinfo = unknown
/usr/bin/hostinfo      = unknown
/bin/machine           = unknown
/usr/bin/oslevel       = unknown
/bin/universe          = unknown

PATH: /home/sirdevhazim/opt/cross/bin
PATH: /usr/local/bin
PATH: /usr/bin
PATH: /var/lib/snapd/snap/bin


## ----------- ##
## Core tests. ##
## ----------- ##

configure:2185: creating cache ./config.cache
configure:2297: checking build system type
configure:2311: result: x86_64-pc-linux-gnu
configure:2331: checking host system type
configure:2344: result: x86_64-pc-linux-gnu
configure:2364: checking target system type
configure:2377: result: x86_64-pc-elf
configure:2420: checking for a BSD-compatible install
configure:2488: result: /usr/bin/install -c
configure:2499: checking whether build environment is sane
configure:2554: result: yes
configure:2705: checking for a thread-safe mkdir -p
configure:2744: result: /usr/bin/mkdir -p
configure:2751: checking for gawk
configure:2778: result: gawk
configure:2789: checking whether make sets $(MAKE)
configure:2811: result: yes
configure:2840: checking whether make supports nested variables
configure:2857: result: yes
configure:2994: checking whether make supports nested variables
configure:3011: result: yes
configure:3034: checking for x86_64-pc-linux-gnu-gcc
configure:3061: result: gcc
configure:3330: checking for C compiler version
configure:3339: gcc --version >&5
gcc (GCC) 15.2.1 20260103
Copyright (C) 2025 Free Software Foundation, Inc.
This is free software; see the source for copying conditions.  There is NO
warranty; not even for MERCHANTABILITY or FITNESS FOR A PARTICULAR PURPOSE.

configure:3350: $? = 0
configure:3339: gcc -v >&5
Using built-in specs.
COLLECT_GCC=gcc
COLLECT_LTO_WRAPPER=/usr/lib/gcc/x86_64-pc-linux-gnu/15.2.1/lto-wrapper
Target: x86_64-pc-linux-gnu
Configured with: /build/gcc/src/gcc/configure --enable-languages=ada,c,c++,d,fortran,go,lto,m2,objc,obj-c++,rust,cobol --enable-bootstrap --prefix=/usr --libdir=/usr/lib --libexecdir=/usr/lib --mandir=/usr/share/man --infodir=/usr/share/info --with-bugurl=https://gitlab.archlinux.org/archlinux/packaging/packages/gcc/-/issues --with-build-config=bootstrap-lto --with-linker-hash-style=gnu --with-system-zlib --enable-__cxa_atexit --enable-cet=auto --enable-checking=release --enable-clocale=gnu --enable-default-pie --enable-default-ssp --enable-gnu-indirect-function --enable-gnu-unique-object --enable-libstdcxx-backtrace --enable-link-serialization=1 --enable-linker-build-id --enable-lto --enable-multilib --enable-plugin --enable-shared --enable-threads=posix --disable-libssp --disable-libstdcxx-pch --disable-werror
Thread model: posix
Supported LTO compression algorithms: zlib zstd
gcc version 15.2.1 20260103 (GCC) 
configure:3350: $? = 0
configure:3339: gcc -V >&5
gcc: error: unrecognized command-line option '-V'
gcc: fatal error: no input files
compilation terminated.
configure:3350: $? = 1
configure:3339: gcc -qversion >&5
gcc: error: unrecognized command-line option '-qversion'; did you mean '--version'?
gcc: fatal error: no input files
compilation terminated.
configure:3350: $? = 1
configure:3370: checking whether the C compiler works
configure:3392: gcc -g -O2        conftest.c  >&5
configure:3396: $? = 0
configure:3444: result: yes
configure:3447: checking for C compiler default output file name
configure:3449: result: a.out
configure:3455: checking for suffix of executables
configure:3462: gcc -o conftest -g -O2        conftest.c  >&5
configure:3466: $? = 0
configure:3488: result: 
configure:3510: checking whether we are cross compiling
configure:3518: gcc -o conftest -g -O2        conftest.c  >&5
configure:3522: $? = 0
configure:3529: ./conftest
configure:3533: $? = 0
configure:3548: result: no
configure:3553: checking for suffix of object files
configure:3575: gcc -c -g -O2      conftest.c >&5
configure:3579: $? = 0
configure:3600: result: o
configure:3604: checking whether we are using the GNU C compiler
configure:3623: gcc -c -g -O2      conftest.c >&5
configure:3623: $? = 0
configure:3632: result: yes
configure:3641: checking whether gcc accepts -g
configure:3661: gcc -c -g  conftest.c >&5
configure:3661: $? = 0
configure:3702: result: yes
configure:3719: checking for gcc option to accept ISO C89
configure:3782: gcc  -c -g -O2      conftest.c >&5
conftest.c: In function 'e':
conftest.c:17:14: warning: old-style function definition [-Wold-style-definition]
   17 | static char *e (p, i)
      |              ^
configure:3782: $? = 0
configure:3795: result: none needed
configure:3820: checking whether gcc understands -c and -o together
configure:3842: gcc -c conftest.c -o conftest2.o
configure:3845: $? = 0
configure:3842: gcc -c conftest.c -o conftest2.o
configure:3845: $? = 0
configure:3857: result: yes
configure:3885: checking for style of include used by make
configure:3913: result: GNU
configure:3939: checking dependency style of gcc
configure:4050: result: gcc3
configure:4071: checking how to run the C preprocessor
configure:4102: gcc -E  conftest.c
configure:4102: $? = 0
configure:4116: gcc -E  conftest.c
conftest.c:11:10: fatal error: ac_nonexistent.h: No such file or directory
   11 | #include <ac_nonexistent.h>
      |          ^~~~~~~~~~~~~~~~~~
compilation terminated.
configure:4116: $? = 1
configure: failed program was:
| /* confdefs.h */
| #define PACKAGE_NAME "gprof"
| #define PACKAGE_TARNAME "gprof"
| #define PACKAGE_VERSION "2.46"
| #define PACKAGE_STRING "gprof 2.46"
| #define PACKAGE_BUGREPORT ""
| #define PACKAGE_URL ""
| #define PACKAGE "gprof"
| #define VERSION "2.46"
| /* end confdefs.h.  */
| #include <ac_nonexistent.h>
configure:4141: result: gcc -E
configure:4161: gcc -E  conftest.c
configure:4161: $? = 0
configure:4175: gcc -E  conftest.c
conftest.c:11:10: fatal error: ac_nonexistent.h: No such file or directory
   11 | #include <ac_nonexistent.h>
      |          ^~~~~~~~~~~~~~~~~~
compilation terminated.
configure:4175: $? = 1
configure: failed program was:
| /* confdefs.h */
| #define PACKAGE_NAME "gprof"
| #define PACKAGE_TARNAME "gprof"
| #define PACKAGE_VERSION "2.46"
| #define PACKAGE_STRING "gprof 2.46"
| #define PACKAGE_BUGREPORT ""
| #define PACKAGE_URL ""
| #define PACKAGE "gprof"
| #define VERSION "2.46"
| /* end confdefs.h.  */
| #include <ac_nonexistent.h>
configure:4204: checking for grep that handles long lines and -e
configure:4262: result: /usr/bin/grep
configure:4267: checking for egrep
configure:4329: result: /usr/bin/grep -E
configure:4334: checking for ANSI C header files
configure:4354: gcc -c -g -O2      conftest.c >&5
configure:4354: $? = 0
configure:4427: gcc -o conftest -g -O2        conftest.c  >&5
configure:4427: $? = 0
configure:4427: ./conftest
configure:4427: $? = 0
configure:4438: result: yes
configure:4451: checking for sys/types.h
configure:4451: gcc -c -g -O2      conftest.c >&5
configure:4451: $? = 0
configure:4451: result: yes
configure:4451: checking for sys/stat.h
configure:4451: gcc -c -g -O2      conftest.c >&5
configure:4451: $? = 0
configure:4451: result: yes
configure:4451: checking for stdlib.h
configure:4451: gcc -c -g -O2      conftest.c >&5
configure:4451: $? = 0
configure:4451: result: yes
configure:4451: checking for string.h
configure:4451: gcc -c -g -O2      conftest.c >&5
configure:4451: $? = 0
configure:4451: result: yes
configure:4451: checking for memory.h
configure:4451: gcc -c -g -O2      conftest.c >&5
configure:4451: $? = 0
configure:4451: result: yes
configure:4451: checking for strings.h
configure:4451: gcc -c -g -O2      conftest.c >&5
configure:4451: $? = 0
configure:4451: result: yes
configure:4451: checking for inttypes.h
configure:4451: gcc -c -g -O2      conftest.c >&5
configure:4451: $? = 0
configure:4451: result: yes
configure:4451: checking for stdint.h
configure:4451: gcc -c -g -O2      conftest.c >&5
configure:4451: $? = 0
configure:4451: result: yes
configure:4451: checking for unistd.h
configure:4451: gcc -c -g -O2      conftest.c >&5
configure:4451: $? = 0
configure:4451: result: yes
configure:4464: checking minix/config.h usability
configure:4464: gcc -c -g -O2      conftest.c >&5
conftest.c:54:10: fatal error: minix/config.h: No such file or directory
   54 | #include <minix/config.h>
      |          ^~~~~~~~~~~~~~~~
compilation terminated.
configure:4464: $? = 1
configure: failed program was:
| /* confdefs.h */
| #define PACKAGE_NAME "gprof"
| #define PACKAGE_TARNAME "gprof"
| #define PACKAGE_VERSION "2.46"
| #define PACKAGE_STRING "gprof 2.46"
| #define PACKAGE_BUGREPORT ""
| #define PACKAGE_URL ""
| #define PACKAGE "gprof"
| #define VERSION "2.46"
| #define STDC_HEADERS 1
| #define HAVE_SYS_TYPES_H 1
| #define HAVE_SYS_STAT_H 1
| #define HAVE_STDLIB_H 1
| #define HAVE_STRING_H 1
| #define HAVE_MEMORY_H 1
| #define HAVE_STRINGS_H 1
| #define HAVE_INTTYPES_H 1
| #define HAVE_STDINT_H 1
| #define HAVE_UNISTD_H 1
| /* end confdefs.h.  */
| #include <stdio.h>
| #ifdef HAVE_SYS_TYPES_H
| # include <sys/types.h>
| #endif
| #ifdef HAVE_SYS_STAT_H
| # include <sys/stat.h>
| #endif
| #ifdef STDC_HEADERS
| # include <stdlib.h>
| # include <stddef.h>
| #else
| # ifdef HAVE_STDLIB_H
| #  include <stdlib.h>
| # endif
| #endif
| #ifdef HAVE_STRING_H
| # if !defined STDC_HEADERS && defined HAVE_MEMORY_H
| #  include <memory.h>
| # endif
| # include <string.h>
| #endif
| #ifdef HAVE_STRINGS_H
| # include <strings.h>
| #endif
| #ifdef HAVE_INTTYPES_H
| # include <inttypes.h>
| #endif
| #ifdef HAVE_STDINT_H
| # include <stdint.h>
| #endif
| #ifdef HAVE_UNISTD_H
| # include <unistd.h>
| #endif
| #include <minix/config.h>
configure:4464: result: no
configure:4464: checking minix/config.h presence
configure:4464: gcc -E  conftest.c
conftest.c:21:10: fatal error: minix/config.h: No such file or directory
   21 | #include <minix/config.h>
      |          ^~~~~~~~~~~~~~~~
compilation terminated.
configure:4464: $? = 1
configure: failed program was:
| /* confdefs.h */
| #define PACKAGE_NAME "gprof"
| #define PACKAGE_TARNAME "gprof"
| #define PACKAGE_VERSION "2.46"
| #define PACKAGE_STRING "gprof 2.46"
| #define PACKAGE_BUGREPORT ""
| #define PACKAGE_URL ""
| #define PACKAGE "gprof"
| #define VERSION "2.46"
| #define STDC_HEADERS 1
| #define HAVE_SYS_TYPES_H 1
| #define HAVE_SYS_STAT_H 1
| #define HAVE_STDLIB_H 1
| #define HAVE_STRING_H 1
| #define HAVE_MEMORY_H 1
| #define HAVE_STRINGS_H 1
| #define HAVE_INTTYPES_H 1
| #define HAVE_STDINT_H 1
| #define HAVE_UNISTD_H 1
| /* end confdefs.h.  */
| #include <minix/config.h>
configure:4464: result: no
configure:4464: checking for minix/config.h
configure:4464: result: no
configure:4485: checking whether it is safe to define __EXTENSIONS__
configure:4503: gcc -c -g -O2      conftest.c >&5
configure:4503: $? = 0
configure:4510: result: yes
configure:4572: checking how to print strings
configure:4599: result: printf
configure:4620: checking for a sed that does not truncate output
configure:4684: result: /usr/bin/sed
configure:4702: checking for fgrep
configure:4764: result: /usr/bin/grep -F
configure:4799: checking for ld used by gcc
configure:4866: result: ld
configure:4873: checking if the linker (ld) is GNU ld
configure:4888: result: yes
configure:4900: checking for BSD- or MS-compatible name lister (nm)
configure:4956: result: /usr/bin/nm --plugin /usr/lib/gcc/x86_64-pc-linux-gnu/15.2.1/liblto_plugin.so -B
configure:5086: checking the name lister (/usr/bin/nm --plugin /usr/lib/gcc/x86_64-pc-linux-gnu/15.2.1/liblto_plugin.so -B) interface
configure:5093: gcc -c -g -O2      conftest.c >&5
configure:5096: /usr/bin/nm --plugin /usr/lib/gcc/x86_64-pc-linux-gnu/15.2.1/liblto_plugin.so -B "conftest.o"
configure:5099: output
0000000000000000 B some_variable
configure:5106: result: BSD nm
configure:5109: checking whether ln -s works
configure:5113: result: yes
configure:5121: checking the maximum length of command line arguments
configure:5246: result: 1572864
configure:5263: checking whether the shell understands some XSI constructs
configure:5273: result: yes
configure:5277: checking whether the shell understands "+="
configure:5283: result: yes
configure:5318: checking for ld option to reload object files
configure:5325: result: -r
configure:5354: checking for x86_64-pc-linux-gnu-objdump
configure:5381: result: objdump
configure:5453: checking how to recognize dependent libraries
configure:5659: result: pass_all
configure:5679: checking for clang
configure:5702: result: no
configure:5707: checking for x86_64-pc-linux-gnu-llvm-config
configure:5737: result: no
configure:5747: checking for llvm-config
configure:5763: found /usr/bin/llvm-config
configure:5774: result: llvm-config
configure:5934: checking for x86_64-pc-linux-gnu-ar
configure:5961: result: ar --plugin /usr/lib/gcc/x86_64-pc-linux-gnu/15.2.1/liblto_plugin.so
configure:6026: checking for -plugin option
configure:6044: result: --plugin /usr/lib/gcc/x86_64-pc-linux-gnu/15.2.1/liblto_plugin.so
configure:6061: checking for x86_64-pc-linux-gnu-ar
configure:6088: result: ar --plugin /usr/lib/gcc/x86_64-pc-linux-gnu/15.2.1/liblto_plugin.so
configure:6177: checking for x86_64-pc-linux-gnu-strip
configure:6207: result: no
configure:6217: checking for strip
configure:6233: found /usr/bin/strip
configure:6244: result: strip
configure:6276: checking for x86_64-pc-linux-gnu-ranlib
configure:6303: result: ranlib --plugin /usr/lib/gcc/x86_64-pc-linux-gnu/15.2.1/liblto_plugin.so
configure:6456: checking command to parse /usr/bin/nm --plugin /usr/lib/gcc/x86_64-pc-linux-gnu/15.2.1/liblto_plugin.so -B output from gcc object
configure:6574: gcc -c -g -O2      conftest.c >&5
configure:6577: $? = 0
configure:6581: /usr/bin/nm --plugin /usr/lib/gcc/x86_64-pc-linux-gnu/15.2.1/liblto_plugin.so -B conftest.o \| sed -n -e 's/^.*[ ]\([ABCDGIRSTW][ABCDGIRSTW]*\)[ ][ ]*\([_A-Za-z][_A-Za-z0-9]*\)$/\1 \2 \2/p' \> conftest.nm
configure:6584: $? = 0
configure:6638: gcc -o conftest -g -O2        conftest.c conftstm.o >&5
configure:6641: $? = 0
configure:6679: result: ok
configure:6774: gcc -c -g -O2      conftest.c >&5
configure:6777: $? = 0
configure:7529: checking for dlfcn.h
configure:7529: gcc -c -g -O2      conftest.c >&5
configure:7529: $? = 0
configure:7529: result: yes
configure:7716: checking for objdir
configure:7731: result: .libs
configure:8002: checking if gcc supports -fno-rtti -fno-exceptions
configure:8020: gcc -c -g -O2      -fno-rtti -fno-exceptions conftest.c >&5
cc1: warning: command-line option '-fno-rtti' is valid for C++/D/ObjC++ but not for C
configure:8024: $? = 0
configure:8037: result: no
configure:8057: checking for gcc option to produce PIC
configure:8343: result: -fPIC -DPIC
configure:8355: checking if gcc PIC flag -fPIC -DPIC works
configure:8373: gcc -c -g -O2      -fPIC -DPIC -DPIC conftest.c >&5
configure:8377: $? = 0
configure:8390: result: yes
configure:8414: checking if gcc static flag -static works
configure:8442: result: yes
configure:8457: checking if gcc supports -c -o file.o
configure:8478: gcc -c -g -O2      -o out/conftest2.o conftest.c >&5
configure:8482: $? = 0
configure:8504: result: yes
configure:8512: checking if gcc supports -c -o file.o
configure:8559: result: yes
configure:8592: checking whether the gcc linker (ld -m elf_x86_64) supports shared libraries
configure:9663: result: yes
configure:9700: checking whether -lc should be explicitly linked in
configure:9708: gcc -c -g -O2      conftest.c >&5
configure:9711: $? = 0
configure:9726: gcc -shared  -fPIC -DPIC conftest.o  -v -Wl,-soname -Wl,conftest -o conftest 2\>\&1 \| /usr/bin/grep  -lc  \>/dev/null 2\>\&1
configure:9729: $? = 0
configure:9743: result: no
configure:9908: checking dynamic linker characteristics
configure:10354: gcc -o conftest -g -O2        -Wl,-rpath -Wl,/foo conftest.c  >&5
configure:10354: $? = 0
configure:10595: result: GNU/Linux ld.so
configure:10702: checking how to hardcode library paths into programs
configure:10727: result: immediate
configure:11267: checking whether stripping libraries is possible
configure:11272: result: yes
configure:11307: checking if libtool supports shared libraries
configure:11309: result: yes
configure:11312: checking whether to build shared libraries
configure:11333: result: yes
configure:11336: checking whether to build static libraries
configure:11340: result: yes
configure:11388: checking for dlfcn.h
configure:11388: result: yes
configure:11401: checking for windows.h
configure:11401: gcc -c -g -O2      conftest.c >&5
conftest.c:63:10: fatal error: windows.h: No such file or directory
   63 | #include <windows.h>
      |          ^~~~~~~~~~~
compilation terminated.
configure:11401: $? = 1
configure: failed program was:
| /* confdefs.h */
| #define PACKAGE_NAME "gprof"
| #define PACKAGE_TARNAME "gprof"
| #define PACKAGE_VERSION "2.46"
| #define PACKAGE_STRING "gprof 2.46"
| #define PACKAGE_BUGREPORT ""
| #define PACKAGE_URL ""
| #define PACKAGE "gprof"
| #define VERSION "2.46"
| #define STDC_HEADERS 1
| #define HAVE_SYS_TYPES_H 1
| #define HAVE_SYS_STAT_H 1
| #define HAVE_STDLIB_H 1
| #define HAVE_STRING_H 1
| #define HAVE_MEMORY_H 1
| #define HAVE_STRINGS_H 1
| #define HAVE_INTTYPES_H 1
| #define HAVE_STDINT_H 1
| #define HAVE_UNISTD_H 1
| #define __EXTENSIONS__ 1
| #define _ALL_SOURCE 1
| #define _GNU_SOURCE 1
| #define _POSIX_PTHREAD_SEMANTICS 1
| #define _TANDEM_SOURCE 1
| #define HAVE_DLFCN_H 1
| #define LT_OBJDIR ".libs/"
| #define HAVE_DLFCN_H 1
| /* end confdefs.h.  */
| #include <stdio.h>
| #ifdef HAVE_SYS_TYPES_H
| # include <sys/types.h>
| #endif
| #ifdef HAVE_SYS_STAT_H
| # include <sys/stat.h>
| #endif
| #ifdef STDC_HEADERS
| # include <stdlib.h>
| # include <stddef.h>
| #else
| # ifdef HAVE_STDLIB_H
| #  include <stdlib.h>
| # endif
| #endif
| #ifdef HAVE_STRING_H
| # if !defined STDC_HEADERS && defined HAVE_MEMORY_H
| #  include <memory.h>
| # endif
| # include <string.h>
| #endif
| #ifdef HAVE_STRINGS_H
| # include <strings.h>
| #endif
| #ifdef HAVE_INTTYPES_H
| # include <inttypes.h>
| #endif
| #ifdef HAVE_STDINT_H
| # include <stdint.h>
| #endif
| #ifdef HAVE_UNISTD_H
| # include <unistd.h>
| #endif
| 
| #include <windows.h>
configure:11401: result: no
configure:11428: checking for library containing dlsym
configure:11459: gcc -o conftest -g -O2        conftest.c  >&5
configure:11459: $? = 0
configure:11476: result: none required
configure:11548: checking for special C compiler options needed for large files
configure:11593: result: no
configure:11599: checking for _FILE_OFFSET_BITS value needed for large files
configure:11624: gcc -c -g -O2      conftest.c >&5
configure:11624: $? = 0
configure:11656: result: no
configure:11746: checking sys/time.h usability
configure:11746: gcc -c -g -O2      conftest.c >&5
configure:11746: $? = 0
configure:11746: result: yes
configure:11746: checking sys/time.h presence
configure:11746: gcc -E  conftest.c
configure:11746: $? = 0
configure:11746: result: yes
configure:11746: checking for sys/time.h
configure:11746: result: yes
configure:11758: checking for setitimer
configure:11758: gcc -o conftest -g -O2        conftest.c  >&5
configure:11758: $? = 0
configure:11758: result: yes
configure:11783: checking whether NLS is requested
configure:11792: result: no
configure:11830: checking for msgfmt
configure:11861: result: /usr/bin/msgfmt
configure:11870: checking for gmsgfmt
configure:11901: result: /usr/bin/msgfmt
configure:11941: checking for xgettext
configure:11972: result: /usr/bin/xgettext
configure:12012: checking for msgmerge
configure:12042: result: /usr/bin/msgmerge
configure:12117: checking for ld used by GCC
configure:12180: result: ld -m elf_x86_64
configure:12187: checking if the linker (ld -m elf_x86_64) is GNU ld
GNU ld (GNU Binutils) 2.45.1
configure:12199: result: yes
configure:12205: checking for shared library run path origin
configure:12218: result: done
configure:12665: checking for CFPreferencesCopyAppValue
configure:12683: gcc -o conftest -g -O2        conftest.c  -Wl,-framework -Wl,CoreFoundation >&5
conftest.c:31:10: fatal error: CoreFoundation/CFPreferences.h: No such file or directory
   31 | #include <CoreFoundation/CFPreferences.h>
      |          ^~~~~~~~~~~~~~~~~~~~~~~~~~~~~~~~
compilation terminated.
configure:12683: $? = 1
configure: failed program was:
| /* confdefs.h */
| #define PACKAGE_NAME "gprof"
| #define PACKAGE_TARNAME "gprof"
| #define PACKAGE_VERSION "2.46"
| #define PACKAGE_STRING "gprof 2.46"
| #define PACKAGE_BUGREPORT ""
| #define PACKAGE_URL ""
| #define PACKAGE "gprof"
| #define VERSION "2.46"
| #define STDC_HEADERS 1
| #define HAVE_SYS_TYPES_H 1
| #define HAVE_SYS_STAT_H 1
| #define HAVE_STDLIB_H 1
| #define HAVE_STRING_H 1
| #define HAVE_MEMORY_H 1
| #define HAVE_STRINGS_H 1
| #define HAVE_INTTYPES_H 1
| #define HAVE_STDINT_H 1
| #define HAVE_UNISTD_H 1
| #define __EXTENSIONS__ 1
| #define _ALL_SOURCE 1
| #define _GNU_SOURCE 1
| #define _POSIX_PTHREAD_SEMANTICS 1
| #define _TANDEM_SOURCE 1
| #define HAVE_DLFCN_H 1
| #define LT_OBJDIR ".libs/"
| #define HAVE_DLFCN_H 1
| #define HAVE_SYS_TIME_H 1
| #define HAVE_SETITIMER 1
| /* end confdefs.h.  */
| #include <CoreFoundation/CFPreferences.h>
| int
| main ()
| {
| CFPreferencesCopyAppValue(NULL, NULL)
|   ;
|   return 0;
| }
configure:12692: result: no
configure:12699: checking for CFLocaleCopyPreferredLanguages
configure:12717: gcc -o conftest -g -O2        conftest.c  -Wl,-framework -Wl,CoreFoundation >&5
conftest.c:31:10: fatal error: CoreFoundation/CFLocale.h: No such file or directory
   31 | #include <CoreFoundation/CFLocale.h>
      |          ^~~~~~~~~~~~~~~~~~~~~~~~~~~
compilation terminated.
configure:12717: $? = 1
configure: failed program was:
| /* confdefs.h */
| #define PACKAGE_NAME "gprof"
| #define PACKAGE_TARNAME "gprof"
| #define PACKAGE_VERSION "2.46"
| #define PACKAGE_STRING "gprof 2.46"
| #define PACKAGE_BUGREPORT ""
| #define PACKAGE_URL ""
| #define PACKAGE "gprof"
| #define VERSION "2.46"
| #define STDC_HEADERS 1
| #define HAVE_SYS_TYPES_H 1
| #define HAVE_SYS_STAT_H 1
| #define HAVE_STDLIB_H 1
| #define HAVE_STRING_H 1
| #define HAVE_MEMORY_H 1
| #define HAVE_STRINGS_H 1
| #define HAVE_INTTYPES_H 1
| #define HAVE_STDINT_H 1
| #define HAVE_UNISTD_H 1
| #define __EXTENSIONS__ 1
| #define _ALL_SOURCE 1
| #define _GNU_SOURCE 1
| #define _POSIX_PTHREAD_SEMANTICS 1
| #define _TANDEM_SOURCE 1
| #define HAVE_DLFCN_H 1
| #define LT_OBJDIR ".libs/"
| #define HAVE_DLFCN_H 1
| #define HAVE_SYS_TIME_H 1
| #define HAVE_SETITIMER 1
| /* end confdefs.h.  */
| #include <CoreFoundation/CFLocale.h>
| int
| main ()
| {
| CFLocaleCopyPreferredLanguages();
|   ;
|   return 0;
| }
configure:12726: result: no
configure:13606: checking whether to use NLS
configure:13608: result: no
configure:13691: checking whether NLS is requested
configure:13694: result: no
configure:13750: checking whether to enable maintainer-specific portions of Makefiles
configure:13759: result: no
configure:13784: checking sys/gmon_out.h usability
configure:13784: gcc -c -g -O2      conftest.c >&5
configure:13784: $? = 0
configure:13784: result: yes
configure:13784: checking sys/gmon_out.h presence
configure:13784: gcc -E  conftest.c
configure:13784: $? = 0
configure:13784: result: yes
configure:13784: checking for sys/gmon_out.h
configure:13784: result: yes
configure:13795: checking for a known getopt prototype in unistd.h
configure:13811: gcc -c -g -O2      conftest.c >&5
configure:13811: $? = 0
configure:13819: result: yes
configure:13828: checking for library containing fabs
configure:13859: gcc -o conftest -g -O2        conftest.c  >&5
conftest.c:40:6: warning: conflicting types for built-in function 'fabs'; expected 'double(double)' [-Wbuiltin-declaration-mismatch]
   40 | char fabs ();
      |      ^~~~
conftest.c:1:1: note: 'fabs' is declared in header '<math.h>'
    1 | /* confdefs.h */
/usr/bin/ld: /tmp/ccM28Dxg.o: in function `main':
/home/sirdevhazim/Projects/officals/LunerOS/OS/build-binutils/binutils-with-gold-2.46/gprof/conftest.c:44:(.text.startup+0x5): undefined reference to `fabs'
collect2: error: ld returned 1 exit status
configure:13859: $? = 1
configure: failed program was:
| /* confdefs.h */
| #define PACKAGE_NAME "gprof"
| #define PACKAGE_TARNAME "gprof"
| #define PACKAGE_VERSION "2.46"
| #define PACKAGE_STRING "gprof 2.46"
| #define PACKAGE_BUGREPORT ""
| #define PACKAGE_URL ""
| #define PACKAGE "gprof"
| #define VERSION "2.46"
| #define STDC_HEADERS 1
| #define HAVE_SYS_TYPES_H 1
| #define HAVE_SYS_STAT_H 1
| #define HAVE_STDLIB_H 1
| #define HAVE_STRING_H 1
| #define HAVE_MEMORY_H 1
| #define HAVE_STRINGS_H 1
| #define HAVE_INTTYPES_H 1
| #define HAVE_STDINT_H 1
| #define HAVE_UNISTD_H 1
| #define __EXTENSIONS__ 1
| #define _ALL_SOURCE 1
| #define _GNU_SOURCE 1
| #define _POSIX_PTHREAD_SEMANTICS 1
| #define _TANDEM_SOURCE 1
| #define HAVE_DLFCN_H 1
| #define LT_OBJDIR ".libs/"
| #define HAVE_DLFCN_H 1
| #define HAVE_SYS_TIME_H 1
| #define HAVE_SETITIMER 1
| #define HAVE_SYS_GMON_OUT_H 1
| #define HAVE_DECL_GETOPT 1
| /* end confdefs.h.  */
| 
| /* Override any GCC internal prototype to avoid an error.
|    Use char because int might match the return type of a GCC
|    builtin and then its argument prototype would still apply.  */
| #ifdef __cplusplus
| extern "C"
| #endif
| char fabs ();
| int
| main ()
| {
| return fabs ();
|   ;
|   return 0;
| }
configure:13859: gcc -o conftest -g -O2        conftest.c -lm   >&5
conftest.c:40:6: warning: conflicting types for built-in function 'fabs'; expected 'double(double)' [-Wbuiltin-declaration-mismatch]
   40 | char fabs ();
      |      ^~~~
conftest.c:1:1: note: 'fabs' is declared in header '<math.h>'
    1 | /* confdefs.h */
configure:13859: $? = 0
configure:13876: result: -lm
configure:14061: checking whether gprof tests can run
configure:14077: result: no
configure:14155: updating cache ./config.cache
configure:14199: checking that generated files are newer than configure
configure:14205: result: done
configure:14240: creating ./config.status

## ---------------------- ##
## Running config.status. ##
## ---------------------- ##

This file was extended by gprof config.status 2.46, which was
generated by GNU Autoconf 2.69.  Invocation command line was

  CONFIG_FILES    = 
  CONFIG_HEADERS  = 
  CONFIG_LINKS    = 
  CONFIG_COMMANDS = 
  $ ./config.status 

on archlinux

config.status:1124: creating Makefile
config.status:1124: creating testsuite/Makefile
config.status:1124: creating po/Makefile.in
config.status:1124: creating gconfig.h
config.status:1353: executing depfiles commands
config.status:1353: executing libtool commands
config.status:1353: executing default-1 commands

## ---------------- ##
## Cache variables. ##
## ---------------- ##

ac_cv_build=x86_64-pc-linux-gnu
ac_cv_c_compiler_gnu=yes
ac_cv_env_CC_set=set
ac_cv_env_CC_value=gcc
ac_cv_env_CFLAGS_set=set
ac_cv_env_CFLAGS_value='-g -O2    '
ac_cv_env_CPPFLAGS_set=
ac_cv_env_CPPFLAGS_value=
ac_cv_env_CPP_set=
ac_cv_env_CPP_value=
ac_cv_env_LDFLAGS_set=set
ac_cv_env_LDFLAGS_value=' '
ac_cv_env_LIBS_set=
ac_cv_env_LIBS_value=
ac_cv_env_build_alias_set=set
ac_cv_env_build_alias_value=x86_64-pc-linux-gnu
ac_cv_env_host_alias_set=set
ac_cv_env_host_alias_value=x86_64-pc-linux-gnu
ac_cv_env_target_alias_set=set
ac_cv_env_target_alias_value=x86_64-elf
ac_cv_func_setitimer=yes
ac_cv_header_dlfcn_h=yes
ac_cv_header_inttypes_h=yes
ac_cv_header_memory_h=yes
ac_cv_header_minix_config_h=no
ac_cv_header_stdc=yes
ac_cv_header_stdint_h=yes
ac_cv_header_stdlib_h=yes
ac_cv_header_string_h=yes
ac_cv_header_strings_h=yes
ac_cv_header_sys_gmon_out_h=yes
ac_cv_header_sys_stat_h=yes
ac_cv_header_sys_time_h=yes
ac_cv_header_sys_types_h=yes
ac_cv_header_unistd_h=yes
ac_cv_header_windows_h=no
ac_cv_host=x86_64-pc-linux-gnu
ac_cv_objext=o
ac_cv_path_EGREP='/usr/bin/grep -E'
ac_cv_path_FGREP='/usr/bin/grep -F'
ac_cv_path_GMSGFMT=/usr/bin/msgfmt
ac_cv_path_GREP=/usr/bin/grep
ac_cv_path_MSGFMT=/usr/bin/msgfmt
ac_cv_path_MSGMERGE=/usr/bin/msgmerge
ac_cv_path_SED=/usr/bin/sed
ac_cv_path_XGETTEXT=/usr/bin/xgettext
ac_cv_path_mkdir=/usr/bin/mkdir
ac_cv_prog_AR='ar --plugin /usr/lib/gcc/x86_64-pc-linux-gnu/15.2.1/liblto_plugin.so'
ac_cv_prog_AWK=gawk
ac_cv_prog_CC=gcc
ac_cv_prog_CPP='gcc -E'
ac_cv_prog_OBJDUMP=objdump
ac_cv_prog_RANLIB='ranlib --plugin /usr/lib/gcc/x86_64-pc-linux-gnu/15.2.1/liblto_plugin.so'
ac_cv_prog_ac_ct_LLVM_CONFIG=llvm-config
ac_cv_prog_ac_ct_STRIP=strip
ac_cv_prog_cc_c89=
ac_cv_prog_cc_g=yes
ac_cv_prog_make_make_set=yes
ac_cv_safe_to_define___extensions__=yes
ac_cv_search_dlsym='none required'
ac_cv_search_fabs=-lm
ac_cv_sys_file_offset_bits=no
ac_cv_sys_largefile_CC=no
ac_cv_target=x86_64-pc-elf
acl_cv_hardcode_direct=no
acl_cv_hardcode_libdir_flag_spec='${wl}-rpath ${wl}$libdir'
acl_cv_hardcode_libdir_separator=
acl_cv_hardcode_minus_L=no
acl_cv_libext=a
acl_cv_path_LD='ld -m elf_x86_64'
acl_cv_prog_gnu_ld=yes
acl_cv_rpath=done
acl_cv_shlibext=so
acl_cv_wl=-Wl,
am_cv_CC_dependencies_compiler_type=gcc3
am_cv_make_support_nested_variables=yes
am_cv_prog_cc_c_o=yes
clang_cv_is_clang=no
gprof_cv_decl_getopt_unistd_h=yes
gprof_cv_sys_native=no
gt_cv_func_CFLocaleCopyPreferredLanguages=no
gt_cv_func_CFPreferencesCopyAppValue=no
lt_cv_archive_cmds_need_lc=no
lt_cv_deplibs_check_method=pass_all
lt_cv_file_magic_cmd='$MAGIC_CMD'
lt_cv_file_magic_test_file=
lt_cv_ld_reload_flag=-r
lt_cv_nm_interface='BSD nm'
lt_cv_objdir=.libs
lt_cv_path_LD=ld
lt_cv_path_NM='/usr/bin/nm --plugin /usr/lib/gcc/x86_64-pc-linux-gnu/15.2.1/liblto_plugin.so -B'
lt_cv_prog_compiler_c_o=yes
lt_cv_prog_compiler_pic_works=yes
lt_cv_prog_compiler_rtti_exceptions=no
lt_cv_prog_compiler_static_works=yes
lt_cv_prog_gnu_ld=yes
lt_cv_shlibpath_overrides_runpath=yes
lt_cv_sys_global_symbol_pipe='sed -n -e '\''s/^.*[	 ]\([ABCDGIRSTW][ABCDGIRSTW]*\)[	 ][	 ]*\([_A-Za-z][_A-Za-z0-9]*\)$/\1 \2 \2/p'\'''
lt_cv_sys_global_symbol_to_c_name_address='sed -n -e '\''s/^: \([^ ]*\) $/  {\"\1\", (void *) 0},/p'\'' -e '\''s/^[ABCDGIRSTW]* \([^ ]*\) \([^ ]*\)$/  {"\2", (void *) \&\2},/p'\'''
lt_cv_sys_global_symbol_to_c_name_address_lib_prefix='sed -n -e '\''s/^: \([^ ]*\) $/  {\"\1\", (void *) 0},/p'\'' -e '\''s/^[ABCDGIRSTW]* \([^ ]*\) \(lib[^ ]*\)$/  {"\2", (void *) \&\2},/p'\'' -e '\''s/^[ABCDGIRSTW]* \([^ ]*\) \([^ ]*\)$/  {"lib\2", (void *) \&\2},/p'\'''
lt_cv_sys_global_symbol_to_cdecl='sed -n -e '\''s/^T .* \(.*\)$/extern int \1();/p'\'' -e '\''s/^[ABCDGIRSTW]* .* \(.*\)$/extern char \1;/p'\'''
lt_cv_sys_max_cmd_len=1572864

## ----------------- ##
## Output variables. ##
## ----------------- ##

ACLOCAL='${SHELL} /home/sirdevhazim/Projects/officals/LunerOS/OS/build-binutils/binutils-with-gold-2.46/missing aclocal-1.15'
AMDEPBACKSLASH='\'
AMDEP_FALSE='#'
AMDEP_TRUE=''
AMTAR='$${TAR-tar}'
AM_BACKSLASH='\'
AM_DEFAULT_V='$(AM_DEFAULT_VERBOSITY)'
AM_DEFAULT_VERBOSITY='0'
AM_V='$(V)'
AR='ar --plugin /usr/lib/gcc/x86_64-pc-linux-gnu/15.2.1/liblto_plugin.so'
AUTOCONF='${SHELL} /home/sirdevhazim/Projects/officals/LunerOS/OS/build-binutils/binutils-with-gold-2.46/missing autoconf'
AUTOHEADER='${SHELL} /home/sirdevhazim/Projects/officals/LunerOS/OS/build-binutils/binutils-with-gold-2.46/missing autoheader'
AUTOMAKE='${SHELL} /home/sirdevhazim/Projects/officals/LunerOS/OS/build-binutils/binutils-with-gold-2.46/missing automake-1.15'
AWK='gawk'
CATALOGS=''
CATOBJEXT=''
CC='gcc'
CCDEPMODE='depmode=gcc3'
CFLAGS='-g -O2    '
CPP='gcc -E'
CPPFLAGS=''
CYGPATH_W='echo'
DATADIRNAME=''
DEFS='-DHAVE_CONFIG_H'
DEPDIR='.deps'
DSYMUTIL='dsymutil'
DUMPBIN=''
ECHO_C=''
ECHO_N='-n'
ECHO_T=''
EGREP='/usr/bin/grep -E'
EXEEXT=''
FGREP='/usr/bin/grep -F'
GENCAT=''
GENINSRC_NEVER_FALSE=''
GENINSRC_NEVER_TRUE='#'
GMSGFMT='/usr/bin/msgfmt'
GREP='/usr/bin/grep'
INCINTL=''
INSTALL_DATA='/usr/bin/install -c -m 644'
INSTALL_PROGRAM='/usr/bin/install -c'
INSTALL_SCRIPT='/usr/bin/install -c'
INSTALL_STRIP_PROGRAM='$(install_sh) -c -s'
INSTOBJEXT=''
INTLLIBS=''
INTL_MACOSX_LIBS=''
LARGEFILE_CPPFLAGS=''
LD='ld -m elf_x86_64'
LDFLAGS=' '
LIBICONV='-liconv'
LIBINTL=''
LIBINTL_DEP=''
LIBOBJS=''
LIBS='-lm '
LIBTOOL='$(SHELL) $(top_builddir)/libtool'
LIPO=''
LLVM_CONFIG='llvm-config'
LN_S='ln -s'
LTLIBICONV='-liconv'
LTLIBINTL=''
LTLIBOBJS=''
MAINT='#'
MAINTAINER_MODE_FALSE=''
MAINTAINER_MODE_TRUE='#'
MAKEINFO='makeinfo --split-size=5000000'
MKDIR_P='/usr/bin/mkdir -p'
MKINSTALLDIRS='$(top_builddir)/./../mkinstalldirs'
MSGFMT='/usr/bin/msgfmt'
MSGMERGE='/usr/bin/msgmerge'
NATIVE_FALSE=''
NATIVE_TRUE='#'
NM='/usr/bin/nm --plugin /usr/lib/gcc/x86_64-pc-linux-gnu/15.2.1/liblto_plugin.so -B'
NMEDIT=''
NO_WERROR=''
OBJDUMP='objdump'
OBJEXT='o'
OTOOL64=''
OTOOL='otool'
PACKAGE='gprof'
PACKAGE_BUGREPORT=''
PACKAGE_NAME='gprof'
PACKAGE_STRING='gprof 2.46'
PACKAGE_TARNAME='gprof'
PACKAGE_URL=''
PACKAGE_VERSION='2.46'
PATH_SEPARATOR=':'
POSUB=''
RANLIB='ranlib --plugin /usr/lib/gcc/x86_64-pc-linux-gnu/15.2.1/liblto_plugin.so'
SED='/usr/bin/sed'
SET_MAKE=''
SHELL='/bin/sh'
STRIP='strip'
USE_NLS='no'
VERSION='2.46'
WARN_CFLAGS='-W -Wall -Wstrict-prototypes -Wmissing-prototypes -Wshadow -Wstack-usage=262144'
WARN_CFLAGS_FOR_BUILD='-W -Wall -Wstrict-prototypes -Wmissing-prototypes -Wshadow -Wstack-usage=262144'
WARN_WRITE_STRINGS='-Wwrite-strings'
XGETTEXT='/usr/bin/xgettext'
ac_ct_CC=''
ac_ct_DUMPBIN=''
am__EXEEXT_FALSE=''
am__EXEEXT_TRUE='#'
am__fastdepCC_FALSE='#'
am__fastdepCC_TRUE=''
am__include='include'
am__isrc=''
am__leading_dot='.'
am__nodep='_no'
am__quote=''
am__tar='$${TAR-tar} chof - "$$tardir"'
am__untar='$${TAR-tar} xf -'
bindir='${exec_prefix}/bin'
build='x86_64-pc-linux-gnu'
build_alias='x86_64-pc-linux-gnu'
build_cpu='x86_64'
build_os='linux-gnu'
build_vendor='pc'
datadir='${datarootdir}'
datarootdir='${prefix}/share'
docdir='${datarootdir}/doc/${PACKAGE_TARNAME}'
dvidir='${docdir}'
exec_prefix='${prefix}'
host='x86_64-pc-linux-gnu'
host_alias='x86_64-pc-linux-gnu'
host_cpu='x86_64'
host_os='linux-gnu'
host_vendor='pc'
htmldir='${docdir}'
includedir='${prefix}/include'
infodir='${datarootdir}/info'
install_sh='${SHELL} /home/sirdevhazim/Projects/officals/LunerOS/OS/build-binutils/binutils-with-gold-2.46/install-sh'
libdir='${exec_prefix}/lib'
libexecdir='${exec_prefix}/libexec'
localedir='${datarootdir}/locale'
localstatedir='${prefix}/var'
mandir='${datarootdir}/man'
mkdir_p='$(MKDIR_P)'
oldincludedir='/usr/include'
pdfdir='${docdir}'
prefix='/home/sirdevhazim/opt/cross'
program_transform_name='s&^&x86_64-elf-&'
psdir='${docdir}'
sbindir='${exec_prefix}/sbin'
sharedstatedir='${prefix}/com'
sysconfdir='${prefix}/etc'
target='x86_64-pc-elf'
target_alias='x86_64-elf'
target_cpu='x86_64'
target_os='elf'
target_vendor='pc'

## ----------- ##
## confdefs.h. ##
## ----------- ##

/* confdefs.h */
#define PACKAGE_NAME "gprof"
#define PACKAGE_TARNAME "gprof"
#define PACKAGE_VERSION "2.46"
#define PACKAGE_STRING "gprof 2.46"
#define PACKAGE_BUGREPORT ""
#define PACKAGE_URL ""
#define PACKAGE "gprof"
#define VERSION "2.46"
#define STDC_HEADERS 1
#define HAVE_SYS_TYPES_H 1
#define HAVE_SYS_STAT_H 1
#define HAVE_STDLIB_H 1
#define HAVE_STRING_H 1
#define HAVE_MEMORY_H 1
#define HAVE_STRINGS_H 1
#define HAVE_INTTYPES_H 1
#define HAVE_STDINT_H 1
#define HAVE_UNISTD_H 1
#define __EXTENSIONS__ 1
#define _ALL_SOURCE 1
#define _GNU_SOURCE 1
#define _POSIX_PTHREAD_SEMANTICS 1
#define _TANDEM_SOURCE 1
#define HAVE_DLFCN_H 1
#define LT_OBJDIR ".libs/"
#define HAVE_DLFCN_H 1
#define HAVE_SYS_TIME_H 1
#define HAVE_SETITIMER 1
#define HAVE_SYS_GMON_OUT_H 1
#define HAVE_DECL_GETOPT 1

configure: exit 0
