This file contains any messages produced by compilers while
running configure, to aid debugging if configure makes a mistake.

It was created by configure, which was
generated by GNU Autoconf 2.69.  Invocation command line was

  $ ./configure --target=x86_64-elf --prefix=/home/sirdevhazim/opt/cross --with-sysroot --disable-nls --disable-werror

## --------- ##
## Platform. ##
## --------- ##

hostname = archlinux
uname -m = x86_64
uname -r = 6.12.68-1-lts
uname -s = Linux
uname -v = #1 SMP PREEMPT_DYNAMIC Fri, 30 Jan 2026 11:42:40 +0000

/usr/bin/uname -p = unknown
/bin/uname -X     = unknown

/bin/arch              = unknown
/usr/bin/arch -k       = unknown
/usr/convex/getsysinfo = unknown
/usr/bin/hostinfo      = unknown
/bin/machine           = unknown
/usr/bin/oslevel       = unknown
/bin/universe          = unknown

PATH: /home/sirdevhazim/opt/cross/bin
PATH: /usr/local/bin
PATH: /usr/bin
PATH: /var/lib/snapd/snap/bin


## ----------- ##
## Core tests. ##
## ----------- ##

configure:2457: checking build system type
configure:2471: result: x86_64-pc-linux-gnu
configure:2518: checking host system type
configure:2531: result: x86_64-pc-linux-gnu
configure:2551: checking target system type
configure:2564: result: x86_64-pc-elf
configure:2617: checking for a BSD-compatible install
configure:2685: result: /usr/bin/install -c
configure:2696: checking whether ln works
configure:2718: result: yes
configure:2722: checking whether ln -s works
configure:2726: result: yes
configure:2733: checking for a sed that does not truncate output
configure:2797: result: /usr/bin/sed
configure:2806: checking for gawk
configure:2822: found /usr/bin/gawk
configure:2833: result: gawk
configure:4378: checking for gcc
configure:4394: found /usr/bin/gcc
configure:4405: result: gcc
configure:4634: checking for C compiler version
configure:4643: gcc --version >&5
gcc (GCC) 15.2.1 20260103
Copyright (C) 2025 Free Software Foundation, Inc.
This is free software; see the source for copying conditions.  There is NO
warranty; not even for MERCHANTABILITY or FITNESS FOR A PARTICULAR PURPOSE.

configure:4654: $? = 0
configure:4643: gcc -v >&5
Using built-in specs.
COLLECT_GCC=gcc
COLLECT_LTO_WRAPPER=/usr/lib/gcc/x86_64-pc-linux-gnu/15.2.1/lto-wrapper
Target: x86_64-pc-linux-gnu
Configured with: /build/gcc/src/gcc/configure --enable-languages=ada,c,c++,d,fortran,go,lto,m2,objc,obj-c++,rust,cobol --enable-bootstrap --prefix=/usr --libdir=/usr/lib --libexecdir=/usr/lib --mandir=/usr/share/man --infodir=/usr/share/info --with-bugurl=https://gitlab.archlinux.org/archlinux/packaging/packages/gcc/-/issues --with-build-config=bootstrap-lto --with-linker-hash-style=gnu --with-system-zlib --enable-__cxa_atexit --enable-cet=auto --enable-checking=release --enable-clocale=gnu --enable-default-pie --enable-default-ssp --enable-gnu-indirect-function --enable-gnu-unique-object --enable-libstdcxx-backtrace --enable-link-serialization=1 --enable-linker-build-id --enable-lto --enable-multilib --enable-plugin --enable-shared --enable-threads=posix --disable-libssp --disable-libstdcxx-pch --disable-werror
Thread model: posix
Supported LTO compression algorithms: zlib zstd
gcc version 15.2.1 20260103 (GCC) 
configure:4654: $? = 0
configure:4643: gcc -V >&5
gcc: error: unrecognized command-line option '-V'
gcc: fatal error: no input files
compilation terminated.
configure:4654: $? = 1
configure:4643: gcc -qversion >&5
gcc: error: unrecognized command-line option '-qversion'; did you mean '--version'?
gcc: fatal error: no input files
compilation terminated.
configure:4654: $? = 1
configure:4674: checking whether the C compiler works
configure:4696: gcc    conftest.c  >&5
configure:4700: $? = 0
configure:4748: result: yes
configure:4751: checking for C compiler default output file name
configure:4753: result: a.out
configure:4759: checking for suffix of executables
configure:4766: gcc -o conftest    conftest.c  >&5
configure:4770: $? = 0
configure:4792: result: 
configure:4814: checking whether we are cross compiling
configure:4822: gcc -o conftest    conftest.c  >&5
configure:4826: $? = 0
configure:4833: ./conftest
configure:4837: $? = 0
configure:4852: result: no
configure:4857: checking for suffix of object files
configure:4879: gcc -c   conftest.c >&5
configure:4883: $? = 0
configure:4904: result: o
configure:4908: checking whether we are using the GNU C compiler
configure:4927: gcc -c   conftest.c >&5
configure:4927: $? = 0
configure:4936: result: yes
configure:4945: checking whether gcc accepts -g
configure:4965: gcc -c -g  conftest.c >&5
configure:4965: $? = 0
configure:5006: result: yes
configure:5023: checking for gcc option to accept ISO C89
configure:5086: gcc  -c -g -O2  conftest.c >&5
conftest.c: In function 'e':
conftest.c:15:14: warning: old-style function definition [-Wold-style-definition]
   15 | static char *e (p, i)
      |              ^
configure:5086: $? = 0
configure:5099: result: none needed
configure:5119: checking for gcc option to accept ISO C99
configure:5268: gcc  -c -g -O2  conftest.c >&5
configure:5268: $? = 0
configure:5281: result: none needed
configure:5354: checking for g++
configure:5370: found /usr/bin/g++
configure:5381: result: g++
configure:5408: checking for C++ compiler version
configure:5417: g++ --version >&5
g++ (GCC) 15.2.1 20260103
Copyright (C) 2025 Free Software Foundation, Inc.
This is free software; see the source for copying conditions.  There is NO
warranty; not even for MERCHANTABILITY or FITNESS FOR A PARTICULAR PURPOSE.

configure:5428: $? = 0
configure:5417: g++ -v >&5
Using built-in specs.
COLLECT_GCC=g++
COLLECT_LTO_WRAPPER=/usr/lib/gcc/x86_64-pc-linux-gnu/15.2.1/lto-wrapper
Target: x86_64-pc-linux-gnu
Configured with: /build/gcc/src/gcc/configure --enable-languages=ada,c,c++,d,fortran,go,lto,m2,objc,obj-c++,rust,cobol --enable-bootstrap --prefix=/usr --libdir=/usr/lib --libexecdir=/usr/lib --mandir=/usr/share/man --infodir=/usr/share/info --with-bugurl=https://gitlab.archlinux.org/archlinux/packaging/packages/gcc/-/issues --with-build-config=bootstrap-lto --with-linker-hash-style=gnu --with-system-zlib --enable-__cxa_atexit --enable-cet=auto --enable-checking=release --enable-clocale=gnu --enable-default-pie --enable-default-ssp --enable-gnu-indirect-function --enable-gnu-unique-object --enable-libstdcxx-backtrace --enable-link-serialization=1 --enable-linker-build-id --enable-lto --enable-multilib --enable-plugin --enable-shared --enable-threads=posix --disable-libssp --disable-libstdcxx-pch --disable-werror
Thread model: posix
Supported LTO compression algorithms: zlib zstd
gcc version 15.2.1 20260103 (GCC) 
configure:5428: $? = 0
configure:5417: g++ -V >&5
g++: error: unrecognized command-line option '-V'
g++: fatal error: no input files
compilation terminated.
configure:5428: $? = 1
configure:5417: g++ -qversion >&5
g++: error: unrecognized command-line option '-qversion'; did you mean '--version'?
g++: fatal error: no input files
compilation terminated.
configure:5428: $? = 1
configure:5432: checking whether we are using the GNU C++ compiler
configure:5451: g++ -c   conftest.cpp >&5
configure:5451: $? = 0
configure:5460: result: yes
configure:5469: checking whether g++ accepts -g
configure:5489: g++ -c -g  conftest.cpp >&5
configure:5489: $? = 0
configure:5530: result: yes
configure:5579: checking whether g++ accepts -static-libstdc++ -static-libgcc
configure:5596: g++ -o conftest -g -O2   -static-libstdc++ -static-libgcc conftest.cpp  >&5
configure:5596: $? = 0
configure:5597: result: yes
configure:5661: checking for gnatbind
configure:5691: result: no
configure:5753: checking for gnatmake
configure:5783: result: no
configure:5802: checking whether compiler driver understands Ada and is recent enough
configure:5829: result: no
configure:5883: checking for gdc
configure:5913: result: no
configure:5932: checking whether the D compiler works
configure:5949: result: no
configure:5961: checking for cargo
configure:5991: result: no
configure:6005: checking how to compare bootstrapped objects
configure:6030: result: cmp --ignore-initial=16 $$f1 $$f2
configure:8894: checking for objdir
configure:8909: result: .libs
configure:9525: checking for isl 0.15 or later
configure:9538: gcc -o conftest -g -O2      -lisl -lmpfr -lgmp conftest.c  -lisl -lgmp >&5
configure:9538: $? = 0
configure:9545: result: yes
configure:9767: checking whether to enable libgdiagnostics
configure:9799: result: no
configure:9812: checking for library containing dlopen
configure:9843: gcc -o conftest -g -O2   conftest.c  >&5
configure:9843: $? = 0
configure:9860: result: none required
configure:9868: checking for library containing pthread_create
configure:9899: gcc -o conftest -g -O2   conftest.c  >&5
configure:9899: $? = 0
configure:9916: result: none required
configure:11014: checking for default BUILD_CONFIG
configure:11046: result: 
configure:11051: checking for --enable-vtable-verify
configure:11064: result: no
configure:11761: checking for bison
configure:11777: found /usr/bin/bison
configure:11788: result: bison -y
configure:11808: checking for bison
configure:11824: found /usr/bin/bison
configure:11835: result: bison
configure:11855: checking for gm4
configure:11885: result: no
configure:11855: checking for gnum4
configure:11885: result: no
configure:11855: checking for m4
configure:11871: found /usr/bin/m4
configure:11882: result: m4
configure:11902: checking for flex
configure:11918: found /usr/bin/flex
configure:11929: result: flex
configure:11950: checking for flex
configure:11966: found /usr/bin/flex
configure:11977: result: flex
configure:11997: checking for makeinfo
configure:12013: found /usr/bin/makeinfo
configure:12024: result: makeinfo
configure:12058: checking for expect
configure:12088: result: no
configure:12107: checking for runtest
configure:12137: result: no
configure:12252: checking for ar
configure:12268: found /usr/bin/ar
configure:12279: result: ar
configure:12393: checking for as
configure:12409: found /usr/bin/as
configure:12420: result: as
configure:12534: checking for dlltool
configure:12564: result: no
configure:12675: checking for dsymutil
configure:12691: found /usr/bin/dsymutil
configure:12702: result: dsymutil
configure:12816: checking for ld
configure:12832: found /usr/bin/ld
configure:12843: result: ld
configure:12957: checking for lipo
configure:12987: result: no
configure:13098: checking for nm
configure:13114: found /usr/bin/nm
configure:13125: result: nm
configure:13239: checking for ranlib
configure:13255: found /usr/bin/ranlib
configure:13266: result: ranlib
configure:13375: checking for strip
configure:13391: found /usr/bin/strip
configure:13402: result: strip
configure:13511: checking for windres
configure:13541: result: no
configure:13652: checking for windmc
configure:13682: result: no
configure:13793: checking for objcopy
configure:13809: found /usr/bin/objcopy
configure:13820: result: objcopy
configure:13934: checking for objdump
configure:13950: found /usr/bin/objdump
configure:13961: result: objdump
configure:14075: checking for otool
configure:14105: result: no
configure:14216: checking for readelf
configure:14232: found /usr/bin/readelf
configure:14243: result: readelf
configure:14280: checking how to run the C preprocessor
configure:14311: gcc -E  conftest.c
configure:14311: $? = 0
configure:14325: gcc -E  conftest.c
conftest.c:10:10: fatal error: ac_nonexistent.h: No such file or directory
   10 | #include <ac_nonexistent.h>
      |          ^~~~~~~~~~~~~~~~~~
compilation terminated.
configure:14325: $? = 1
configure: failed program was:
| /* confdefs.h */
| #define PACKAGE_NAME ""
| #define PACKAGE_TARNAME ""
| #define PACKAGE_VERSION ""
| #define PACKAGE_STRING ""
| #define PACKAGE_BUGREPORT ""
| #define PACKAGE_URL ""
| #define LT_OBJDIR ".libs/"
| /* end confdefs.h.  */
| #include <ac_nonexistent.h>
configure:14350: result: gcc -E
configure:14370: gcc -E  conftest.c
configure:14370: $? = 0
configure:14384: gcc -E  conftest.c
conftest.c:10:10: fatal error: ac_nonexistent.h: No such file or directory
   10 | #include <ac_nonexistent.h>
      |          ^~~~~~~~~~~~~~~~~~
compilation terminated.
configure:14384: $? = 1
configure: failed program was:
| /* confdefs.h */
| #define PACKAGE_NAME ""
| #define PACKAGE_TARNAME ""
| #define PACKAGE_VERSION ""
| #define PACKAGE_STRING ""
| #define PACKAGE_BUGREPORT ""
| #define PACKAGE_URL ""
| #define LT_OBJDIR ".libs/"
| /* end confdefs.h.  */
| #include <ac_nonexistent.h>
configure:14413: checking for grep that handles long lines and -e
configure:14471: result: /usr/bin/grep
configure:14476: checking for egrep
configure:14538: result: /usr/bin/grep -E
configure:14543: checking for clang
configure:14566: result: no
configure:14611: checking for llvm-config
configure:14627: found /usr/bin/llvm-config
configure:14638: result: llvm-config
configure:14890: checking for -plugin option
configure:14908: result: --plugin /usr/lib/gcc/x86_64-pc-linux-gnu/15.2.1/liblto_plugin.so
configure:15028: checking for x86_64-elf-cc
configure:15058: result: no
configure:15028: checking for x86_64-elf-gcc
configure:15058: result: no
configure:15189: checking for x86_64-elf-c++
configure:15219: result: no
configure:15189: checking for x86_64-elf-g++
configure:15219: result: no
configure:15189: checking for x86_64-elf-cxx
configure:15219: result: no
configure:15189: checking for x86_64-elf-gxx
configure:15219: result: no
configure:15350: checking for x86_64-elf-gcc
configure:15380: result: no
configure:15506: checking for x86_64-elf-gfortran
configure:15536: result: no
configure:15667: checking for x86_64-elf-gccgo
configure:15697: result: no
configure:15828: checking for x86_64-elf-gdc
configure:15858: result: no
configure:15989: checking for x86_64-elf-gm2
configure:16019: result: no
configure:16230: checking for x86_64-elf-ar
configure:16260: result: no
configure:16460: checking for x86_64-elf-as
configure:16490: result: no
configure:16690: checking for x86_64-elf-dlltool
configure:16720: result: no
configure:16920: checking for x86_64-elf-dsymutil
configure:16950: result: no
configure:17150: checking for x86_64-elf-ld
configure:17180: result: no
configure:17380: checking for x86_64-elf-lipo
configure:17410: result: no
configure:17610: checking for x86_64-elf-nm
configure:17640: result: no
configure:17840: checking for x86_64-elf-objcopy
configure:17870: result: no
configure:18070: checking for x86_64-elf-objdump
configure:18100: result: no
configure:18300: checking for x86_64-elf-otool
configure:18330: result: no
configure:18530: checking for x86_64-elf-ranlib
configure:18560: result: no
configure:18760: checking for x86_64-elf-readelf
configure:18790: result: no
configure:18990: checking for x86_64-elf-strip
configure:19020: result: no
configure:19220: checking for x86_64-elf-windres
configure:19250: result: no
configure:19450: checking for x86_64-elf-windmc
configure:19480: result: no
configure:19547: checking where to find the target ar
configure:19570: result: just compiled
configure:19589: checking where to find the target as
configure:19612: result: just compiled
configure:19631: checking where to find the target cc
configure:19668: result: pre-installed
configure:19767: checking where to find the target c++
configure:19807: result: pre-installed
configure:19812: checking where to find the target c++ for libstdc++
configure:19852: result: pre-installed
configure:19859: checking where to find the target dlltool
configure:19882: result: just compiled
configure:19901: checking where to find the target dsymutil
configure:19927: result: pre-installed
configure:19932: checking where to find the target gcc
configure:19969: result: pre-installed
configure:19974: checking where to find the target gfortran
configure:20014: result: pre-installed
configure:20019: checking where to find the target gccgo
configure:20059: result: pre-installed
configure:20064: checking where to find the target gdc
configure:20104: result: pre-installed
configure:20109: checking where to find the target gm2
configure:20149: result: pre-installed
configure:20154: checking where to find the target ld
configure:20177: result: just compiled
configure:20196: checking where to find the target lipo
configure:20222: result: pre-installed
configure:20227: checking where to find the target nm
configure:20250: result: just compiled
configure:20269: checking where to find the target objcopy
configure:20292: result: just compiled
configure:20311: checking where to find the target objdump
configure:20334: result: just compiled
configure:20353: checking where to find the target otool
configure:20379: result: pre-installed
configure:20384: checking where to find the target ranlib
configure:20407: result: just compiled
configure:20426: checking where to find the target readelf
configure:20449: result: just compiled
configure:20468: checking where to find the target strip
configure:20491: result: just compiled
configure:20510: checking where to find the target windres
configure:20533: result: just compiled
configure:20552: checking where to find the target windmc
configure:20575: result: just compiled
configure:20611: checking for clang for target
configure:20632: x86_64-elf-cc -c -g -O2  conftest.c >&5
./configure: line 1846: x86_64-elf-cc: command not found
configure:20632: $? = 127
configure: failed program was:
| /* confdefs.h */
| #define PACKAGE_NAME ""
| #define PACKAGE_TARNAME ""
| #define PACKAGE_VERSION ""
| #define PACKAGE_STRING ""
| #define PACKAGE_BUGREPORT ""
| #define PACKAGE_URL ""
| #define LT_OBJDIR ".libs/"
| /* end confdefs.h.  */
| 
| #ifndef __clang__
| #error Not clang
| #endif
| 
| int
| main ()
| {
| 
|   ;
|   return 0;
| }
configure:20639: result: no
configure:20710: checking for gcc for target
configure:20727: x86_64-elf-cc -c -g -O2  conftest.c >&5
./configure: line 1846: x86_64-elf-cc: command not found
configure:20727: $? = 127
configure: failed program was:
| /* confdefs.h */
| #define PACKAGE_NAME ""
| #define PACKAGE_TARNAME ""
| #define PACKAGE_VERSION ""
| #define PACKAGE_STRING ""
| #define PACKAGE_BUGREPORT ""
| #define PACKAGE_URL ""
| #define LT_OBJDIR ".libs/"
| /* end confdefs.h.  */
| 
| int
| main ()
| {
| 
|   ;
|   return 0;
| }
configure:20734: result: no
configure:20737: checking for target -plugin option
configure:20754: result: no
configure:20795: checking whether to enable maintainer-specific portions of Makefiles
configure:20804: result: no
configure:21050: creating ./config.status

## ---------------------- ##
## Running config.status. ##
## ---------------------- ##

This file was extended by config.status, which was
generated by GNU Autoconf 2.69.  Invocation command line was

  CONFIG_FILES    = 
  CONFIG_HEADERS  = 
  CONFIG_LINKS    = 
  CONFIG_COMMANDS = 
  $ ./config.status 

on archlinux

config.status:1012: creating Makefile

## ---------------- ##
## Cache variables. ##
## ---------------- ##

ac_cv_build=x86_64-pc-linux-gnu
ac_cv_c_compiler_gnu=yes
ac_cv_cxx_compiler_gnu=yes
ac_cv_env_AR_FOR_TARGET_set=
ac_cv_env_AR_FOR_TARGET_value=
ac_cv_env_AR_set=
ac_cv_env_AR_value=
ac_cv_env_AS_FOR_TARGET_set=
ac_cv_env_AS_FOR_TARGET_value=
ac_cv_env_AS_set=
ac_cv_env_AS_value=
ac_cv_env_CCC_set=
ac_cv_env_CCC_value=
ac_cv_env_CC_FOR_TARGET_set=
ac_cv_env_CC_FOR_TARGET_value=
ac_cv_env_CC_set=
ac_cv_env_CC_value=
ac_cv_env_CFLAGS_set=
ac_cv_env_CFLAGS_value=
ac_cv_env_CPPFLAGS_set=
ac_cv_env_CPPFLAGS_value=
ac_cv_env_CPP_set=
ac_cv_env_CPP_value=
ac_cv_env_CXXFLAGS_set=
ac_cv_env_CXXFLAGS_value=
ac_cv_env_CXX_FOR_TARGET_set=
ac_cv_env_CXX_FOR_TARGET_value=
ac_cv_env_CXX_set=
ac_cv_env_CXX_value=
ac_cv_env_DLLTOOL_FOR_TARGET_set=
ac_cv_env_DLLTOOL_FOR_TARGET_value=
ac_cv_env_DLLTOOL_set=
ac_cv_env_DLLTOOL_value=
ac_cv_env_DSYMUTIL_FOR_TARGET_set=
ac_cv_env_DSYMUTIL_FOR_TARGET_value=
ac_cv_env_DSYMUTIL_set=
ac_cv_env_DSYMUTIL_value=
ac_cv_env_GCC_FOR_TARGET_set=
ac_cv_env_GCC_FOR_TARGET_value=
ac_cv_env_GDC_FOR_TARGET_set=
ac_cv_env_GDC_FOR_TARGET_value=
ac_cv_env_GFORTRAN_FOR_TARGET_set=
ac_cv_env_GFORTRAN_FOR_TARGET_value=
ac_cv_env_GM2_FOR_TARGET_set=
ac_cv_env_GM2_FOR_TARGET_value=
ac_cv_env_GOC_FOR_TARGET_set=
ac_cv_env_GOC_FOR_TARGET_value=
ac_cv_env_LDFLAGS_set=
ac_cv_env_LDFLAGS_value=
ac_cv_env_LD_FOR_TARGET_set=
ac_cv_env_LD_FOR_TARGET_value=
ac_cv_env_LD_set=
ac_cv_env_LD_value=
ac_cv_env_LIBS_set=
ac_cv_env_LIBS_value=
ac_cv_env_LIPO_FOR_TARGET_set=
ac_cv_env_LIPO_FOR_TARGET_value=
ac_cv_env_LIPO_set=
ac_cv_env_LIPO_value=
ac_cv_env_NM_FOR_TARGET_set=
ac_cv_env_NM_FOR_TARGET_value=
ac_cv_env_NM_set=
ac_cv_env_NM_value=
ac_cv_env_OBJCOPY_FOR_TARGET_set=
ac_cv_env_OBJCOPY_FOR_TARGET_value=
ac_cv_env_OBJCOPY_set=
ac_cv_env_OBJCOPY_value=
ac_cv_env_OBJDUMP_FOR_TARGET_set=
ac_cv_env_OBJDUMP_FOR_TARGET_value=
ac_cv_env_OBJDUMP_set=
ac_cv_env_OBJDUMP_value=
ac_cv_env_OTOOL_FOR_TARGET_set=
ac_cv_env_OTOOL_FOR_TARGET_value=
ac_cv_env_OTOOL_set=
ac_cv_env_OTOOL_value=
ac_cv_env_RANLIB_FOR_TARGET_set=
ac_cv_env_RANLIB_FOR_TARGET_value=
ac_cv_env_RANLIB_set=
ac_cv_env_RANLIB_value=
ac_cv_env_READELF_FOR_TARGET_set=
ac_cv_env_READELF_FOR_TARGET_value=
ac_cv_env_READELF_set=
ac_cv_env_READELF_value=
ac_cv_env_STRIP_FOR_TARGET_set=
ac_cv_env_STRIP_FOR_TARGET_value=
ac_cv_env_STRIP_set=
ac_cv_env_STRIP_value=
ac_cv_env_WINDMC_FOR_TARGET_set=
ac_cv_env_WINDMC_FOR_TARGET_value=
ac_cv_env_WINDMC_set=
ac_cv_env_WINDMC_value=
ac_cv_env_WINDRES_FOR_TARGET_set=
ac_cv_env_WINDRES_FOR_TARGET_value=
ac_cv_env_WINDRES_set=
ac_cv_env_WINDRES_value=
ac_cv_env_build_alias_set=
ac_cv_env_build_alias_value=
ac_cv_env_build_configargs_set=
ac_cv_env_build_configargs_value=
ac_cv_env_host_alias_set=
ac_cv_env_host_alias_value=
ac_cv_env_host_configargs_set=
ac_cv_env_host_configargs_value=
ac_cv_env_target_alias_set=set
ac_cv_env_target_alias_value=x86_64-elf
ac_cv_env_target_configargs_set=
ac_cv_env_target_configargs_value=
ac_cv_host=x86_64-pc-linux-gnu
ac_cv_objext=o
ac_cv_path_EGREP='/usr/bin/grep -E'
ac_cv_path_GREP=/usr/bin/grep
ac_cv_path_SED=/usr/bin/sed
ac_cv_path_install='/usr/bin/install -c'
ac_cv_prog_AR=ar
ac_cv_prog_AS=as
ac_cv_prog_AWK=gawk
ac_cv_prog_BISON=bison
ac_cv_prog_CPP='gcc -E'
ac_cv_prog_DSYMUTIL=dsymutil
ac_cv_prog_FLEX=flex
ac_cv_prog_LD=ld
ac_cv_prog_LEX=flex
ac_cv_prog_M4=m4
ac_cv_prog_MAKEINFO=makeinfo
ac_cv_prog_NM=nm
ac_cv_prog_OBJCOPY=objcopy
ac_cv_prog_OBJDUMP=objdump
ac_cv_prog_RANLIB=ranlib
ac_cv_prog_READELF=readelf
ac_cv_prog_STRIP=strip
ac_cv_prog_YACC='bison -y'
ac_cv_prog_ac_ct_CC=gcc
ac_cv_prog_ac_ct_CXX=g++
ac_cv_prog_ac_ct_LLVM_CONFIG=llvm-config
ac_cv_prog_cc_c89=
ac_cv_prog_cc_c99=
ac_cv_prog_cc_g=yes
ac_cv_prog_cxx_g=yes
ac_cv_search_dlopen='none required'
ac_cv_search_pthread_create='none required'
ac_cv_target=x86_64-pc-elf
acx_cv_cc_gcc_supports_ada=no
acx_cv_d_compiler_works=no
acx_cv_prog_LN=ln
clang_cv_is_clang=no
clang_target_cv_working=no
gcc_cv_isl=yes
gcc_cv_prog_cmp_skip='cmp --ignore-initial=16 $$f1 $$f2'
gcc_cv_tool_dirs=
gcc_cv_tool_prefix=/home/sirdevhazim/opt/cross
gcc_target_cv_working=no
lt_cv_objdir=.libs

## ----------------- ##
## Output variables. ##
## ----------------- ##

AR='ar'
AR_FOR_BUILD='$(AR)'
AR_FOR_TARGET='$$r/$(HOST_SUBDIR)/binutils/ar'
AR_PLUGIN_OPTION='--plugin /usr/lib/gcc/x86_64-pc-linux-gnu/15.2.1/liblto_plugin.so'
AR_PLUGIN_OPTION_FOR_TARGET=''
AS='as'
AS_FOR_BUILD='$(AS)'
AS_FOR_TARGET='$$r/$(HOST_SUBDIR)/gas/as-new'
AWK='gawk'
BISON='bison'
BUILD_CONFIG=''
CARGO='no'
CC='gcc'
CC_FOR_BUILD='$(CC)'
CC_FOR_TARGET='x86_64-elf-cc'
CFLAGS='-g -O2'
CFLAGS_FOR_BUILD='-g -O2'
CFLAGS_FOR_TARGET='-g -O2'
COMPILER_AS_FOR_TARGET='$(AS_FOR_TARGET)'
COMPILER_LD_FOR_TARGET='$(LD_FOR_TARGET)'
COMPILER_NM_FOR_TARGET='$(NM_FOR_TARGET)'
CONFIGURE_GDB_TK=''
CPP='gcc -E'
CPPFLAGS=''
CPPFLAGS_FOR_BUILD=''
CPP_FOR_BUILD=''
CRAB1_LIBS=''
CXX='g++'
CXXFLAGS='-g -O2'
CXXFLAGS_FOR_BUILD='-g -O2'
CXXFLAGS_FOR_TARGET='-g -O2'
CXX_FOR_BUILD='$(CXX)'
CXX_FOR_TARGET='x86_64-elf-c++'
DEBUG_PREFIX_CFLAGS_FOR_TARGET=''
DEFS='-DPACKAGE_NAME=\"\" -DPACKAGE_TARNAME=\"\" -DPACKAGE_VERSION=\"\" -DPACKAGE_STRING=\"\" -DPACKAGE_BUGREPORT=\"\" -DPACKAGE_URL=\"\" -DLT_OBJDIR=\".libs/\"'
DLLTOOL='dlltool'
DLLTOOL_FOR_BUILD='$(DLLTOOL)'
DLLTOOL_FOR_TARGET='$$r/$(HOST_SUBDIR)/binutils/dlltool'
DSYMUTIL='dsymutil'
DSYMUTIL_FOR_BUILD='$(DSYMUTIL)'
DSYMUTIL_FOR_TARGET='x86_64-elf-dsymutil'
ECHO_C=''
ECHO_N='-n'
ECHO_T=''
EGREP='/usr/bin/grep -E'
EXEEXT=''
EXPECT='expect'
FLAGS_FOR_TARGET=' -L$$r/$(HOST_SUBDIR)/ld'
FLEX='flex'
GCC_FOR_TARGET='x86_64-elf-gcc'
GCC_SHLIB_SUBDIR=''
GDB_TK=''
GDC='no'
GDCFLAGS='-g -O2'
GDC_FOR_BUILD='$(GDC)'
GDC_FOR_TARGET='x86_64-elf-gdc'
GFORTRAN_FOR_BUILD='$(GFORTRAN)'
GFORTRAN_FOR_TARGET='x86_64-elf-gfortran'
GM2_FOR_TARGET='x86_64-elf-gm2'
GNATBIND='no'
GNATMAKE='no'
GNATMAKE_FOR_BUILD='$(GNATMAKE)'
GOC_FOR_BUILD='$(GOC)'
GOC_FOR_TARGET='x86_64-elf-gccgo'
GREP='/usr/bin/grep'
HAVE_CXX14=''
HAVE_CXX14_FOR_BUILD=''
INSTALL_DATA='${INSTALL} -m 644'
INSTALL_GDB_TK=''
INSTALL_PROGRAM='${INSTALL}'
INSTALL_SCRIPT='${INSTALL}'
LD='ld'
LDFLAGS=''
LDFLAGS_FOR_BUILD=''
LDFLAGS_FOR_TARGET=''
LD_FOR_BUILD='$(LD)'
LD_FOR_TARGET='$$r/$(HOST_SUBDIR)/ld/ld-new'
LEX='flex'
LIBOBJS=''
LIBS=''
LIPO='lipo'
LIPO_FOR_TARGET='x86_64-elf-lipo'
LLVM_CONFIG='llvm-config'
LLVM_CONFIG_FOR_TARGET=''
LN='ln'
LN_S='ln -s'
LTLIBOBJS=''
M4='m4'
MAINT='#'
MAINTAINER_MODE_FALSE=''
MAINTAINER_MODE_TRUE='#'
MAKEINFO='makeinfo'
NM='nm'
NM_FOR_BUILD='$(NM)'
NM_FOR_TARGET='$$r/$(HOST_SUBDIR)/binutils/nm-new'
NM_PLUGIN_OPTION='--plugin /usr/lib/gcc/x86_64-pc-linux-gnu/15.2.1/liblto_plugin.so'
NM_PLUGIN_OPTION_FOR_TARGET=''
OBJCOPY='objcopy'
OBJCOPY_FOR_TARGET='$$r/$(HOST_SUBDIR)/binutils/objcopy'
OBJDUMP='objdump'
OBJDUMP_FOR_TARGET='$$r/$(HOST_SUBDIR)/binutils/objdump'
OBJEXT='o'
OTOOL='otool'
OTOOL_FOR_TARGET='x86_64-elf-otool'
PACKAGE_BUGREPORT=''
PACKAGE_NAME=''
PACKAGE_STRING=''
PACKAGE_TARNAME=''
PACKAGE_URL=''
PACKAGE_VERSION=''
PATH_SEPARATOR=':'
PGO_BUILD_GEN_CFLAGS=''
PGO_BUILD_LTO_CFLAGS=''
PGO_BUILD_USE_CFLAGS=''
PICFLAG=''
PKG_CONFIG_PATH=''
RANLIB='ranlib'
RANLIB_FOR_BUILD='$(RANLIB)'
RANLIB_FOR_TARGET='$$r/$(HOST_SUBDIR)/binutils/ranlib'
RANLIB_PLUGIN_OPTION='--plugin /usr/lib/gcc/x86_64-pc-linux-gnu/15.2.1/liblto_plugin.so'
RANLIB_PLUGIN_OPTION_FOR_TARGET=''
RAW_CXX_FOR_TARGET='x86_64-elf-c++'
READELF='readelf'
READELF_FOR_TARGET='$$r/$(HOST_SUBDIR)/binutils/readelf'
RPATH_ENVVAR='LD_LIBRARY_PATH'
RUNTEST='runtest'
SED='/usr/bin/sed'
SHELL='/bin/sh'
STRIP='strip'
STRIP_FOR_TARGET='$$r/$(HOST_SUBDIR)/binutils/strip-new'
SYSROOT_CFLAGS_FOR_TARGET=''
TOPLEVEL_CONFIGURE_ARGUMENTS='./configure --target=x86_64-elf --prefix=/home/sirdevhazim/opt/cross --with-sysroot --disable-nls --disable-werror'
WINDMC='windmc'
WINDMC_FOR_BUILD='$(WINDMC)'
WINDMC_FOR_TARGET='$$r/$(HOST_SUBDIR)/binutils/windmc'
WINDRES='windres'
WINDRES_FOR_BUILD='$(WINDRES)'
WINDRES_FOR_TARGET='$$r/$(HOST_SUBDIR)/binutils/windres'
YACC='bison -y'
ac_ct_CC='gcc'
ac_ct_CXX='g++'
bindir='${exec_prefix}/bin'
build='x86_64-pc-linux-gnu'
build_alias=''
build_configargs=' --cache-file=./config.cache '\''--prefix=/home/sirdevhazim/opt/cross'\'' '\''--with-sysroot'\'' '\''--disable-nls'\'' '\''--disable-werror'\'' --program-transform-name='\''s&^&x86_64-elf-&'\'' --disable-option-checking --disable-year2038'
build_configdirs=' libiberty'
build_cpu='x86_64'
build_libsubdir='build-x86_64-pc-linux-gnu'
build_noncanonical='x86_64-pc-linux-gnu'
build_os='linux-gnu'
build_subdir='build-x86_64-pc-linux-gnu'
build_tooldir='${exec_prefix}/x86_64-elf'
build_vendor='pc'
compare_exclusions='gcc/cc*-checksum$(objext) | gcc/ada/*tools/* | gcc/m2/gm2-compiler-boot/M2Version* | gcc/m2/gm2-compiler-boot/SYSTEM* | gcc/m2/gm2version* | gcc/cobol/parse$(objext)'
configdirs=' libiberty opcodes bfd zlib libctf libsframe binutils gas ld gprof etc'
cpu_type='i386'
datadir='${datarootdir}'
datarootdir='${prefix}/share'
do_compare='cmp --ignore-initial=16 $$f1 $$f2'
docdir='${datarootdir}/doc/${PACKAGE}'
dvidir='${docdir}'
enable_libgdiagnostics='no'
exec_prefix='${prefix}'
extra_host_libiberty_configure_flags=''
extra_host_zlib_configure_flags=''
extra_isl_gmp_configure_flags=''
extra_linker_plugin_configure_flags=''
extra_linker_plugin_flags=''
extra_mpc_gmp_configure_flags=''
extra_mpc_mpfr_configure_flags=''
extra_mpfr_configure_flags=''
gcc_host_pie=''
get_gcc_base_ver='cat'
gmpinc=''
gmplibs='-lmpfr -lgmp'
host='x86_64-pc-linux-gnu'
host_alias=''
host_configargs=' --cache-file=./config.cache  --with-gnu-as --with-gnu-ld '\''--prefix=/home/sirdevhazim/opt/cross'\'' '\''--with-sysroot'\'' '\''--disable-nls'\'' '\''--disable-werror'\'' --program-transform-name='\''s&^&x86_64-elf-&'\'' --disable-option-checking --disable-year2038'
host_cpu='x86_64'
host_libs_picflag=''
host_noncanonical='x86_64-pc-linux-gnu'
host_os='linux-gnu'
host_pie='no'
host_shared='no'
host_subdir='.'
host_vendor='pc'
htmldir='${docdir}'
includedir='${prefix}/include'
infodir='${datarootdir}/info'
islinc=''
isllibs=' -lisl'
libdir='${exec_prefix}/lib'
libexecdir='${exec_prefix}/libexec'
localedir='${datarootdir}/locale'
localstatedir='${prefix}/var'
mandir='${datarootdir}/man'
oldincludedir='/usr/include'
pdfdir='${docdir}'
poststage1_ldflags='-static-libstdc++ -static-libgcc'
poststage1_libs=''
prefix='/home/sirdevhazim/opt/cross'
program_transform_name='s&^&x86_64-elf-&'
psdir='${docdir}'
sbindir='${exec_prefix}/sbin'
sharedstatedir='${prefix}/com'
stage1_cflags='-g'
stage1_checking='--enable-checking=yes,types'
stage1_languages=',c,'
stage1_ldflags=''
stage1_libs=''
stage2_werror_flag=''
sysconfdir='${prefix}/etc'
target='x86_64-pc-elf'
target_alias='x86_64-elf'
target_configargs='--cache-file=./config.cache --enable-multilib --with-cross-host=x86_64-pc-linux-gnu   '\''--prefix=/home/sirdevhazim/opt/cross'\'' '\''--with-sysroot'\'' '\''--disable-nls'\'' '\''--disable-werror'\'' --program-transform-name='\''s&^&x86_64-elf-&'\'' --disable-option-checking --disable-year2038'
target_configdirs=''
target_cpu='x86_64'
target_noncanonical='x86_64-elf'
target_os='elf'
target_subdir='x86_64-elf'
target_vendor='pc'
tooldir='${exec_prefix}/x86_64-elf'

## ------------------- ##
## File substitutions. ##
## ------------------- ##

alphaieee_frag='/dev/null'
host_makefile_frag='/dev/null'
ospace_frag='/dev/null'
serialization_dependencies='serdep.tmp'
target_makefile_frag='/dev/null'

## ----------- ##
## confdefs.h. ##
## ----------- ##

/* confdefs.h */
#define PACKAGE_NAME ""
#define PACKAGE_TARNAME ""
#define PACKAGE_VERSION ""
#define PACKAGE_STRING ""
#define PACKAGE_BUGREPORT ""
#define PACKAGE_URL ""
#define LT_OBJDIR ".libs/"

configure: exit 0
