This file contains any messages produced by compilers while
running configure, to aid debugging if configure makes a mistake.

It was created by bfd configure 2.46, which was
generated by GNU Autoconf 2.69.  Invocation command line was

  $ /home/sirdevhazim/Projects/officals/LunerOS/OS/build-binutils/binutils-with-gold-2.46/bfd/configure --srcdir=.././bfd --cache-file=./config.cache --with-gnu-as --with-gnu-ld --prefix=/home/sirdevhazim/opt/cross --with-sysroot --disable-nls --disable-werror --program-transform-name=s&^&x86_64-elf-& --disable-option-checking --disable-year2038 --build=x86_64-pc-linux-gnu --host=x86_64-pc-linux-gnu --target=x86_64-elf

## --------- ##
## Platform. ##
## --------- ##

hostname = archlinux
uname -m = x86_64
uname -r = 6.12.68-1-lts
uname -s = Linux
uname -v = #1 SMP PREEMPT_DYNAMIC Fri, 30 Jan 2026 11:42:40 +0000

/usr/bin/uname -p = unknown
/bin/uname -X     = unknown

/bin/arch              = unknown
/usr/bin/arch -k       = unknown
/usr/convex/getsysinfo = unknown
/usr/bin/hostinfo      = unknown
/bin/machine           = unknown
/usr/bin/oslevel       = unknown
/bin/universe          = unknown

PATH: /home/sirdevhazim/opt/cross/bin
PATH: /usr/local/bin
PATH: /usr/bin
PATH: /var/lib/snapd/snap/bin


## ----------- ##
## Core tests. ##
## ----------- ##

configure:2498: creating cache ./config.cache
configure:2613: checking build system type
configure:2627: result: x86_64-pc-linux-gnu
configure:2647: checking host system type
configure:2660: result: x86_64-pc-linux-gnu
configure:2680: checking target system type
configure:2693: result: x86_64-pc-elf
configure:2736: checking for a BSD-compatible install
configure:2804: result: /usr/bin/install -c
configure:2815: checking whether build environment is sane
configure:2870: result: yes
configure:3021: checking for a thread-safe mkdir -p
configure:3060: result: /usr/bin/mkdir -p
configure:3067: checking for gawk
configure:3094: result: gawk
configure:3105: checking whether make sets $(MAKE)
configure:3127: result: yes
configure:3156: checking whether make supports nested variables
configure:3173: result: yes
configure:3310: checking whether make supports nested variables
configure:3327: result: yes
configure:3342: checking for x86_64-pc-linux-gnu-ar
configure:3369: result: ar --plugin /usr/lib/gcc/x86_64-pc-linux-gnu/15.2.1/liblto_plugin.so
configure:3434: checking for x86_64-pc-linux-gnu-ranlib
configure:3461: result: ranlib --plugin /usr/lib/gcc/x86_64-pc-linux-gnu/15.2.1/liblto_plugin.so
configure:3564: checking for x86_64-pc-linux-gnu-gcc
configure:3591: result: gcc
configure:3860: checking for C compiler version
configure:3869: gcc --version >&5
gcc (GCC) 15.2.1 20260103
Copyright (C) 2025 Free Software Foundation, Inc.
This is free software; see the source for copying conditions.  There is NO
warranty; not even for MERCHANTABILITY or FITNESS FOR A PARTICULAR PURPOSE.

configure:3880: $? = 0
configure:3869: gcc -v >&5
Using built-in specs.
COLLECT_GCC=gcc
COLLECT_LTO_WRAPPER=/usr/lib/gcc/x86_64-pc-linux-gnu/15.2.1/lto-wrapper
Target: x86_64-pc-linux-gnu
Configured with: /build/gcc/src/gcc/configure --enable-languages=ada,c,c++,d,fortran,go,lto,m2,objc,obj-c++,rust,cobol --enable-bootstrap --prefix=/usr --libdir=/usr/lib --libexecdir=/usr/lib --mandir=/usr/share/man --infodir=/usr/share/info --with-bugurl=https://gitlab.archlinux.org/archlinux/packaging/packages/gcc/-/issues --with-build-config=bootstrap-lto --with-linker-hash-style=gnu --with-system-zlib --enable-__cxa_atexit --enable-cet=auto --enable-checking=release --enable-clocale=gnu --enable-default-pie --enable-default-ssp --enable-gnu-indirect-function --enable-gnu-unique-object --enable-libstdcxx-backtrace --enable-link-serialization=1 --enable-linker-build-id --enable-lto --enable-multilib --enable-plugin --enable-shared --enable-threads=posix --disable-libssp --disable-libstdcxx-pch --disable-werror
Thread model: posix
Supported LTO compression algorithms: zlib zstd
gcc version 15.2.1 20260103 (GCC) 
configure:3880: $? = 0
configure:3869: gcc -V >&5
gcc: error: unrecognized command-line option '-V'
gcc: fatal error: no input files
compilation terminated.
configure:3880: $? = 1
configure:3869: gcc -qversion >&5
gcc: error: unrecognized command-line option '-qversion'; did you mean '--version'?
gcc: fatal error: no input files
compilation terminated.
configure:3880: $? = 1
configure:3900: checking whether the C compiler works
configure:3922: gcc -g -O2        conftest.c  >&5
configure:3926: $? = 0
configure:3974: result: yes
configure:3977: checking for C compiler default output file name
configure:3979: result: a.out
configure:3985: checking for suffix of executables
configure:3992: gcc -o conftest -g -O2        conftest.c  >&5
configure:3996: $? = 0
configure:4018: result: 
configure:4040: checking whether we are cross compiling
configure:4048: gcc -o conftest -g -O2        conftest.c  >&5
configure:4052: $? = 0
configure:4059: ./conftest
configure:4063: $? = 0
configure:4078: result: no
configure:4083: checking for suffix of object files
configure:4105: gcc -c -g -O2      conftest.c >&5
configure:4109: $? = 0
configure:4130: result: o
configure:4134: checking whether we are using the GNU C compiler
configure:4153: gcc -c -g -O2      conftest.c >&5
configure:4153: $? = 0
configure:4162: result: yes
configure:4171: checking whether gcc accepts -g
configure:4191: gcc -c -g  conftest.c >&5
configure:4191: $? = 0
configure:4232: result: yes
configure:4249: checking for gcc option to accept ISO C89
configure:4312: gcc  -c -g -O2      conftest.c >&5
conftest.c: In function 'e':
conftest.c:17:14: warning: old-style function definition [-Wold-style-definition]
   17 | static char *e (p, i)
      |              ^
configure:4312: $? = 0
configure:4325: result: none needed
configure:4350: checking whether gcc understands -c and -o together
configure:4372: gcc -c conftest.c -o conftest2.o
configure:4375: $? = 0
configure:4372: gcc -c conftest.c -o conftest2.o
configure:4375: $? = 0
configure:4387: result: yes
configure:4415: checking for style of include used by make
configure:4443: result: GNU
configure:4469: checking dependency style of gcc
configure:4580: result: gcc3
configure:4601: checking how to run the C preprocessor
configure:4632: gcc -E  conftest.c
configure:4632: $? = 0
configure:4646: gcc -E  conftest.c
conftest.c:11:10: fatal error: ac_nonexistent.h: No such file or directory
   11 | #include <ac_nonexistent.h>
      |          ^~~~~~~~~~~~~~~~~~
compilation terminated.
configure:4646: $? = 1
configure: failed program was:
| /* confdefs.h */
| #define PACKAGE_NAME "bfd"
| #define PACKAGE_TARNAME "bfd"
| #define PACKAGE_VERSION "2.46"
| #define PACKAGE_STRING "bfd 2.46"
| #define PACKAGE_BUGREPORT ""
| #define PACKAGE_URL ""
| #define PACKAGE "bfd"
| #define VERSION "2.46"
| /* end confdefs.h.  */
| #include <ac_nonexistent.h>
configure:4671: result: gcc -E
configure:4691: gcc -E  conftest.c
configure:4691: $? = 0
configure:4705: gcc -E  conftest.c
conftest.c:11:10: fatal error: ac_nonexistent.h: No such file or directory
   11 | #include <ac_nonexistent.h>
      |          ^~~~~~~~~~~~~~~~~~
compilation terminated.
configure:4705: $? = 1
configure: failed program was:
| /* confdefs.h */
| #define PACKAGE_NAME "bfd"
| #define PACKAGE_TARNAME "bfd"
| #define PACKAGE_VERSION "2.46"
| #define PACKAGE_STRING "bfd 2.46"
| #define PACKAGE_BUGREPORT ""
| #define PACKAGE_URL ""
| #define PACKAGE "bfd"
| #define VERSION "2.46"
| /* end confdefs.h.  */
| #include <ac_nonexistent.h>
configure:4734: checking for grep that handles long lines and -e
configure:4792: result: /usr/bin/grep
configure:4797: checking for egrep
configure:4859: result: /usr/bin/grep -E
configure:4864: checking for ANSI C header files
configure:4884: gcc -c -g -O2      conftest.c >&5
configure:4884: $? = 0
configure:4957: gcc -o conftest -g -O2        conftest.c  >&5
configure:4957: $? = 0
configure:4957: ./conftest
configure:4957: $? = 0
configure:4968: result: yes
configure:4981: checking for sys/types.h
configure:4981: gcc -c -g -O2      conftest.c >&5
configure:4981: $? = 0
configure:4981: result: yes
configure:4981: checking for sys/stat.h
configure:4981: gcc -c -g -O2      conftest.c >&5
configure:4981: $? = 0
configure:4981: result: yes
configure:4981: checking for stdlib.h
configure:4981: gcc -c -g -O2      conftest.c >&5
configure:4981: $? = 0
configure:4981: result: yes
configure:4981: checking for string.h
configure:4981: gcc -c -g -O2      conftest.c >&5
configure:4981: $? = 0
configure:4981: result: yes
configure:4981: checking for memory.h
configure:4981: gcc -c -g -O2      conftest.c >&5
configure:4981: $? = 0
configure:4981: result: yes
configure:4981: checking for strings.h
configure:4981: gcc -c -g -O2      conftest.c >&5
configure:4981: $? = 0
configure:4981: result: yes
configure:4981: checking for inttypes.h
configure:4981: gcc -c -g -O2      conftest.c >&5
configure:4981: $? = 0
configure:4981: result: yes
configure:4981: checking for stdint.h
configure:4981: gcc -c -g -O2      conftest.c >&5
configure:4981: $? = 0
configure:4981: result: yes
configure:4981: checking for unistd.h
configure:4981: gcc -c -g -O2      conftest.c >&5
configure:4981: $? = 0
configure:4981: result: yes
configure:4994: checking minix/config.h usability
configure:4994: gcc -c -g -O2      conftest.c >&5
conftest.c:54:10: fatal error: minix/config.h: No such file or directory
   54 | #include <minix/config.h>
      |          ^~~~~~~~~~~~~~~~
compilation terminated.
configure:4994: $? = 1
configure: failed program was:
| /* confdefs.h */
| #define PACKAGE_NAME "bfd"
| #define PACKAGE_TARNAME "bfd"
| #define PACKAGE_VERSION "2.46"
| #define PACKAGE_STRING "bfd 2.46"
| #define PACKAGE_BUGREPORT ""
| #define PACKAGE_URL ""
| #define PACKAGE "bfd"
| #define VERSION "2.46"
| #define STDC_HEADERS 1
| #define HAVE_SYS_TYPES_H 1
| #define HAVE_SYS_STAT_H 1
| #define HAVE_STDLIB_H 1
| #define HAVE_STRING_H 1
| #define HAVE_MEMORY_H 1
| #define HAVE_STRINGS_H 1
| #define HAVE_INTTYPES_H 1
| #define HAVE_STDINT_H 1
| #define HAVE_UNISTD_H 1
| /* end confdefs.h.  */
| #include <stdio.h>
| #ifdef HAVE_SYS_TYPES_H
| # include <sys/types.h>
| #endif
| #ifdef HAVE_SYS_STAT_H
| # include <sys/stat.h>
| #endif
| #ifdef STDC_HEADERS
| # include <stdlib.h>
| # include <stddef.h>
| #else
| # ifdef HAVE_STDLIB_H
| #  include <stdlib.h>
| # endif
| #endif
| #ifdef HAVE_STRING_H
| # if !defined STDC_HEADERS && defined HAVE_MEMORY_H
| #  include <memory.h>
| # endif
| # include <string.h>
| #endif
| #ifdef HAVE_STRINGS_H
| # include <strings.h>
| #endif
| #ifdef HAVE_INTTYPES_H
| # include <inttypes.h>
| #endif
| #ifdef HAVE_STDINT_H
| # include <stdint.h>
| #endif
| #ifdef HAVE_UNISTD_H
| # include <unistd.h>
| #endif
| #include <minix/config.h>
configure:4994: result: no
configure:4994: checking minix/config.h presence
configure:4994: gcc -E  conftest.c
conftest.c:21:10: fatal error: minix/config.h: No such file or directory
   21 | #include <minix/config.h>
      |          ^~~~~~~~~~~~~~~~
compilation terminated.
configure:4994: $? = 1
configure: failed program was:
| /* confdefs.h */
| #define PACKAGE_NAME "bfd"
| #define PACKAGE_TARNAME "bfd"
| #define PACKAGE_VERSION "2.46"
| #define PACKAGE_STRING "bfd 2.46"
| #define PACKAGE_BUGREPORT ""
| #define PACKAGE_URL ""
| #define PACKAGE "bfd"
| #define VERSION "2.46"
| #define STDC_HEADERS 1
| #define HAVE_SYS_TYPES_H 1
| #define HAVE_SYS_STAT_H 1
| #define HAVE_STDLIB_H 1
| #define HAVE_STRING_H 1
| #define HAVE_MEMORY_H 1
| #define HAVE_STRINGS_H 1
| #define HAVE_INTTYPES_H 1
| #define HAVE_STDINT_H 1
| #define HAVE_UNISTD_H 1
| /* end confdefs.h.  */
| #include <minix/config.h>
configure:4994: result: no
configure:4994: checking for minix/config.h
configure:4994: result: no
configure:5015: checking whether it is safe to define __EXTENSIONS__
configure:5033: gcc -c -g -O2      conftest.c >&5
configure:5033: $? = 0
configure:5040: result: yes
configure:5101: checking how to print strings
configure:5128: result: printf
configure:5149: checking for a sed that does not truncate output
configure:5213: result: /usr/bin/sed
configure:5231: checking for fgrep
configure:5293: result: /usr/bin/grep -F
configure:5328: checking for ld used by gcc
configure:5395: result: ld
configure:5402: checking if the linker (ld) is GNU ld
configure:5417: result: yes
configure:5429: checking for BSD- or MS-compatible name lister (nm)
configure:5485: result: /usr/bin/nm --plugin /usr/lib/gcc/x86_64-pc-linux-gnu/15.2.1/liblto_plugin.so -B
configure:5615: checking the name lister (/usr/bin/nm --plugin /usr/lib/gcc/x86_64-pc-linux-gnu/15.2.1/liblto_plugin.so -B) interface
configure:5622: gcc -c -g -O2      conftest.c >&5
configure:5625: /usr/bin/nm --plugin /usr/lib/gcc/x86_64-pc-linux-gnu/15.2.1/liblto_plugin.so -B "conftest.o"
configure:5628: output
0000000000000000 B some_variable
configure:5635: result: BSD nm
configure:5638: checking whether ln -s works
configure:5642: result: yes
configure:5650: checking the maximum length of command line arguments
configure:5775: result: 1572864
configure:5792: checking whether the shell understands some XSI constructs
configure:5802: result: yes
configure:5806: checking whether the shell understands "+="
configure:5812: result: yes
configure:5847: checking for ld option to reload object files
configure:5854: result: -r
configure:5883: checking for x86_64-pc-linux-gnu-objdump
configure:5910: result: objdump
configure:5982: checking how to recognize dependent libraries
configure:6188: result: pass_all
configure:6208: checking for clang
configure:6231: result: no
configure:6236: checking for x86_64-pc-linux-gnu-llvm-config
configure:6266: result: no
configure:6276: checking for llvm-config
configure:6292: found /usr/bin/llvm-config
configure:6303: result: llvm-config
configure:6463: checking for x86_64-pc-linux-gnu-ar
configure:6490: result: ar --plugin /usr/lib/gcc/x86_64-pc-linux-gnu/15.2.1/liblto_plugin.so
configure:6555: checking for -plugin option
configure:6573: result: --plugin /usr/lib/gcc/x86_64-pc-linux-gnu/15.2.1/liblto_plugin.so
configure:6590: checking for x86_64-pc-linux-gnu-ar
configure:6617: result: ar --plugin /usr/lib/gcc/x86_64-pc-linux-gnu/15.2.1/liblto_plugin.so
configure:6706: checking for x86_64-pc-linux-gnu-strip
configure:6736: result: no
configure:6746: checking for strip
configure:6762: found /usr/bin/strip
configure:6773: result: strip
configure:6805: checking for x86_64-pc-linux-gnu-ranlib
configure:6832: result: ranlib --plugin /usr/lib/gcc/x86_64-pc-linux-gnu/15.2.1/liblto_plugin.so
configure:6985: checking command to parse /usr/bin/nm --plugin /usr/lib/gcc/x86_64-pc-linux-gnu/15.2.1/liblto_plugin.so -B output from gcc object
configure:7103: gcc -c -g -O2      conftest.c >&5
configure:7106: $? = 0
configure:7110: /usr/bin/nm --plugin /usr/lib/gcc/x86_64-pc-linux-gnu/15.2.1/liblto_plugin.so -B conftest.o \| sed -n -e 's/^.*[ ]\([ABCDGIRSTW][ABCDGIRSTW]*\)[ ][ ]*\([_A-Za-z][_A-Za-z0-9]*\)$/\1 \2 \2/p' \> conftest.nm
configure:7113: $? = 0
configure:7167: gcc -o conftest -g -O2        conftest.c conftstm.o >&5
configure:7170: $? = 0
configure:7208: result: ok
configure:7303: gcc -c -g -O2      conftest.c >&5
configure:7306: $? = 0
configure:8058: checking for dlfcn.h
configure:8058: gcc -c -g -O2      conftest.c >&5
configure:8058: $? = 0
configure:8058: result: yes
configure:8214: checking for objdir
configure:8229: result: .libs
configure:8500: checking if gcc supports -fno-rtti -fno-exceptions
configure:8518: gcc -c -g -O2      -fno-rtti -fno-exceptions conftest.c >&5
cc1: warning: command-line option '-fno-rtti' is valid for C++/D/ObjC++ but not for C
configure:8522: $? = 0
configure:8535: result: no
configure:8555: checking for gcc option to produce PIC
configure:8841: result: -fPIC -DPIC
configure:8853: checking if gcc PIC flag -fPIC -DPIC works
configure:8871: gcc -c -g -O2      -fPIC -DPIC -DPIC conftest.c >&5
configure:8875: $? = 0
configure:8888: result: yes
configure:8912: checking if gcc static flag -static works
configure:8940: result: yes
configure:8955: checking if gcc supports -c -o file.o
configure:8976: gcc -c -g -O2      -o out/conftest2.o conftest.c >&5
configure:8980: $? = 0
configure:9002: result: yes
configure:9010: checking if gcc supports -c -o file.o
configure:9057: result: yes
configure:9090: checking whether the gcc linker (ld -m elf_x86_64) supports shared libraries
configure:10161: result: yes
configure:10406: checking dynamic linker characteristics
configure:10852: gcc -o conftest -g -O2        -Wl,-rpath -Wl,/foo conftest.c  >&5
configure:10852: $? = 0
configure:11093: result: GNU/Linux ld.so
configure:11200: checking how to hardcode library paths into programs
configure:11225: result: immediate
configure:11319: checking for shl_load
configure:11319: gcc -o conftest -g -O2        conftest.c  >&5
/usr/bin/ld: /tmp/ccFkl1MD.o: in function `main':
/home/sirdevhazim/Projects/officals/LunerOS/OS/build-binutils/binutils-with-gold-2.46/bfd/conftest.c:62:(.text.startup+0x5): undefined reference to `shl_load'
collect2: error: ld returned 1 exit status
configure:11319: $? = 1
configure: failed program was:
| /* confdefs.h */
| #define PACKAGE_NAME "bfd"
| #define PACKAGE_TARNAME "bfd"
| #define PACKAGE_VERSION "2.46"
| #define PACKAGE_STRING "bfd 2.46"
| #define PACKAGE_BUGREPORT ""
| #define PACKAGE_URL ""
| #define PACKAGE "bfd"
| #define VERSION "2.46"
| #define STDC_HEADERS 1
| #define HAVE_SYS_TYPES_H 1
| #define HAVE_SYS_STAT_H 1
| #define HAVE_STDLIB_H 1
| #define HAVE_STRING_H 1
| #define HAVE_MEMORY_H 1
| #define HAVE_STRINGS_H 1
| #define HAVE_INTTYPES_H 1
| #define HAVE_STDINT_H 1
| #define HAVE_UNISTD_H 1
| #define __EXTENSIONS__ 1
| #define _ALL_SOURCE 1
| #define _GNU_SOURCE 1
| #define _POSIX_PTHREAD_SEMANTICS 1
| #define _TANDEM_SOURCE 1
| #define HAVE_DLFCN_H 1
| #define LT_OBJDIR ".libs/"
| /* end confdefs.h.  */
| /* Define shl_load to an innocuous variant, in case <limits.h> declares shl_load.
|    For example, HP-UX 11i <limits.h> declares gettimeofday.  */
| #define shl_load innocuous_shl_load
| 
| /* System header to define __stub macros and hopefully few prototypes,
|     which can conflict with char shl_load (); below.
|     Prefer <limits.h> to <assert.h> if __STDC__ is defined, since
|     <limits.h> exists even on freestanding compilers.  */
| 
| #ifdef __STDC__
| # include <limits.h>
| #else
| # include <assert.h>
| #endif
| 
| #undef shl_load
| 
| /* Override any GCC internal prototype to avoid an error.
|    Use char because int might match the return type of a GCC
|    builtin and then its argument prototype would still apply.  */
| #ifdef __cplusplus
| extern "C"
| #endif
| char shl_load ();
| /* The GNU C library defines this for functions which it implements
|     to always fail with ENOSYS.  Some functions are actually named
|     something starting with __ and the normal name is an alias.  */
| #if defined __stub_shl_load || defined __stub___shl_load
| choke me
| #endif
| 
| int
| main ()
| {
| return shl_load ();
|   ;
|   return 0;
| }
configure:11319: result: no
configure:11323: checking for shl_load in -ldld
configure:11348: gcc -o conftest -g -O2        conftest.c -ldld   >&5
/usr/bin/ld: cannot find -ldld: No such file or directory
collect2: error: ld returned 1 exit status
configure:11348: $? = 1
configure: failed program was:
| /* confdefs.h */
| #define PACKAGE_NAME "bfd"
| #define PACKAGE_TARNAME "bfd"
| #define PACKAGE_VERSION "2.46"
| #define PACKAGE_STRING "bfd 2.46"
| #define PACKAGE_BUGREPORT ""
| #define PACKAGE_URL ""
| #define PACKAGE "bfd"
| #define VERSION "2.46"
| #define STDC_HEADERS 1
| #define HAVE_SYS_TYPES_H 1
| #define HAVE_SYS_STAT_H 1
| #define HAVE_STDLIB_H 1
| #define HAVE_STRING_H 1
| #define HAVE_MEMORY_H 1
| #define HAVE_STRINGS_H 1
| #define HAVE_INTTYPES_H 1
| #define HAVE_STDINT_H 1
| #define HAVE_UNISTD_H 1
| #define __EXTENSIONS__ 1
| #define _ALL_SOURCE 1
| #define _GNU_SOURCE 1
| #define _POSIX_PTHREAD_SEMANTICS 1
| #define _TANDEM_SOURCE 1
| #define HAVE_DLFCN_H 1
| #define LT_OBJDIR ".libs/"
| /* end confdefs.h.  */
| 
| /* Override any GCC internal prototype to avoid an error.
|    Use char because int might match the return type of a GCC
|    builtin and then its argument prototype would still apply.  */
| #ifdef __cplusplus
| extern "C"
| #endif
| char shl_load ();
| int
| main ()
| {
| return shl_load ();
|   ;
|   return 0;
| }
configure:11357: result: no
configure:11362: checking for dlopen
configure:11362: gcc -o conftest -g -O2        conftest.c  >&5
configure:11362: $? = 0
configure:11362: result: yes
configure:11519: checking whether a program can dlopen itself
configure:11599: gcc -o conftest -g -O2      -DHAVE_DLFCN_H   -Wl,--export-dynamic conftest.c   >&5
configure:11602: $? = 0
configure:11620: result: yes
configure:11625: checking whether a statically linked program can dlopen itself
configure:11705: gcc -o conftest -g -O2      -DHAVE_DLFCN_H   -Wl,--export-dynamic -static conftest.c   >&5
/usr/bin/ld: /tmp/ccP798gR.o: in function `main':
/home/sirdevhazim/Projects/officals/LunerOS/OS/build-binutils/binutils-with-gold-2.46/bfd/configure:11685:(.text.startup+0x9): warning: Using 'dlopen' in statically linked applications requires at runtime the shared libraries from the glibc version used for linking
configure:11708: $? = 0
conftest: undefined symbol: _fnord
configure:11726: result: no
configure:11765: checking whether stripping libraries is possible
configure:11770: result: yes
configure:11805: checking if libtool supports shared libraries
configure:11807: result: yes
configure:11810: checking whether to build shared libraries
configure:11831: result: no
configure:11834: checking whether to build static libraries
configure:11838: result: yes
configure:11888: checking for dlfcn.h
configure:11888: result: yes
configure:11901: checking for windows.h
configure:11901: gcc -c -g -O2      conftest.c >&5
conftest.c:63:10: fatal error: windows.h: No such file or directory
   63 | #include <windows.h>
      |          ^~~~~~~~~~~
compilation terminated.
configure:11901: $? = 1
configure: failed program was:
| /* confdefs.h */
| #define PACKAGE_NAME "bfd"
| #define PACKAGE_TARNAME "bfd"
| #define PACKAGE_VERSION "2.46"
| #define PACKAGE_STRING "bfd 2.46"
| #define PACKAGE_BUGREPORT ""
| #define PACKAGE_URL ""
| #define PACKAGE "bfd"
| #define VERSION "2.46"
| #define STDC_HEADERS 1
| #define HAVE_SYS_TYPES_H 1
| #define HAVE_SYS_STAT_H 1
| #define HAVE_STDLIB_H 1
| #define HAVE_STRING_H 1
| #define HAVE_MEMORY_H 1
| #define HAVE_STRINGS_H 1
| #define HAVE_INTTYPES_H 1
| #define HAVE_STDINT_H 1
| #define HAVE_UNISTD_H 1
| #define __EXTENSIONS__ 1
| #define _ALL_SOURCE 1
| #define _GNU_SOURCE 1
| #define _POSIX_PTHREAD_SEMANTICS 1
| #define _TANDEM_SOURCE 1
| #define HAVE_DLFCN_H 1
| #define LT_OBJDIR ".libs/"
| #define HAVE_DLFCN_H 1
| /* end confdefs.h.  */
| #include <stdio.h>
| #ifdef HAVE_SYS_TYPES_H
| # include <sys/types.h>
| #endif
| #ifdef HAVE_SYS_STAT_H
| # include <sys/stat.h>
| #endif
| #ifdef STDC_HEADERS
| # include <stdlib.h>
| # include <stddef.h>
| #else
| # ifdef HAVE_STDLIB_H
| #  include <stdlib.h>
| # endif
| #endif
| #ifdef HAVE_STRING_H
| # if !defined STDC_HEADERS && defined HAVE_MEMORY_H
| #  include <memory.h>
| # endif
| # include <string.h>
| #endif
| #ifdef HAVE_STRINGS_H
| # include <strings.h>
| #endif
| #ifdef HAVE_INTTYPES_H
| # include <inttypes.h>
| #endif
| #ifdef HAVE_STDINT_H
| # include <stdint.h>
| #endif
| #ifdef HAVE_UNISTD_H
| # include <unistd.h>
| #endif
| 
| #include <windows.h>
configure:11901: result: no
configure:11928: checking for library containing dlsym
configure:11959: gcc -o conftest -g -O2        conftest.c  >&5
configure:11959: $? = 0
configure:11976: result: none required
configure:12048: checking for special C compiler options needed for large files
configure:12093: result: no
configure:12099: checking for _FILE_OFFSET_BITS value needed for large files
configure:12124: gcc -c -g -O2      conftest.c >&5
configure:12124: $? = 0
configure:12156: result: no
configure:12624: checking whether to enable maintainer-specific portions of Makefiles
configure:12633: result: no
configure:12669: checking whether to install libbfd
configure:12682: result: no
configure:12712: checking whether byte ordering is bigendian
configure:12727: gcc -c -g -O2      conftest.c >&5
conftest.c:32:16: error: unknown type name 'not'
   32 |                not a universal capable compiler
      |                ^~~
conftest.c:32:22: error: expected '=', ',', ';', 'asm' or '__attribute__' before 'universal'
   32 |                not a universal capable compiler
      |                      ^~~~~~~~~
conftest.c:32:22: error: unknown type name 'universal'
configure:12727: $? = 1
configure: failed program was:
| /* confdefs.h */
| #define PACKAGE_NAME "bfd"
| #define PACKAGE_TARNAME "bfd"
| #define PACKAGE_VERSION "2.46"
| #define PACKAGE_STRING "bfd 2.46"
| #define PACKAGE_BUGREPORT ""
| #define PACKAGE_URL ""
| #define PACKAGE "bfd"
| #define VERSION "2.46"
| #define STDC_HEADERS 1
| #define HAVE_SYS_TYPES_H 1
| #define HAVE_SYS_STAT_H 1
| #define HAVE_STDLIB_H 1
| #define HAVE_STRING_H 1
| #define HAVE_MEMORY_H 1
| #define HAVE_STRINGS_H 1
| #define HAVE_INTTYPES_H 1
| #define HAVE_STDINT_H 1
| #define HAVE_UNISTD_H 1
| #define __EXTENSIONS__ 1
| #define _ALL_SOURCE 1
| #define _GNU_SOURCE 1
| #define _POSIX_PTHREAD_SEMANTICS 1
| #define _TANDEM_SOURCE 1
| #define HAVE_DLFCN_H 1
| #define LT_OBJDIR ".libs/"
| #define HAVE_DLFCN_H 1
| #define USE_SECUREPLT 1
| #define DEFAULT_LD_Z_SEPARATE_CODE 0
| /* end confdefs.h.  */
| #ifndef __APPLE_CC__
| 	       not a universal capable compiler
| 	     #endif
| 	     typedef int dummy;
| 
configure:12772: gcc -c -g -O2      conftest.c >&5
configure:12772: $? = 0
configure:12790: gcc -c -g -O2      conftest.c >&5
conftest.c: In function 'main':
conftest.c:38:18: error: unknown type name 'not'; did you mean 'ino_t'?
   38 |                  not big endian
      |                  ^~~
      |                  ino_t
conftest.c:38:26: error: expected '=', ',', ';', 'asm' or '__attribute__' before 'endian'
   38 |                  not big endian
      |                          ^~~~~~
configure:12790: $? = 1
configure: failed program was:
| /* confdefs.h */
| #define PACKAGE_NAME "bfd"
| #define PACKAGE_TARNAME "bfd"
| #define PACKAGE_VERSION "2.46"
| #define PACKAGE_STRING "bfd 2.46"
| #define PACKAGE_BUGREPORT ""
| #define PACKAGE_URL ""
| #define PACKAGE "bfd"
| #define VERSION "2.46"
| #define STDC_HEADERS 1
| #define HAVE_SYS_TYPES_H 1
| #define HAVE_SYS_STAT_H 1
| #define HAVE_STDLIB_H 1
| #define HAVE_STRING_H 1
| #define HAVE_MEMORY_H 1
| #define HAVE_STRINGS_H 1
| #define HAVE_INTTYPES_H 1
| #define HAVE_STDINT_H 1
| #define HAVE_UNISTD_H 1
| #define __EXTENSIONS__ 1
| #define _ALL_SOURCE 1
| #define _GNU_SOURCE 1
| #define _POSIX_PTHREAD_SEMANTICS 1
| #define _TANDEM_SOURCE 1
| #define HAVE_DLFCN_H 1
| #define LT_OBJDIR ".libs/"
| #define HAVE_DLFCN_H 1
| #define USE_SECUREPLT 1
| #define DEFAULT_LD_Z_SEPARATE_CODE 0
| /* end confdefs.h.  */
| #include <sys/types.h>
| 		#include <sys/param.h>
| 
| int
| main ()
| {
| #if BYTE_ORDER != BIG_ENDIAN
| 		 not big endian
| 		#endif
| 
|   ;
|   return 0;
| }
configure:12918: result: no
configure:12958: checking whether NLS is requested
configure:12967: result: no
configure:13005: checking for msgfmt
configure:13036: result: /usr/bin/msgfmt
configure:13045: checking for gmsgfmt
configure:13076: result: /usr/bin/msgfmt
configure:13116: checking for xgettext
configure:13147: result: /usr/bin/xgettext
configure:13187: checking for msgmerge
configure:13217: result: /usr/bin/msgmerge
configure:13292: checking for ld used by GCC
configure:13355: result: ld -m elf_x86_64
configure:13362: checking if the linker (ld -m elf_x86_64) is GNU ld
GNU ld (GNU Binutils) 2.45.1
configure:13374: result: yes
configure:13380: checking for shared library run path origin
configure:13393: result: done
configure:13840: checking for CFPreferencesCopyAppValue
configure:13858: gcc -o conftest -g -O2        conftest.c  -Wl,-framework -Wl,CoreFoundation >&5
conftest.c:31:10: fatal error: CoreFoundation/CFPreferences.h: No such file or directory
   31 | #include <CoreFoundation/CFPreferences.h>
      |          ^~~~~~~~~~~~~~~~~~~~~~~~~~~~~~~~
compilation terminated.
configure:13858: $? = 1
configure: failed program was:
| /* confdefs.h */
| #define PACKAGE_NAME "bfd"
| #define PACKAGE_TARNAME "bfd"
| #define PACKAGE_VERSION "2.46"
| #define PACKAGE_STRING "bfd 2.46"
| #define PACKAGE_BUGREPORT ""
| #define PACKAGE_URL ""
| #define PACKAGE "bfd"
| #define VERSION "2.46"
| #define STDC_HEADERS 1
| #define HAVE_SYS_TYPES_H 1
| #define HAVE_SYS_STAT_H 1
| #define HAVE_STDLIB_H 1
| #define HAVE_STRING_H 1
| #define HAVE_MEMORY_H 1
| #define HAVE_STRINGS_H 1
| #define HAVE_INTTYPES_H 1
| #define HAVE_STDINT_H 1
| #define HAVE_UNISTD_H 1
| #define __EXTENSIONS__ 1
| #define _ALL_SOURCE 1
| #define _GNU_SOURCE 1
| #define _POSIX_PTHREAD_SEMANTICS 1
| #define _TANDEM_SOURCE 1
| #define HAVE_DLFCN_H 1
| #define LT_OBJDIR ".libs/"
| #define HAVE_DLFCN_H 1
| #define USE_SECUREPLT 1
| #define DEFAULT_LD_Z_SEPARATE_CODE 0
| /* end confdefs.h.  */
| #include <CoreFoundation/CFPreferences.h>
| int
| main ()
| {
| CFPreferencesCopyAppValue(NULL, NULL)
|   ;
|   return 0;
| }
configure:13867: result: no
configure:13874: checking for CFLocaleCopyPreferredLanguages
configure:13892: gcc -o conftest -g -O2        conftest.c  -Wl,-framework -Wl,CoreFoundation >&5
conftest.c:31:10: fatal error: CoreFoundation/CFLocale.h: No such file or directory
   31 | #include <CoreFoundation/CFLocale.h>
      |          ^~~~~~~~~~~~~~~~~~~~~~~~~~~
compilation terminated.
configure:13892: $? = 1
configure: failed program was:
| /* confdefs.h */
| #define PACKAGE_NAME "bfd"
| #define PACKAGE_TARNAME "bfd"
| #define PACKAGE_VERSION "2.46"
| #define PACKAGE_STRING "bfd 2.46"
| #define PACKAGE_BUGREPORT ""
| #define PACKAGE_URL ""
| #define PACKAGE "bfd"
| #define VERSION "2.46"
| #define STDC_HEADERS 1
| #define HAVE_SYS_TYPES_H 1
| #define HAVE_SYS_STAT_H 1
| #define HAVE_STDLIB_H 1
| #define HAVE_STRING_H 1
| #define HAVE_MEMORY_H 1
| #define HAVE_STRINGS_H 1
| #define HAVE_INTTYPES_H 1
| #define HAVE_STDINT_H 1
| #define HAVE_UNISTD_H 1
| #define __EXTENSIONS__ 1
| #define _ALL_SOURCE 1
| #define _GNU_SOURCE 1
| #define _POSIX_PTHREAD_SEMANTICS 1
| #define _TANDEM_SOURCE 1
| #define HAVE_DLFCN_H 1
| #define LT_OBJDIR ".libs/"
| #define HAVE_DLFCN_H 1
| #define USE_SECUREPLT 1
| #define DEFAULT_LD_Z_SEPARATE_CODE 0
| /* end confdefs.h.  */
| #include <CoreFoundation/CFLocale.h>
| int
| main ()
| {
| CFLocaleCopyPreferredLanguages();
|   ;
|   return 0;
| }
configure:13901: result: no
configure:14781: checking whether to use NLS
configure:14783: result: no
configure:14866: checking whether NLS is requested
configure:14869: result: no
configure:14934: checking size of long long
configure:14939: gcc -o conftest -g -O2        conftest.c  >&5
configure:14939: $? = 0
configure:14939: ./conftest
configure:14939: $? = 0
configure:14953: result: 8
configure:14967: checking size of void *
configure:14972: gcc -o conftest -g -O2        conftest.c  >&5
configure:14972: $? = 0
configure:14972: ./conftest
configure:14972: $? = 0
configure:14986: result: 8
configure:15000: checking size of long
configure:15005: gcc -o conftest -g -O2        conftest.c  >&5
configure:15005: $? = 0
configure:15005: ./conftest
configure:15005: $? = 0
configure:15019: result: 8
configure:15033: checking size of int
configure:15038: gcc -o conftest -g -O2        conftest.c  >&5
configure:15038: $? = 0
configure:15038: ./conftest
configure:15038: $? = 0
configure:15052: result: 4
configure:15109: checking fcntl.h usability
configure:15109: gcc -c -g -O2      conftest.c >&5
configure:15109: $? = 0
configure:15109: result: yes
configure:15109: checking fcntl.h presence
configure:15109: gcc -E  conftest.c
configure:15109: $? = 0
configure:15109: result: yes
configure:15109: checking for fcntl.h
configure:15109: result: yes
configure:15109: checking sys/file.h usability
configure:15109: gcc -c -g -O2      conftest.c >&5
configure:15109: $? = 0
configure:15109: result: yes
configure:15109: checking sys/file.h presence
configure:15109: gcc -E  conftest.c
configure:15109: $? = 0
configure:15109: result: yes
configure:15109: checking for sys/file.h
configure:15109: result: yes
configure:15109: checking sys/resource.h usability
configure:15109: gcc -c -g -O2      conftest.c >&5
configure:15109: $? = 0
configure:15109: result: yes
configure:15109: checking sys/resource.h presence
configure:15109: gcc -E  conftest.c
configure:15109: $? = 0
configure:15109: result: yes
configure:15109: checking for sys/resource.h
configure:15109: result: yes
configure:15109: checking for sys/stat.h
configure:15109: result: yes
configure:15109: checking for sys/types.h
configure:15109: result: yes
configure:15109: checking for unistd.h
configure:15109: result: yes
configure:15124: checking for fcntl
configure:15124: gcc -o conftest -g -O2        conftest.c  >&5
configure:15124: $? = 0
configure:15124: result: yes
configure:15124: checking for fdopen
configure:15124: gcc -o conftest -g -O2        conftest.c  >&5
configure:15124: $? = 0
configure:15124: result: yes
configure:15124: checking for fileno
configure:15124: gcc -o conftest -g -O2        conftest.c  >&5
configure:15124: $? = 0
configure:15124: result: yes
configure:15124: checking for fls
configure:15124: gcc -o conftest -g -O2        conftest.c  >&5
/usr/bin/ld: /tmp/ccfqmAlD.o: in function `main':
/home/sirdevhazim/Projects/officals/LunerOS/OS/build-binutils/binutils-with-gold-2.46/bfd/conftest.c:78:(.text.startup+0x5): undefined reference to `fls'
collect2: error: ld returned 1 exit status
configure:15124: $? = 1
configure: failed program was:
| /* confdefs.h */
| #define PACKAGE_NAME "bfd"
| #define PACKAGE_TARNAME "bfd"
| #define PACKAGE_VERSION "2.46"
| #define PACKAGE_STRING "bfd 2.46"
| #define PACKAGE_BUGREPORT ""
| #define PACKAGE_URL ""
| #define PACKAGE "bfd"
| #define VERSION "2.46"
| #define STDC_HEADERS 1
| #define HAVE_SYS_TYPES_H 1
| #define HAVE_SYS_STAT_H 1
| #define HAVE_STDLIB_H 1
| #define HAVE_STRING_H 1
| #define HAVE_MEMORY_H 1
| #define HAVE_STRINGS_H 1
| #define HAVE_INTTYPES_H 1
| #define HAVE_STDINT_H 1
| #define HAVE_UNISTD_H 1
| #define __EXTENSIONS__ 1
| #define _ALL_SOURCE 1
| #define _GNU_SOURCE 1
| #define _POSIX_PTHREAD_SEMANTICS 1
| #define _TANDEM_SOURCE 1
| #define HAVE_DLFCN_H 1
| #define LT_OBJDIR ".libs/"
| #define HAVE_DLFCN_H 1
| #define USE_SECUREPLT 1
| #define DEFAULT_LD_Z_SEPARATE_CODE 0
| #define SIZEOF_LONG_LONG 8
| #define SIZEOF_VOID_P 8
| #define SIZEOF_LONG 8
| #define SIZEOF_INT 4
| #define HAVE_FCNTL_H 1
| #define HAVE_SYS_FILE_H 1
| #define HAVE_SYS_RESOURCE_H 1
| #define HAVE_SYS_STAT_H 1
| #define HAVE_SYS_TYPES_H 1
| #define HAVE_UNISTD_H 1
| #define HAVE_FCNTL 1
| #define HAVE_FDOPEN 1
| #define HAVE_FILENO 1
| /* end confdefs.h.  */
| /* Define fls to an innocuous variant, in case <limits.h> declares fls.
|    For example, HP-UX 11i <limits.h> declares gettimeofday.  */
| #define fls innocuous_fls
| 
| /* System header to define __stub macros and hopefully few prototypes,
|     which can conflict with char fls (); below.
|     Prefer <limits.h> to <assert.h> if __STDC__ is defined, since
|     <limits.h> exists even on freestanding compilers.  */
| 
| #ifdef __STDC__
| # include <limits.h>
| #else
| # include <assert.h>
| #endif
| 
| #undef fls
| 
| /* Override any GCC internal prototype to avoid an error.
|    Use char because int might match the return type of a GCC
|    builtin and then its argument prototype would still apply.  */
| #ifdef __cplusplus
| extern "C"
| #endif
| char fls ();
| /* The GNU C library defines this for functions which it implements
|     to always fail with ENOSYS.  Some functions are actually named
|     something starting with __ and the normal name is an alias.  */
| #if defined __stub_fls || defined __stub___fls
| choke me
| #endif
| 
| int
| main ()
| {
| return fls ();
|   ;
|   return 0;
| }
configure:15124: result: no
configure:15124: checking for getgid
configure:15124: gcc -o conftest -g -O2        conftest.c  >&5
configure:15124: $? = 0
configure:15124: result: yes
configure:15124: checking for getpagesize
configure:15124: gcc -o conftest -g -O2        conftest.c  >&5
configure:15124: $? = 0
configure:15124: result: yes
configure:15124: checking for getrlimit
configure:15124: gcc -o conftest -g -O2        conftest.c  >&5
configure:15124: $? = 0
configure:15124: result: yes
configure:15124: checking for getuid
configure:15124: gcc -o conftest -g -O2        conftest.c  >&5
configure:15124: $? = 0
configure:15124: result: yes
configure:15124: checking for sysconf
configure:15124: gcc -o conftest -g -O2        conftest.c  >&5
configure:15124: $? = 0
configure:15124: result: yes
configure:15134: checking whether basename is declared
configure:15134: gcc -c -g -O2      conftest.c >&5
configure:15134: $? = 0
configure:15134: result: yes
configure:15144: checking whether ffs is declared
configure:15144: gcc -c -g -O2      conftest.c >&5
configure:15144: $? = 0
configure:15144: result: yes
configure:15154: checking whether stpcpy is declared
configure:15154: gcc -c -g -O2      conftest.c >&5
configure:15154: $? = 0
configure:15154: result: yes
configure:15164: checking whether asprintf is declared
configure:15164: gcc -c -g -O2      conftest.c >&5
configure:15164: $? = 0
configure:15164: result: yes
configure:15174: checking whether vasprintf is declared
configure:15174: gcc -c -g -O2      conftest.c >&5
configure:15174: $? = 0
configure:15174: result: yes
configure:15184: checking whether strnlen is declared
configure:15184: gcc -c -g -O2      conftest.c >&5
configure:15184: $? = 0
configure:15184: result: yes
configure:15194: checking whether strtoull is declared
configure:15194: gcc -c -g -O2      conftest.c >&5
configure:15194: $? = 0
configure:15194: result: yes
configure:15205: checking whether ___lc_codepage_func is declared
configure:15205: gcc -c -g -O2      conftest.c >&5
conftest.c: In function 'main':
conftest.c:65:10: error: '___lc_codepage_func' undeclared (first use in this function)
   65 |   (void) ___lc_codepage_func;
      |          ^~~~~~~~~~~~~~~~~~~
conftest.c:65:10: note: each undeclared identifier is reported only once for each function it appears in
configure:15205: $? = 1
configure: failed program was:
| /* confdefs.h */
| #define PACKAGE_NAME "bfd"
| #define PACKAGE_TARNAME "bfd"
| #define PACKAGE_VERSION "2.46"
| #define PACKAGE_STRING "bfd 2.46"
| #define PACKAGE_BUGREPORT ""
| #define PACKAGE_URL ""
| #define PACKAGE "bfd"
| #define VERSION "2.46"
| #define STDC_HEADERS 1
| #define HAVE_SYS_TYPES_H 1
| #define HAVE_SYS_STAT_H 1
| #define HAVE_STDLIB_H 1
| #define HAVE_STRING_H 1
| #define HAVE_MEMORY_H 1
| #define HAVE_STRINGS_H 1
| #define HAVE_INTTYPES_H 1
| #define HAVE_STDINT_H 1
| #define HAVE_UNISTD_H 1
| #define __EXTENSIONS__ 1
| #define _ALL_SOURCE 1
| #define _GNU_SOURCE 1
| #define _POSIX_PTHREAD_SEMANTICS 1
| #define _TANDEM_SOURCE 1
| #define HAVE_DLFCN_H 1
| #define LT_OBJDIR ".libs/"
| #define HAVE_DLFCN_H 1
| #define USE_SECUREPLT 1
| #define DEFAULT_LD_Z_SEPARATE_CODE 0
| #define SIZEOF_LONG_LONG 8
| #define SIZEOF_VOID_P 8
| #define SIZEOF_LONG 8
| #define SIZEOF_INT 4
| #define HAVE_FCNTL_H 1
| #define HAVE_SYS_FILE_H 1
| #define HAVE_SYS_RESOURCE_H 1
| #define HAVE_SYS_STAT_H 1
| #define HAVE_SYS_TYPES_H 1
| #define HAVE_UNISTD_H 1
| #define HAVE_FCNTL 1
| #define HAVE_FDOPEN 1
| #define HAVE_FILENO 1
| #define HAVE_GETGID 1
| #define HAVE_GETPAGESIZE 1
| #define HAVE_GETRLIMIT 1
| #define HAVE_GETUID 1
| #define HAVE_SYSCONF 1
| #define HAVE_DECL_BASENAME 1
| #define HAVE_DECL_FFS 1
| #define HAVE_DECL_STPCPY 1
| #define HAVE_DECL_ASPRINTF 1
| #define HAVE_DECL_VASPRINTF 1
| #define HAVE_DECL_STRNLEN 1
| #define HAVE_DECL_STRTOULL 1
| /* end confdefs.h.  */
| #include <locale.h>
| 
| int
| main ()
| {
| #ifndef ___lc_codepage_func
| #ifdef __cplusplus
|   (void) ___lc_codepage_func;
| #else
|   (void) ___lc_codepage_func;
| #endif
| #endif
| 
|   ;
|   return 0;
| }
configure:15205: result: no
configure:15227: checking for thread local storage (TLS) class
configure:15249: gcc -c -g -O2      conftest.c >&5
configure:15249: $? = 0
configure:15262: result: thread_local
configure:15307: checking for x86_64-pc-linux-gnu-pkg-config
configure:15325: found /usr/bin/x86_64-pc-linux-gnu-pkg-config
configure:15337: result: /usr/bin/x86_64-pc-linux-gnu-pkg-config
configure:15405: checking pkg-config is at least version 0.9.0
configure:15408: result: yes
configure:15429: checking for libzstd >= 1.4.0
configure:15436: $PKG_CONFIG --exists --print-errors "libzstd >= 1.4.0"
configure:15439: $? = 0
configure:15453: $PKG_CONFIG --exists --print-errors "libzstd >= 1.4.0"
configure:15456: $? = 0
configure:15481: gcc -o conftest -g -O2        -lzstd conftest.c  >&5
configure:15481: $? = 0
configure:15526: result: yes
configure:15540: checking compiler support for hidden visibility
configure:15558: gcc -c -g -O2     -Werror  conftest.c >&5
configure:15558: $? = 0
configure:15565: result: yes
configure:15575: checking linker --as-needed support
configure:15586: result: yes
configure:15677: checking for cos in -lm
configure:15702: gcc -o conftest -g -O2        conftest.c -lm   >&5
conftest.c:67:6: warning: conflicting types for built-in function 'cos'; expected 'double(double)' [-Wbuiltin-declaration-mismatch]
   67 | char cos ();
      |      ^~~
conftest.c:1:1: note: 'cos' is declared in header '<math.h>'
    1 | /* confdefs.h */
configure:15702: $? = 0
configure:15711: result: yes
configure:16214: checking for gcc version with buggy 64-bit support
configure:16227: result: no
configure:17236: checking for ftello
configure:17236: gcc -o conftest -g -O2        conftest.c  >&5
configure:17236: $? = 0
configure:17236: result: yes
configure:17236: checking for ftello64
configure:17236: gcc -o conftest -g -O2        conftest.c  >&5
configure:17236: $? = 0
configure:17236: result: yes
configure:17236: checking for fseeko
configure:17236: gcc -o conftest -g -O2        conftest.c  >&5
configure:17236: $? = 0
configure:17236: result: yes
configure:17236: checking for fseeko64
configure:17236: gcc -o conftest -g -O2        conftest.c  >&5
configure:17236: $? = 0
configure:17236: result: yes
configure:17236: checking for fopen64
configure:17236: gcc -o conftest -g -O2        conftest.c  >&5
configure:17236: $? = 0
configure:17236: result: yes
configure:17245: checking whether ftello is declared
configure:17245: gcc -c -g -O2      conftest.c >&5
configure:17245: $? = 0
configure:17245: result: yes
configure:17255: checking whether ftello64 is declared
configure:17255: gcc -c -g -O2      conftest.c >&5
configure:17255: $? = 0
configure:17255: result: yes
configure:17265: checking whether fseeko is declared
configure:17265: gcc -c -g -O2      conftest.c >&5
configure:17265: $? = 0
configure:17265: result: yes
configure:17275: checking whether fseeko64 is declared
configure:17275: gcc -c -g -O2      conftest.c >&5
configure:17275: $? = 0
configure:17275: result: yes
configure:17285: checking whether fopen64 is declared
configure:17285: gcc -c -g -O2      conftest.c >&5
configure:17285: $? = 0
configure:17285: result: yes
configure:17301: checking size of off_t
configure:17306: gcc -o conftest -g -O2        conftest.c  >&5
configure:17306: $? = 0
configure:17306: ./conftest
configure:17306: $? = 0
configure:17320: result: 8
configure:17331: checking file_ptr type
configure:17340: result: int64_t
configure:17351: checking for stdlib.h
configure:17351: result: yes
configure:17351: checking for unistd.h
configure:17351: result: yes
configure:17351: checking for sys/param.h
configure:17351: gcc -c -g -O2      conftest.c >&5
configure:17351: $? = 0
configure:17351: result: yes
configure:17374: checking for getpagesize
configure:17374: result: yes
configure:17383: checking for working mmap
configure:17530: gcc -o conftest -g -O2        conftest.c  >&5
configure:17530: $? = 0
configure:17530: ./conftest
configure:17530: $? = 0
configure:17540: result: yes
configure:17554: checking for madvise
configure:17554: gcc -o conftest -g -O2        conftest.c  >&5
configure:17554: $? = 0
configure:17554: result: yes
configure:17554: checking for mprotect
configure:17554: gcc -o conftest -g -O2        conftest.c  >&5
configure:17554: $? = 0
configure:17554: result: yes
configure:17645: updating cache ./config.cache
configure:17689: checking that generated files are newer than configure
configure:17695: result: done
configure:17735: creating ./config.status

## ---------------------- ##
## Running config.status. ##
## ---------------------- ##

This file was extended by bfd config.status 2.46, which was
generated by GNU Autoconf 2.69.  Invocation command line was

  CONFIG_FILES    = 
  CONFIG_HEADERS  = 
  CONFIG_LINKS    = 
  CONFIG_COMMANDS = 
  $ ./config.status 

on archlinux

config.status:1213: creating Makefile
config.status:1213: creating bfd-in3.h
config.status:1213: creating po/Makefile.in
config.status:1213: creating config.h
config.status:1442: executing depfiles commands
config.status:1442: executing libtool commands
config.status:1442: executing default-1 commands
config.status:1442: executing default commands

## ---------------- ##
## Cache variables. ##
## ---------------- ##

ac_cv_build=x86_64-pc-linux-gnu
ac_cv_c_bigendian=no
ac_cv_c_compiler_gnu=yes
ac_cv_env_CC_set=set
ac_cv_env_CC_value=gcc
ac_cv_env_CFLAGS_set=set
ac_cv_env_CFLAGS_value='-g -O2    '
ac_cv_env_CPPFLAGS_set=
ac_cv_env_CPPFLAGS_value=
ac_cv_env_CPP_set=
ac_cv_env_CPP_value=
ac_cv_env_LDFLAGS_set=set
ac_cv_env_LDFLAGS_value=' '
ac_cv_env_LIBS_set=
ac_cv_env_LIBS_value=
ac_cv_env_PKG_CONFIG_LIBDIR_set=
ac_cv_env_PKG_CONFIG_LIBDIR_value=
ac_cv_env_PKG_CONFIG_PATH_set=set
ac_cv_env_PKG_CONFIG_PATH_value=
ac_cv_env_PKG_CONFIG_set=
ac_cv_env_PKG_CONFIG_value=
ac_cv_env_ZSTD_CFLAGS_set=
ac_cv_env_ZSTD_CFLAGS_value=
ac_cv_env_ZSTD_LIBS_set=
ac_cv_env_ZSTD_LIBS_value=
ac_cv_env_build_alias_set=set
ac_cv_env_build_alias_value=x86_64-pc-linux-gnu
ac_cv_env_host_alias_set=set
ac_cv_env_host_alias_value=x86_64-pc-linux-gnu
ac_cv_env_target_alias_set=set
ac_cv_env_target_alias_value=x86_64-elf
ac_cv_func_dlopen=yes
ac_cv_func_fcntl=yes
ac_cv_func_fdopen=yes
ac_cv_func_fileno=yes
ac_cv_func_fls=no
ac_cv_func_fopen64=yes
ac_cv_func_fseeko64=yes
ac_cv_func_fseeko=yes
ac_cv_func_ftello64=yes
ac_cv_func_ftello=yes
ac_cv_func_getgid=yes
ac_cv_func_getpagesize=yes
ac_cv_func_getrlimit=yes
ac_cv_func_getuid=yes
ac_cv_func_madvise=yes
ac_cv_func_mmap_fixed_mapped=yes
ac_cv_func_mprotect=yes
ac_cv_func_shl_load=no
ac_cv_func_sysconf=yes
ac_cv_have_decl____lc_codepage_func=no
ac_cv_have_decl_asprintf=yes
ac_cv_have_decl_basename=yes
ac_cv_have_decl_ffs=yes
ac_cv_have_decl_fopen64=yes
ac_cv_have_decl_fseeko64=yes
ac_cv_have_decl_fseeko=yes
ac_cv_have_decl_ftello64=yes
ac_cv_have_decl_ftello=yes
ac_cv_have_decl_stpcpy=yes
ac_cv_have_decl_strnlen=yes
ac_cv_have_decl_strtoull=yes
ac_cv_have_decl_vasprintf=yes
ac_cv_header_dlfcn_h=yes
ac_cv_header_fcntl_h=yes
ac_cv_header_inttypes_h=yes
ac_cv_header_memory_h=yes
ac_cv_header_minix_config_h=no
ac_cv_header_stdc=yes
ac_cv_header_stdint_h=yes
ac_cv_header_stdlib_h=yes
ac_cv_header_string_h=yes
ac_cv_header_strings_h=yes
ac_cv_header_sys_file_h=yes
ac_cv_header_sys_param_h=yes
ac_cv_header_sys_resource_h=yes
ac_cv_header_sys_stat_h=yes
ac_cv_header_sys_types_h=yes
ac_cv_header_unistd_h=yes
ac_cv_header_windows_h=no
ac_cv_host=x86_64-pc-linux-gnu
ac_cv_lib_dld_shl_load=no
ac_cv_lib_m_cos=yes
ac_cv_objext=o
ac_cv_path_EGREP='/usr/bin/grep -E'
ac_cv_path_FGREP='/usr/bin/grep -F'
ac_cv_path_GMSGFMT=/usr/bin/msgfmt
ac_cv_path_GREP=/usr/bin/grep
ac_cv_path_MSGFMT=/usr/bin/msgfmt
ac_cv_path_MSGMERGE=/usr/bin/msgmerge
ac_cv_path_PKG_CONFIG=/usr/bin/x86_64-pc-linux-gnu-pkg-config
ac_cv_path_SED=/usr/bin/sed
ac_cv_path_XGETTEXT=/usr/bin/xgettext
ac_cv_path_mkdir=/usr/bin/mkdir
ac_cv_prog_AR='ar --plugin /usr/lib/gcc/x86_64-pc-linux-gnu/15.2.1/liblto_plugin.so'
ac_cv_prog_AWK=gawk
ac_cv_prog_CC=gcc
ac_cv_prog_CPP='gcc -E'
ac_cv_prog_OBJDUMP=objdump
ac_cv_prog_RANLIB='ranlib --plugin /usr/lib/gcc/x86_64-pc-linux-gnu/15.2.1/liblto_plugin.so'
ac_cv_prog_ac_ct_LLVM_CONFIG=llvm-config
ac_cv_prog_ac_ct_STRIP=strip
ac_cv_prog_cc_c89=
ac_cv_prog_cc_g=yes
ac_cv_prog_make_make_set=yes
ac_cv_safe_to_define___extensions__=yes
ac_cv_search_dlsym='none required'
ac_cv_sizeof_int=4
ac_cv_sizeof_long=8
ac_cv_sizeof_long_long=8
ac_cv_sizeof_off_t=8
ac_cv_sizeof_void_p=8
ac_cv_sys_file_offset_bits=no
ac_cv_sys_largefile_CC=no
ac_cv_target=x86_64-pc-elf
ac_cv_tls=thread_local
acl_cv_hardcode_direct=no
acl_cv_hardcode_libdir_flag_spec='${wl}-rpath ${wl}$libdir'
acl_cv_hardcode_libdir_separator=
acl_cv_hardcode_minus_L=no
acl_cv_libext=a
acl_cv_path_LD='ld -m elf_x86_64'
acl_cv_prog_gnu_ld=yes
acl_cv_rpath=done
acl_cv_shlibext=so
acl_cv_wl=-Wl,
am_cv_CC_dependencies_compiler_type=gcc3
am_cv_make_support_nested_variables=yes
am_cv_prog_cc_c_o=yes
bfd_cv_hidden=yes
bfd_cv_ld_as_needed=yes
clang_cv_is_clang=no
gt_cv_func_CFLocaleCopyPreferredLanguages=no
gt_cv_func_CFPreferencesCopyAppValue=no
lt_cv_deplibs_check_method=pass_all
lt_cv_dlopen=dlopen
lt_cv_dlopen_libs=
lt_cv_dlopen_self=yes
lt_cv_dlopen_self_static=no
lt_cv_file_magic_cmd='$MAGIC_CMD'
lt_cv_file_magic_test_file=
lt_cv_ld_reload_flag=-r
lt_cv_nm_interface='BSD nm'
lt_cv_objdir=.libs
lt_cv_path_LD=ld
lt_cv_path_NM='/usr/bin/nm --plugin /usr/lib/gcc/x86_64-pc-linux-gnu/15.2.1/liblto_plugin.so -B'
lt_cv_prog_compiler_c_o=yes
lt_cv_prog_compiler_pic_works=yes
lt_cv_prog_compiler_rtti_exceptions=no
lt_cv_prog_compiler_static_works=yes
lt_cv_prog_gnu_ld=yes
lt_cv_shlibpath_overrides_runpath=yes
lt_cv_sys_global_symbol_pipe='sed -n -e '\''s/^.*[	 ]\([ABCDGIRSTW][ABCDGIRSTW]*\)[	 ][	 ]*\([_A-Za-z][_A-Za-z0-9]*\)$/\1 \2 \2/p'\'''
lt_cv_sys_global_symbol_to_c_name_address='sed -n -e '\''s/^: \([^ ]*\) $/  {\"\1\", (void *) 0},/p'\'' -e '\''s/^[ABCDGIRSTW]* \([^ ]*\) \([^ ]*\)$/  {"\2", (void *) \&\2},/p'\'''
lt_cv_sys_global_symbol_to_c_name_address_lib_prefix='sed -n -e '\''s/^: \([^ ]*\) $/  {\"\1\", (void *) 0},/p'\'' -e '\''s/^[ABCDGIRSTW]* \([^ ]*\) \(lib[^ ]*\)$/  {"\2", (void *) \&\2},/p'\'' -e '\''s/^[ABCDGIRSTW]* \([^ ]*\) \([^ ]*\)$/  {"lib\2", (void *) \&\2},/p'\'''
lt_cv_sys_global_symbol_to_cdecl='sed -n -e '\''s/^T .* \(.*\)$/extern int \1();/p'\'' -e '\''s/^[ABCDGIRSTW]* .* \(.*\)$/extern char \1;/p'\'''
lt_cv_sys_max_cmd_len=1572864
pkg_cv_ZSTD_CFLAGS=
pkg_cv_ZSTD_LIBS=-lzstd

## ----------------- ##
## Output variables. ##
## ----------------- ##

ACLOCAL='${SHELL} /home/sirdevhazim/Projects/officals/LunerOS/OS/build-binutils/binutils-with-gold-2.46/missing aclocal-1.15'
AMDEPBACKSLASH='\'
AMDEP_FALSE='#'
AMDEP_TRUE=''
AMTAR='$${TAR-tar}'
AM_BACKSLASH='\'
AM_DEFAULT_V='$(AM_DEFAULT_VERBOSITY)'
AM_DEFAULT_VERBOSITY='0'
AM_V='$(V)'
AR='ar --plugin /usr/lib/gcc/x86_64-pc-linux-gnu/15.2.1/liblto_plugin.so'
AUTOCONF='${SHELL} /home/sirdevhazim/Projects/officals/LunerOS/OS/build-binutils/binutils-with-gold-2.46/missing autoconf'
AUTOHEADER='${SHELL} /home/sirdevhazim/Projects/officals/LunerOS/OS/build-binutils/binutils-with-gold-2.46/missing autoheader'
AUTOMAKE='${SHELL} /home/sirdevhazim/Projects/officals/LunerOS/OS/build-binutils/binutils-with-gold-2.46/missing automake-1.15'
AWK='gawk'
CATALOGS=''
CATOBJEXT=''
CC='gcc'
CCDEPMODE='depmode=gcc3'
CC_FOR_BUILD='gcc'
CFLAGS='-g -O2    '
COREFILE=''
COREFLAG=''
CPP='gcc -E'
CPPFLAGS=''
CYGPATH_W='echo'
DATADIRNAME=''
DEBUGDIR='${exec_prefix}/lib/debug'
DEFS='-DHAVE_CONFIG_H'
DEPDIR='.deps'
DSYMUTIL='dsymutil'
DUMPBIN=''
ECHO_C=''
ECHO_N='-n'
ECHO_T=''
EGREP='/usr/bin/grep -E'
EXEEXT=''
EXEEXT_FOR_BUILD='$(EXEEXT)'
FGREP='/usr/bin/grep -F'
GENCAT=''
GENINSRC_NEVER_FALSE=''
GENINSRC_NEVER_TRUE='#'
GMSGFMT='/usr/bin/msgfmt'
GREP='/usr/bin/grep'
HDEFINES=''
INCINTL=''
INSTALL_DATA='/usr/bin/install -c -m 644'
INSTALL_LIBBFD_FALSE=''
INSTALL_LIBBFD_TRUE='#'
INSTALL_PROGRAM='/usr/bin/install -c'
INSTALL_SCRIPT='/usr/bin/install -c'
INSTALL_STRIP_PROGRAM='$(install_sh) -c -s'
INSTOBJEXT=''
INTLLIBS=''
INTL_MACOSX_LIBS=''
LARGEFILE_CPPFLAGS=''
LD='ld -m elf_x86_64'
LDFLAGS=' '
LIBICONV='-liconv'
LIBINTL=''
LIBINTL_DEP=''
LIBM='-lm'
LIBOBJS=''
LIBS=''
LIBTOOL='$(SHELL) $(top_builddir)/libtool'
LIPO=''
LLVM_CONFIG='llvm-config'
LN_S='ln -s'
LTLIBICONV='-liconv'
LTLIBINTL=''
LTLIBOBJS=''
MAINT='#'
MAINTAINER_MODE_FALSE=''
MAINTAINER_MODE_TRUE='#'
MAKEINFO='makeinfo --split-size=5000000'
MKDIR_P='/usr/bin/mkdir -p'
MKINSTALLDIRS='$(top_builddir)/./../mkinstalldirs'
MSGFMT='/usr/bin/msgfmt'
MSGMERGE='/usr/bin/msgmerge'
NM='/usr/bin/nm --plugin /usr/lib/gcc/x86_64-pc-linux-gnu/15.2.1/liblto_plugin.so -B'
NMEDIT=''
NO_WERROR=''
OBJDUMP='objdump'
OBJEXT='o'
OTOOL64=''
OTOOL='otool'
PACKAGE='bfd'
PACKAGE_BUGREPORT=''
PACKAGE_NAME='bfd'
PACKAGE_STRING='bfd 2.46'
PACKAGE_TARNAME='bfd'
PACKAGE_URL=''
PACKAGE_VERSION='2.46'
PATH_SEPARATOR=':'
PKGVERSION='(GNU Binutils) '
PKG_CONFIG='/usr/bin/x86_64-pc-linux-gnu-pkg-config'
PKG_CONFIG_LIBDIR=''
PKG_CONFIG_PATH=''
PLUGINS_FALSE='#'
PLUGINS_TRUE=''
POSUB=''
RANLIB='ranlib --plugin /usr/lib/gcc/x86_64-pc-linux-gnu/15.2.1/liblto_plugin.so'
REPORT_BUGS_TEXI='@uref{https://sourceware.org/bugzilla/}'
REPORT_BUGS_TO='<https://sourceware.org/bugzilla/>'
SED='/usr/bin/sed'
SET_MAKE=''
SHARED_LDFLAGS=''
SHARED_LIBADD=' '
SHELL='/bin/sh'
STRIP='strip'
TDEFINES='  -DOBJ_MAYBE_ELF'
USE_NLS='no'
VERSION='2.46'
WARN_CFLAGS='-W -Wall -Wstrict-prototypes -Wmissing-prototypes -Wshadow -Wstack-usage=262144'
WARN_CFLAGS_FOR_BUILD='-W -Wall -Wstrict-prototypes -Wmissing-prototypes -Wshadow -Wstack-usage=262144'
WARN_WRITE_STRINGS='-Wwrite-strings'
XGETTEXT='/usr/bin/xgettext'
ZSTD_CFLAGS=''
ZSTD_LIBS='-lzstd'
ac_ct_CC=''
ac_ct_DUMPBIN=''
all_backends='$(BFD64_BACKENDS) $(BFD32_BACKENDS)'
am__EXEEXT_FALSE=''
am__EXEEXT_TRUE='#'
am__fastdepCC_FALSE='#'
am__fastdepCC_TRUE=''
am__include='include'
am__isrc=''
am__leading_dot='.'
am__nodep='_no'
am__quote=''
am__tar='$${TAR-tar} chof - "$$tardir"'
am__untar='$${TAR-tar} xf -'
bfd64_libs='$(BFD64_LIBS)'
bfd_backends=' elf64-x86-64.lo elfxx-x86.lo elf-ifunc.lo elf-vxworks.lo elf64.lo elf.lo elflink.lo elf-attrs.lo elf-strtab.lo elf-eh-frame.lo elf-properties.lo elf-sframe.lo dwarf1.lo dwarf2.lo elf32-i386.lo elf32.lo elf64-gen.lo elf32-gen.lo plugin.lo'
bfd_default_target_size='64'
bfd_file_ptr='int64_t'
bfd_machines=' cpu-i386.lo cpu-iamcu.lo'
bfd_ufile_ptr='uint64_t'
bfdincludedir='$(exec_prefix)/$(host_noncanonical)/$(target_noncanonical)/include'
bfdlibdir='$(exec_prefix)/$(host_noncanonical)/$(target_noncanonical)/lib'
bindir='${exec_prefix}/bin'
build='x86_64-pc-linux-gnu'
build_alias='x86_64-pc-linux-gnu'
build_cpu='x86_64'
build_os='linux-gnu'
build_vendor='pc'
datadir='${datarootdir}'
datarootdir='${prefix}/share'
docdir='${datarootdir}/doc/${PACKAGE_TARNAME}'
dvidir='${docdir}'
exec_prefix='${prefix}'
havevecs='-DHAVE_x86_64_elf64_vec -DHAVE_i386_elf32_vec -DHAVE_iamcu_elf32_vec -DHAVE_x86_64_elf32_vec -DHAVE_elf64_le_vec -DHAVE_elf64_be_vec -DHAVE_elf32_le_vec -DHAVE_elf32_be_vec'
host='x86_64-pc-linux-gnu'
host_alias='x86_64-pc-linux-gnu'
host_cpu='x86_64'
host_noncanonical='x86_64-pc-linux-gnu'
host_os='linux-gnu'
host_vendor='pc'
htmldir='${docdir}'
includedir='${prefix}/include'
infodir='${datarootdir}/info'
install_sh='${SHELL} /home/sirdevhazim/Projects/officals/LunerOS/OS/build-binutils/binutils-with-gold-2.46/install-sh'
libdir='${exec_prefix}/lib'
libexecdir='${exec_prefix}/libexec'
localedir='${datarootdir}/locale'
localstatedir='${prefix}/var'
lt_cv_dlopen_libs=''
mandir='${datarootdir}/man'
mkdir_p='$(MKDIR_P)'
oldincludedir='/usr/include'
pdfdir='${docdir}'
prefix='/home/sirdevhazim/opt/cross'
program_transform_name='s&^&x86_64-elf-&'
psdir='${docdir}'
sbindir='${exec_prefix}/sbin'
sharedstatedir='${prefix}/com'
supports_plugins='1'
sysconfdir='${prefix}/etc'
target='x86_64-pc-elf'
target_alias='x86_64-elf'
target_cpu='x86_64'
target_noncanonical='x86_64-elf'
target_os='elf'
target_vendor='pc'
tdefaults=' -DDEFAULT_VECTOR=x86_64_elf64_vec -DSELECT_VECS='\''&x86_64_elf64_vec,&i386_elf32_vec,&iamcu_elf32_vec,&x86_64_elf32_vec,&elf64_le_vec,&elf64_be_vec,&elf32_le_vec,&elf32_be_vec'\'' -DSELECT_ARCHITECTURES='\''&bfd_i386_arch,&bfd_iamcu_arch'\'''
wordsize='64'
zlibdir='-L$(top_builddir)/../zlib'
zlibinc='-I$(top_srcdir)/../zlib'

## ----------- ##
## confdefs.h. ##
## ----------- ##

/* confdefs.h */
#define PACKAGE_NAME "bfd"
#define PACKAGE_TARNAME "bfd"
#define PACKAGE_VERSION "2.46"
#define PACKAGE_STRING "bfd 2.46"
#define PACKAGE_BUGREPORT ""
#define PACKAGE_URL ""
#define PACKAGE "bfd"
#define VERSION "2.46"
#define STDC_HEADERS 1
#define HAVE_SYS_TYPES_H 1
#define HAVE_SYS_STAT_H 1
#define HAVE_STDLIB_H 1
#define HAVE_STRING_H 1
#define HAVE_MEMORY_H 1
#define HAVE_STRINGS_H 1
#define HAVE_INTTYPES_H 1
#define HAVE_STDINT_H 1
#define HAVE_UNISTD_H 1
#define __EXTENSIONS__ 1
#define _ALL_SOURCE 1
#define _GNU_SOURCE 1
#define _POSIX_PTHREAD_SEMANTICS 1
#define _TANDEM_SOURCE 1
#define HAVE_DLFCN_H 1
#define LT_OBJDIR ".libs/"
#define HAVE_DLFCN_H 1
#define USE_SECUREPLT 1
#define DEFAULT_LD_Z_SEPARATE_CODE 0
#define SIZEOF_LONG_LONG 8
#define SIZEOF_VOID_P 8
#define SIZEOF_LONG 8
#define SIZEOF_INT 4
#define HAVE_FCNTL_H 1
#define HAVE_SYS_FILE_H 1
#define HAVE_SYS_RESOURCE_H 1
#define HAVE_SYS_STAT_H 1
#define HAVE_SYS_TYPES_H 1
#define HAVE_UNISTD_H 1
#define HAVE_FCNTL 1
#define HAVE_FDOPEN 1
#define HAVE_FILENO 1
#define HAVE_GETGID 1
#define HAVE_GETPAGESIZE 1
#define HAVE_GETRLIMIT 1
#define HAVE_GETUID 1
#define HAVE_SYSCONF 1
#define HAVE_DECL_BASENAME 1
#define HAVE_DECL_FFS 1
#define HAVE_DECL_STPCPY 1
#define HAVE_DECL_ASPRINTF 1
#define HAVE_DECL_VASPRINTF 1
#define HAVE_DECL_STRNLEN 1
#define HAVE_DECL_STRTOULL 1
#define HAVE_DECL____LC_CODEPAGE_FUNC 0
#define TLS thread_local
#define HAVE_ZSTD 1
#define HAVE_HIDDEN 1
#define HAVE_FTELLO 1
#define HAVE_FTELLO64 1
#define HAVE_FSEEKO 1
#define HAVE_FSEEKO64 1
#define HAVE_FOPEN64 1
#define HAVE_DECL_FTELLO 1
#define HAVE_DECL_FTELLO64 1
#define HAVE_DECL_FSEEKO 1
#define HAVE_DECL_FSEEKO64 1
#define HAVE_DECL_FOPEN64 1
#define SIZEOF_OFF_T 8
#define HAVE_STDLIB_H 1
#define HAVE_UNISTD_H 1
#define HAVE_SYS_PARAM_H 1
#define HAVE_GETPAGESIZE 1
#define HAVE_MMAP 1
#define HAVE_MADVISE 1
#define HAVE_MPROTECT 1
#define USE_MMAP 1

configure: exit 0

## ---------------------- ##
## Running config.status. ##
## ---------------------- ##

This file was extended by bfd config.status 2.46, which was
generated by GNU Autoconf 2.69.  Invocation command line was

  CONFIG_FILES    = po/Makefile.in:po/Make-in
  CONFIG_HEADERS  = 
  CONFIG_LINKS    = 
  CONFIG_COMMANDS = 
  $ ./config.status 

on archlinux

config.status:1213: creating po/Makefile.in
config.status:1442: executing depfiles commands
config.status:1442: executing libtool commands
config.status:1442: executing default-1 commands
config.status:1442: executing default commands
