This file contains any messages produced by compilers while
running configure, to aid debugging if configure makes a mistake.

It was created by opcodes configure 2.46, which was
generated by GNU Autoconf 2.69.  Invocation command line was

  $ /home/sirdevhazim/Projects/officals/LunerOS/OS/build-binutils/binutils-with-gold-2.46/opcodes/configure --srcdir=.././opcodes --cache-file=./config.cache --with-gnu-as --with-gnu-ld --prefix=/home/sirdevhazim/opt/cross --with-sysroot --disable-nls --disable-werror --program-transform-name=s&^&x86_64-elf-& --disable-option-checking --disable-year2038 --build=x86_64-pc-linux-gnu --host=x86_64-pc-linux-gnu --target=x86_64-elf

## --------- ##
## Platform. ##
## --------- ##

hostname = archlinux
uname -m = x86_64
uname -r = 6.12.68-1-lts
uname -s = Linux
uname -v = #1 SMP PREEMPT_DYNAMIC Fri, 30 Jan 2026 11:42:40 +0000

/usr/bin/uname -p = unknown
/bin/uname -X     = unknown

/bin/arch              = unknown
/usr/bin/arch -k       = unknown
/usr/convex/getsysinfo = unknown
/usr/bin/hostinfo      = unknown
/bin/machine           = unknown
/usr/bin/oslevel       = unknown
/bin/universe          = unknown

PATH: /home/sirdevhazim/opt/cross/bin
PATH: /usr/local/bin
PATH: /usr/bin
PATH: /var/lib/snapd/snap/bin


## ----------- ##
## Core tests. ##
## ----------- ##

configure:2250: creating cache ./config.cache
configure:2362: checking build system type
configure:2376: result: x86_64-pc-linux-gnu
configure:2396: checking host system type
configure:2409: result: x86_64-pc-linux-gnu
configure:2429: checking target system type
configure:2442: result: x86_64-pc-elf
configure:2485: checking for a BSD-compatible install
configure:2553: result: /usr/bin/install -c
configure:2564: checking whether build environment is sane
configure:2619: result: yes
configure:2770: checking for a thread-safe mkdir -p
configure:2809: result: /usr/bin/mkdir -p
configure:2816: checking for gawk
configure:2843: result: gawk
configure:2854: checking whether make sets $(MAKE)
configure:2876: result: yes
configure:2905: checking whether make supports nested variables
configure:2922: result: yes
configure:3059: checking whether make supports nested variables
configure:3076: result: yes
configure:3096: checking for x86_64-pc-linux-gnu-gcc
configure:3123: result: gcc
configure:3392: checking for C compiler version
configure:3401: gcc --version >&5
gcc (GCC) 15.2.1 20260103
Copyright (C) 2025 Free Software Foundation, Inc.
This is free software; see the source for copying conditions.  There is NO
warranty; not even for MERCHANTABILITY or FITNESS FOR A PARTICULAR PURPOSE.

configure:3412: $? = 0
configure:3401: gcc -v >&5
Using built-in specs.
COLLECT_GCC=gcc
COLLECT_LTO_WRAPPER=/usr/lib/gcc/x86_64-pc-linux-gnu/15.2.1/lto-wrapper
Target: x86_64-pc-linux-gnu
Configured with: /build/gcc/src/gcc/configure --enable-languages=ada,c,c++,d,fortran,go,lto,m2,objc,obj-c++,rust,cobol --enable-bootstrap --prefix=/usr --libdir=/usr/lib --libexecdir=/usr/lib --mandir=/usr/share/man --infodir=/usr/share/info --with-bugurl=https://gitlab.archlinux.org/archlinux/packaging/packages/gcc/-/issues --with-build-config=bootstrap-lto --with-linker-hash-style=gnu --with-system-zlib --enable-__cxa_atexit --enable-cet=auto --enable-checking=release --enable-clocale=gnu --enable-default-pie --enable-default-ssp --enable-gnu-indirect-function --enable-gnu-unique-object --enable-libstdcxx-backtrace --enable-link-serialization=1 --enable-linker-build-id --enable-lto --enable-multilib --enable-plugin --enable-shared --enable-threads=posix --disable-libssp --disable-libstdcxx-pch --disable-werror
Thread model: posix
Supported LTO compression algorithms: zlib zstd
gcc version 15.2.1 20260103 (GCC) 
configure:3412: $? = 0
configure:3401: gcc -V >&5
gcc: error: unrecognized command-line option '-V'
gcc: fatal error: no input files
compilation terminated.
configure:3412: $? = 1
configure:3401: gcc -qversion >&5
gcc: error: unrecognized command-line option '-qversion'; did you mean '--version'?
gcc: fatal error: no input files
compilation terminated.
configure:3412: $? = 1
configure:3432: checking whether the C compiler works
configure:3454: gcc -g -O2        conftest.c  >&5
configure:3458: $? = 0
configure:3506: result: yes
configure:3509: checking for C compiler default output file name
configure:3511: result: a.out
configure:3517: checking for suffix of executables
configure:3524: gcc -o conftest -g -O2        conftest.c  >&5
configure:3528: $? = 0
configure:3550: result: 
configure:3572: checking whether we are cross compiling
configure:3580: gcc -o conftest -g -O2        conftest.c  >&5
configure:3584: $? = 0
configure:3591: ./conftest
configure:3595: $? = 0
configure:3610: result: no
configure:3615: checking for suffix of object files
configure:3637: gcc -c -g -O2      conftest.c >&5
configure:3641: $? = 0
configure:3662: result: o
configure:3666: checking whether we are using the GNU C compiler
configure:3685: gcc -c -g -O2      conftest.c >&5
configure:3685: $? = 0
configure:3694: result: yes
configure:3703: checking whether gcc accepts -g
configure:3723: gcc -c -g  conftest.c >&5
configure:3723: $? = 0
configure:3764: result: yes
configure:3781: checking for gcc option to accept ISO C89
configure:3844: gcc  -c -g -O2      conftest.c >&5
conftest.c: In function 'e':
conftest.c:17:14: warning: old-style function definition [-Wold-style-definition]
   17 | static char *e (p, i)
      |              ^
configure:3844: $? = 0
configure:3857: result: none needed
configure:3882: checking whether gcc understands -c and -o together
configure:3904: gcc -c conftest.c -o conftest2.o
configure:3907: $? = 0
configure:3904: gcc -c conftest.c -o conftest2.o
configure:3907: $? = 0
configure:3919: result: yes
configure:3947: checking for style of include used by make
configure:3975: result: GNU
configure:4001: checking dependency style of gcc
configure:4112: result: gcc3
configure:4133: checking how to run the C preprocessor
configure:4164: gcc -E  conftest.c
configure:4164: $? = 0
configure:4178: gcc -E  conftest.c
conftest.c:11:10: fatal error: ac_nonexistent.h: No such file or directory
   11 | #include <ac_nonexistent.h>
      |          ^~~~~~~~~~~~~~~~~~
compilation terminated.
configure:4178: $? = 1
configure: failed program was:
| /* confdefs.h */
| #define PACKAGE_NAME "opcodes"
| #define PACKAGE_TARNAME "opcodes"
| #define PACKAGE_VERSION "2.46"
| #define PACKAGE_STRING "opcodes 2.46"
| #define PACKAGE_BUGREPORT ""
| #define PACKAGE_URL ""
| #define PACKAGE "opcodes"
| #define VERSION "2.46"
| /* end confdefs.h.  */
| #include <ac_nonexistent.h>
configure:4203: result: gcc -E
configure:4223: gcc -E  conftest.c
configure:4223: $? = 0
configure:4237: gcc -E  conftest.c
conftest.c:11:10: fatal error: ac_nonexistent.h: No such file or directory
   11 | #include <ac_nonexistent.h>
      |          ^~~~~~~~~~~~~~~~~~
compilation terminated.
configure:4237: $? = 1
configure: failed program was:
| /* confdefs.h */
| #define PACKAGE_NAME "opcodes"
| #define PACKAGE_TARNAME "opcodes"
| #define PACKAGE_VERSION "2.46"
| #define PACKAGE_STRING "opcodes 2.46"
| #define PACKAGE_BUGREPORT ""
| #define PACKAGE_URL ""
| #define PACKAGE "opcodes"
| #define VERSION "2.46"
| /* end confdefs.h.  */
| #include <ac_nonexistent.h>
configure:4266: checking for grep that handles long lines and -e
configure:4324: result: /usr/bin/grep
configure:4329: checking for egrep
configure:4391: result: /usr/bin/grep -E
configure:4396: checking for ANSI C header files
configure:4416: gcc -c -g -O2      conftest.c >&5
configure:4416: $? = 0
configure:4489: gcc -o conftest -g -O2        conftest.c  >&5
configure:4489: $? = 0
configure:4489: ./conftest
configure:4489: $? = 0
configure:4500: result: yes
configure:4513: checking for sys/types.h
configure:4513: gcc -c -g -O2      conftest.c >&5
configure:4513: $? = 0
configure:4513: result: yes
configure:4513: checking for sys/stat.h
configure:4513: gcc -c -g -O2      conftest.c >&5
configure:4513: $? = 0
configure:4513: result: yes
configure:4513: checking for stdlib.h
configure:4513: gcc -c -g -O2      conftest.c >&5
configure:4513: $? = 0
configure:4513: result: yes
configure:4513: checking for string.h
configure:4513: gcc -c -g -O2      conftest.c >&5
configure:4513: $? = 0
configure:4513: result: yes
configure:4513: checking for memory.h
configure:4513: gcc -c -g -O2      conftest.c >&5
configure:4513: $? = 0
configure:4513: result: yes
configure:4513: checking for strings.h
configure:4513: gcc -c -g -O2      conftest.c >&5
configure:4513: $? = 0
configure:4513: result: yes
configure:4513: checking for inttypes.h
configure:4513: gcc -c -g -O2      conftest.c >&5
configure:4513: $? = 0
configure:4513: result: yes
configure:4513: checking for stdint.h
configure:4513: gcc -c -g -O2      conftest.c >&5
configure:4513: $? = 0
configure:4513: result: yes
configure:4513: checking for unistd.h
configure:4513: gcc -c -g -O2      conftest.c >&5
configure:4513: $? = 0
configure:4513: result: yes
configure:4526: checking minix/config.h usability
configure:4526: gcc -c -g -O2      conftest.c >&5
conftest.c:54:10: fatal error: minix/config.h: No such file or directory
   54 | #include <minix/config.h>
      |          ^~~~~~~~~~~~~~~~
compilation terminated.
configure:4526: $? = 1
configure: failed program was:
| /* confdefs.h */
| #define PACKAGE_NAME "opcodes"
| #define PACKAGE_TARNAME "opcodes"
| #define PACKAGE_VERSION "2.46"
| #define PACKAGE_STRING "opcodes 2.46"
| #define PACKAGE_BUGREPORT ""
| #define PACKAGE_URL ""
| #define PACKAGE "opcodes"
| #define VERSION "2.46"
| #define STDC_HEADERS 1
| #define HAVE_SYS_TYPES_H 1
| #define HAVE_SYS_STAT_H 1
| #define HAVE_STDLIB_H 1
| #define HAVE_STRING_H 1
| #define HAVE_MEMORY_H 1
| #define HAVE_STRINGS_H 1
| #define HAVE_INTTYPES_H 1
| #define HAVE_STDINT_H 1
| #define HAVE_UNISTD_H 1
| /* end confdefs.h.  */
| #include <stdio.h>
| #ifdef HAVE_SYS_TYPES_H
| # include <sys/types.h>
| #endif
| #ifdef HAVE_SYS_STAT_H
| # include <sys/stat.h>
| #endif
| #ifdef STDC_HEADERS
| # include <stdlib.h>
| # include <stddef.h>
| #else
| # ifdef HAVE_STDLIB_H
| #  include <stdlib.h>
| # endif
| #endif
| #ifdef HAVE_STRING_H
| # if !defined STDC_HEADERS && defined HAVE_MEMORY_H
| #  include <memory.h>
| # endif
| # include <string.h>
| #endif
| #ifdef HAVE_STRINGS_H
| # include <strings.h>
| #endif
| #ifdef HAVE_INTTYPES_H
| # include <inttypes.h>
| #endif
| #ifdef HAVE_STDINT_H
| # include <stdint.h>
| #endif
| #ifdef HAVE_UNISTD_H
| # include <unistd.h>
| #endif
| #include <minix/config.h>
configure:4526: result: no
configure:4526: checking minix/config.h presence
configure:4526: gcc -E  conftest.c
conftest.c:21:10: fatal error: minix/config.h: No such file or directory
   21 | #include <minix/config.h>
      |          ^~~~~~~~~~~~~~~~
compilation terminated.
configure:4526: $? = 1
configure: failed program was:
| /* confdefs.h */
| #define PACKAGE_NAME "opcodes"
| #define PACKAGE_TARNAME "opcodes"
| #define PACKAGE_VERSION "2.46"
| #define PACKAGE_STRING "opcodes 2.46"
| #define PACKAGE_BUGREPORT ""
| #define PACKAGE_URL ""
| #define PACKAGE "opcodes"
| #define VERSION "2.46"
| #define STDC_HEADERS 1
| #define HAVE_SYS_TYPES_H 1
| #define HAVE_SYS_STAT_H 1
| #define HAVE_STDLIB_H 1
| #define HAVE_STRING_H 1
| #define HAVE_MEMORY_H 1
| #define HAVE_STRINGS_H 1
| #define HAVE_INTTYPES_H 1
| #define HAVE_STDINT_H 1
| #define HAVE_UNISTD_H 1
| /* end confdefs.h.  */
| #include <minix/config.h>
configure:4526: result: no
configure:4526: checking for minix/config.h
configure:4526: result: no
configure:4547: checking whether it is safe to define __EXTENSIONS__
configure:4565: gcc -c -g -O2      conftest.c >&5
configure:4565: $? = 0
configure:4572: result: yes
configure:4590: checking for x86_64-pc-linux-gnu-ar
configure:4617: result: ar --plugin /usr/lib/gcc/x86_64-pc-linux-gnu/15.2.1/liblto_plugin.so
configure:4682: checking for x86_64-pc-linux-gnu-ranlib
configure:4709: result: ranlib --plugin /usr/lib/gcc/x86_64-pc-linux-gnu/15.2.1/liblto_plugin.so
configure:4850: checking how to print strings
configure:4877: result: printf
configure:4898: checking for a sed that does not truncate output
configure:4962: result: /usr/bin/sed
configure:4980: checking for fgrep
configure:5042: result: /usr/bin/grep -F
configure:5077: checking for ld used by gcc
configure:5144: result: ld
configure:5151: checking if the linker (ld) is GNU ld
configure:5166: result: yes
configure:5178: checking for BSD- or MS-compatible name lister (nm)
configure:5234: result: /usr/bin/nm --plugin /usr/lib/gcc/x86_64-pc-linux-gnu/15.2.1/liblto_plugin.so -B
configure:5364: checking the name lister (/usr/bin/nm --plugin /usr/lib/gcc/x86_64-pc-linux-gnu/15.2.1/liblto_plugin.so -B) interface
configure:5371: gcc -c -g -O2      conftest.c >&5
configure:5374: /usr/bin/nm --plugin /usr/lib/gcc/x86_64-pc-linux-gnu/15.2.1/liblto_plugin.so -B "conftest.o"
configure:5377: output
0000000000000000 B some_variable
configure:5384: result: BSD nm
configure:5387: checking whether ln -s works
configure:5391: result: yes
configure:5399: checking the maximum length of command line arguments
configure:5524: result: 1572864
configure:5541: checking whether the shell understands some XSI constructs
configure:5551: result: yes
configure:5555: checking whether the shell understands "+="
configure:5561: result: yes
configure:5596: checking for ld option to reload object files
configure:5603: result: -r
configure:5632: checking for x86_64-pc-linux-gnu-objdump
configure:5659: result: objdump
configure:5731: checking how to recognize dependent libraries
configure:5937: result: pass_all
configure:5957: checking for clang
configure:5980: result: no
configure:5985: checking for x86_64-pc-linux-gnu-llvm-config
configure:6015: result: no
configure:6025: checking for llvm-config
configure:6041: found /usr/bin/llvm-config
configure:6052: result: llvm-config
configure:6212: checking for x86_64-pc-linux-gnu-ar
configure:6239: result: ar --plugin /usr/lib/gcc/x86_64-pc-linux-gnu/15.2.1/liblto_plugin.so
configure:6304: checking for -plugin option
configure:6322: result: --plugin /usr/lib/gcc/x86_64-pc-linux-gnu/15.2.1/liblto_plugin.so
configure:6339: checking for x86_64-pc-linux-gnu-ar
configure:6366: result: ar --plugin /usr/lib/gcc/x86_64-pc-linux-gnu/15.2.1/liblto_plugin.so
configure:6455: checking for x86_64-pc-linux-gnu-strip
configure:6485: result: no
configure:6495: checking for strip
configure:6511: found /usr/bin/strip
configure:6522: result: strip
configure:6554: checking for x86_64-pc-linux-gnu-ranlib
configure:6581: result: ranlib --plugin /usr/lib/gcc/x86_64-pc-linux-gnu/15.2.1/liblto_plugin.so
configure:6734: checking command to parse /usr/bin/nm --plugin /usr/lib/gcc/x86_64-pc-linux-gnu/15.2.1/liblto_plugin.so -B output from gcc object
configure:6852: gcc -c -g -O2      conftest.c >&5
configure:6855: $? = 0
configure:6859: /usr/bin/nm --plugin /usr/lib/gcc/x86_64-pc-linux-gnu/15.2.1/liblto_plugin.so -B conftest.o \| sed -n -e 's/^.*[ ]\([ABCDGIRSTW][ABCDGIRSTW]*\)[ ][ ]*\([_A-Za-z][_A-Za-z0-9]*\)$/\1 \2 \2/p' \> conftest.nm
configure:6862: $? = 0
configure:6916: gcc -o conftest -g -O2        conftest.c conftstm.o >&5
configure:6919: $? = 0
configure:6957: result: ok
configure:7052: gcc -c -g -O2      conftest.c >&5
configure:7055: $? = 0
configure:7807: checking for dlfcn.h
configure:7807: gcc -c -g -O2      conftest.c >&5
configure:7807: $? = 0
configure:7807: result: yes
configure:7964: checking for objdir
configure:7979: result: .libs
configure:8250: checking if gcc supports -fno-rtti -fno-exceptions
configure:8268: gcc -c -g -O2      -fno-rtti -fno-exceptions conftest.c >&5
cc1: warning: command-line option '-fno-rtti' is valid for C++/D/ObjC++ but not for C
configure:8272: $? = 0
configure:8285: result: no
configure:8305: checking for gcc option to produce PIC
configure:8591: result: -fPIC -DPIC
configure:8603: checking if gcc PIC flag -fPIC -DPIC works
configure:8621: gcc -c -g -O2      -fPIC -DPIC -DPIC conftest.c >&5
configure:8625: $? = 0
configure:8638: result: yes
configure:8662: checking if gcc static flag -static works
configure:8690: result: yes
configure:8705: checking if gcc supports -c -o file.o
configure:8726: gcc -c -g -O2      -o out/conftest2.o conftest.c >&5
configure:8730: $? = 0
configure:8752: result: yes
configure:8760: checking if gcc supports -c -o file.o
configure:8807: result: yes
configure:8840: checking whether the gcc linker (ld -m elf_x86_64) supports shared libraries
configure:9911: result: yes
configure:10156: checking dynamic linker characteristics
configure:10602: gcc -o conftest -g -O2        -Wl,-rpath -Wl,/foo conftest.c  >&5
configure:10602: $? = 0
configure:10843: result: GNU/Linux ld.so
configure:10950: checking how to hardcode library paths into programs
configure:10975: result: immediate
configure:11515: checking whether stripping libraries is possible
configure:11520: result: yes
configure:11555: checking if libtool supports shared libraries
configure:11557: result: yes
configure:11560: checking whether to build shared libraries
configure:11581: result: no
configure:11584: checking whether to build static libraries
configure:11588: result: yes
configure:11832: checking whether to enable maintainer-specific portions of Makefiles
configure:11841: result: no
configure:11869: checking whether to install libbfd
configure:11882: result: no
configure:11929: checking whether NLS is requested
configure:11938: result: no
configure:11976: checking for msgfmt
configure:12007: result: /usr/bin/msgfmt
configure:12016: checking for gmsgfmt
configure:12047: result: /usr/bin/msgfmt
configure:12087: checking for xgettext
configure:12118: result: /usr/bin/xgettext
configure:12158: checking for msgmerge
configure:12188: result: /usr/bin/msgmerge
configure:12263: checking for ld used by GCC
configure:12326: result: ld -m elf_x86_64
configure:12333: checking if the linker (ld -m elf_x86_64) is GNU ld
GNU ld (GNU Binutils) 2.45.1
configure:12345: result: yes
configure:12351: checking for shared library run path origin
configure:12364: result: done
configure:12811: checking for CFPreferencesCopyAppValue
configure:12829: gcc -o conftest -g -O2        conftest.c  -Wl,-framework -Wl,CoreFoundation >&5
conftest.c:28:10: fatal error: CoreFoundation/CFPreferences.h: No such file or directory
   28 | #include <CoreFoundation/CFPreferences.h>
      |          ^~~~~~~~~~~~~~~~~~~~~~~~~~~~~~~~
compilation terminated.
configure:12829: $? = 1
configure: failed program was:
| /* confdefs.h */
| #define PACKAGE_NAME "opcodes"
| #define PACKAGE_TARNAME "opcodes"
| #define PACKAGE_VERSION "2.46"
| #define PACKAGE_STRING "opcodes 2.46"
| #define PACKAGE_BUGREPORT ""
| #define PACKAGE_URL ""
| #define PACKAGE "opcodes"
| #define VERSION "2.46"
| #define STDC_HEADERS 1
| #define HAVE_SYS_TYPES_H 1
| #define HAVE_SYS_STAT_H 1
| #define HAVE_STDLIB_H 1
| #define HAVE_STRING_H 1
| #define HAVE_MEMORY_H 1
| #define HAVE_STRINGS_H 1
| #define HAVE_INTTYPES_H 1
| #define HAVE_STDINT_H 1
| #define HAVE_UNISTD_H 1
| #define __EXTENSIONS__ 1
| #define _ALL_SOURCE 1
| #define _GNU_SOURCE 1
| #define _POSIX_PTHREAD_SEMANTICS 1
| #define _TANDEM_SOURCE 1
| #define HAVE_DLFCN_H 1
| #define LT_OBJDIR ".libs/"
| /* end confdefs.h.  */
| #include <CoreFoundation/CFPreferences.h>
| int
| main ()
| {
| CFPreferencesCopyAppValue(NULL, NULL)
|   ;
|   return 0;
| }
configure:12838: result: no
configure:12845: checking for CFLocaleCopyPreferredLanguages
configure:12863: gcc -o conftest -g -O2        conftest.c  -Wl,-framework -Wl,CoreFoundation >&5
conftest.c:28:10: fatal error: CoreFoundation/CFLocale.h: No such file or directory
   28 | #include <CoreFoundation/CFLocale.h>
      |          ^~~~~~~~~~~~~~~~~~~~~~~~~~~
compilation terminated.
configure:12863: $? = 1
configure: failed program was:
| /* confdefs.h */
| #define PACKAGE_NAME "opcodes"
| #define PACKAGE_TARNAME "opcodes"
| #define PACKAGE_VERSION "2.46"
| #define PACKAGE_STRING "opcodes 2.46"
| #define PACKAGE_BUGREPORT ""
| #define PACKAGE_URL ""
| #define PACKAGE "opcodes"
| #define VERSION "2.46"
| #define STDC_HEADERS 1
| #define HAVE_SYS_TYPES_H 1
| #define HAVE_SYS_STAT_H 1
| #define HAVE_STDLIB_H 1
| #define HAVE_STRING_H 1
| #define HAVE_MEMORY_H 1
| #define HAVE_STRINGS_H 1
| #define HAVE_INTTYPES_H 1
| #define HAVE_STDINT_H 1
| #define HAVE_UNISTD_H 1
| #define __EXTENSIONS__ 1
| #define _ALL_SOURCE 1
| #define _GNU_SOURCE 1
| #define _POSIX_PTHREAD_SEMANTICS 1
| #define _TANDEM_SOURCE 1
| #define HAVE_DLFCN_H 1
| #define LT_OBJDIR ".libs/"
| /* end confdefs.h.  */
| #include <CoreFoundation/CFLocale.h>
| int
| main ()
| {
| CFLocaleCopyPreferredLanguages();
|   ;
|   return 0;
| }
configure:12872: result: no
configure:13752: checking whether to use NLS
configure:13754: result: no
configure:13837: checking whether NLS is requested
configure:13840: result: no
configure:13942: checking whether BFD is 64-bit
configure:13965: result: yes
configure:13972: checking whether basename is declared
configure:13972: gcc -c -g -O2      conftest.c >&5
configure:13972: $? = 0
configure:13972: result: yes
configure:13982: checking whether stpcpy is declared
configure:13982: gcc -c -g -O2      conftest.c >&5
configure:13982: $? = 0
configure:13982: result: yes
configure:13996: checking for sigsetjmp
configure:14014: gcc -c -g -O2      conftest.c >&5
configure:14014: $? = 0
configure:14021: result: 
configure:14068: checking linker --as-needed support
configure:14079: result: yes
configure:14170: checking for cos in -lm
configure:14195: gcc -o conftest -g -O2        conftest.c -lm   >&5
conftest.c:38:6: warning: conflicting types for built-in function 'cos'; expected 'double(double)' [-Wbuiltin-declaration-mismatch]
   38 | char cos ();
      |      ^~~
conftest.c:1:1: note: 'cos' is declared in header '<math.h>'
    1 | /* confdefs.h */
configure:14195: $? = 0
configure:14204: result: yes
configure:14523: updating cache ./config.cache
configure:14567: checking that generated files are newer than configure
configure:14573: result: done
configure:14608: creating ./config.status

## ---------------------- ##
## Running config.status. ##
## ---------------------- ##

This file was extended by opcodes config.status 2.46, which was
generated by GNU Autoconf 2.69.  Invocation command line was

  CONFIG_FILES    = 
  CONFIG_HEADERS  = 
  CONFIG_LINKS    = 
  CONFIG_COMMANDS = 
  $ ./config.status 

on archlinux

config.status:1136: creating Makefile
config.status:1136: creating po/Makefile.in
config.status:1136: creating config.h
config.status:1365: executing depfiles commands
config.status:1365: executing libtool commands
config.status:1365: executing default-1 commands

## ---------------- ##
## Cache variables. ##
## ---------------- ##

ac_cv_build=x86_64-pc-linux-gnu
ac_cv_c_compiler_gnu=yes
ac_cv_env_CC_set=set
ac_cv_env_CC_value=gcc
ac_cv_env_CFLAGS_set=set
ac_cv_env_CFLAGS_value='-g -O2    '
ac_cv_env_CPPFLAGS_set=
ac_cv_env_CPPFLAGS_value=
ac_cv_env_CPP_set=
ac_cv_env_CPP_value=
ac_cv_env_LDFLAGS_set=set
ac_cv_env_LDFLAGS_value=' '
ac_cv_env_LIBS_set=
ac_cv_env_LIBS_value=
ac_cv_env_build_alias_set=set
ac_cv_env_build_alias_value=x86_64-pc-linux-gnu
ac_cv_env_host_alias_set=set
ac_cv_env_host_alias_value=x86_64-pc-linux-gnu
ac_cv_env_target_alias_set=set
ac_cv_env_target_alias_value=x86_64-elf
ac_cv_have_decl_basename=yes
ac_cv_have_decl_stpcpy=yes
ac_cv_header_dlfcn_h=yes
ac_cv_header_inttypes_h=yes
ac_cv_header_memory_h=yes
ac_cv_header_minix_config_h=no
ac_cv_header_stdc=yes
ac_cv_header_stdint_h=yes
ac_cv_header_stdlib_h=yes
ac_cv_header_string_h=yes
ac_cv_header_strings_h=yes
ac_cv_header_sys_stat_h=yes
ac_cv_header_sys_types_h=yes
ac_cv_header_unistd_h=yes
ac_cv_host=x86_64-pc-linux-gnu
ac_cv_lib_m_cos=yes
ac_cv_objext=o
ac_cv_path_EGREP='/usr/bin/grep -E'
ac_cv_path_FGREP='/usr/bin/grep -F'
ac_cv_path_GMSGFMT=/usr/bin/msgfmt
ac_cv_path_GREP=/usr/bin/grep
ac_cv_path_MSGFMT=/usr/bin/msgfmt
ac_cv_path_MSGMERGE=/usr/bin/msgmerge
ac_cv_path_SED=/usr/bin/sed
ac_cv_path_XGETTEXT=/usr/bin/xgettext
ac_cv_path_mkdir=/usr/bin/mkdir
ac_cv_prog_AR='ar --plugin /usr/lib/gcc/x86_64-pc-linux-gnu/15.2.1/liblto_plugin.so'
ac_cv_prog_AWK=gawk
ac_cv_prog_CC=gcc
ac_cv_prog_CPP='gcc -E'
ac_cv_prog_OBJDUMP=objdump
ac_cv_prog_RANLIB='ranlib --plugin /usr/lib/gcc/x86_64-pc-linux-gnu/15.2.1/liblto_plugin.so'
ac_cv_prog_ac_ct_LLVM_CONFIG=llvm-config
ac_cv_prog_ac_ct_STRIP=strip
ac_cv_prog_cc_c89=
ac_cv_prog_cc_g=yes
ac_cv_prog_make_make_set=yes
ac_cv_safe_to_define___extensions__=yes
ac_cv_target=x86_64-pc-elf
acl_cv_hardcode_direct=no
acl_cv_hardcode_libdir_flag_spec='${wl}-rpath ${wl}$libdir'
acl_cv_hardcode_libdir_separator=
acl_cv_hardcode_minus_L=no
acl_cv_libext=a
acl_cv_path_LD='ld -m elf_x86_64'
acl_cv_prog_gnu_ld=yes
acl_cv_rpath=done
acl_cv_shlibext=so
acl_cv_wl=-Wl,
am_cv_CC_dependencies_compiler_type=gcc3
am_cv_make_support_nested_variables=yes
am_cv_prog_cc_c_o=yes
bfd_cv_func_sigsetjmp=yes
bfd_cv_ld_as_needed=yes
clang_cv_is_clang=no
gt_cv_func_CFLocaleCopyPreferredLanguages=no
gt_cv_func_CFPreferencesCopyAppValue=no
lt_cv_deplibs_check_method=pass_all
lt_cv_file_magic_cmd='$MAGIC_CMD'
lt_cv_file_magic_test_file=
lt_cv_ld_reload_flag=-r
lt_cv_nm_interface='BSD nm'
lt_cv_objdir=.libs
lt_cv_path_LD=ld
lt_cv_path_NM='/usr/bin/nm --plugin /usr/lib/gcc/x86_64-pc-linux-gnu/15.2.1/liblto_plugin.so -B'
lt_cv_prog_compiler_c_o=yes
lt_cv_prog_compiler_pic_works=yes
lt_cv_prog_compiler_rtti_exceptions=no
lt_cv_prog_compiler_static_works=yes
lt_cv_prog_gnu_ld=yes
lt_cv_shlibpath_overrides_runpath=yes
lt_cv_sys_global_symbol_pipe='sed -n -e '\''s/^.*[	 ]\([ABCDGIRSTW][ABCDGIRSTW]*\)[	 ][	 ]*\([_A-Za-z][_A-Za-z0-9]*\)$/\1 \2 \2/p'\'''
lt_cv_sys_global_symbol_to_c_name_address='sed -n -e '\''s/^: \([^ ]*\) $/  {\"\1\", (void *) 0},/p'\'' -e '\''s/^[ABCDGIRSTW]* \([^ ]*\) \([^ ]*\)$/  {"\2", (void *) \&\2},/p'\'''
lt_cv_sys_global_symbol_to_c_name_address_lib_prefix='sed -n -e '\''s/^: \([^ ]*\) $/  {\"\1\", (void *) 0},/p'\'' -e '\''s/^[ABCDGIRSTW]* \([^ ]*\) \(lib[^ ]*\)$/  {"\2", (void *) \&\2},/p'\'' -e '\''s/^[ABCDGIRSTW]* \([^ ]*\) \([^ ]*\)$/  {"lib\2", (void *) \&\2},/p'\'''
lt_cv_sys_global_symbol_to_cdecl='sed -n -e '\''s/^T .* \(.*\)$/extern int \1();/p'\'' -e '\''s/^[ABCDGIRSTW]* .* \(.*\)$/extern char \1;/p'\'''
lt_cv_sys_max_cmd_len=1572864

## ----------------- ##
## Output variables. ##
## ----------------- ##

ACLOCAL='${SHELL} /home/sirdevhazim/Projects/officals/LunerOS/OS/build-binutils/binutils-with-gold-2.46/missing aclocal-1.15'
AMDEPBACKSLASH='\'
AMDEP_FALSE='#'
AMDEP_TRUE=''
AMTAR='$${TAR-tar}'
AM_BACKSLASH='\'
AM_DEFAULT_V='$(AM_DEFAULT_VERBOSITY)'
AM_DEFAULT_VERBOSITY='0'
AM_V='$(V)'
AR='ar --plugin /usr/lib/gcc/x86_64-pc-linux-gnu/15.2.1/liblto_plugin.so'
AUTOCONF='${SHELL} /home/sirdevhazim/Projects/officals/LunerOS/OS/build-binutils/binutils-with-gold-2.46/missing autoconf'
AUTOHEADER='${SHELL} /home/sirdevhazim/Projects/officals/LunerOS/OS/build-binutils/binutils-with-gold-2.46/missing autoheader'
AUTOMAKE='${SHELL} /home/sirdevhazim/Projects/officals/LunerOS/OS/build-binutils/binutils-with-gold-2.46/missing automake-1.15'
AWK='gawk'
BFD_MACHINES=' i386-dis.lo'
BUILD_LIBS='../libiberty/libiberty.a '
BUILD_LIB_DEPS='../libiberty/libiberty.a '
CATALOGS=''
CATOBJEXT=''
CC='gcc'
CCDEPMODE='depmode=gcc3'
CC_FOR_BUILD='gcc'
CFLAGS='-g -O2    '
CGEN_MAINT_FALSE=''
CGEN_MAINT_TRUE='#'
CPP='gcc -E'
CPPFLAGS=''
CYGPATH_W='echo'
DATADIRNAME=''
DEFS='-DHAVE_CONFIG_H'
DEPDIR='.deps'
DSYMUTIL='dsymutil'
DUMPBIN=''
ECHO_C=''
ECHO_N='-n'
ECHO_T=''
EGREP='/usr/bin/grep -E'
EXEEXT=''
EXEEXT_FOR_BUILD='$(EXEEXT)'
FGREP='/usr/bin/grep -F'
GENCAT=''
GMSGFMT='/usr/bin/msgfmt'
GREP='/usr/bin/grep'
HDEFINES=''
INCINTL=''
INSTALL_DATA='/usr/bin/install -c -m 644'
INSTALL_LIBBFD_FALSE=''
INSTALL_LIBBFD_TRUE='#'
INSTALL_PROGRAM='/usr/bin/install -c'
INSTALL_SCRIPT='/usr/bin/install -c'
INSTALL_STRIP_PROGRAM='$(install_sh) -c -s'
INSTOBJEXT=''
INTLLIBS=''
INTL_MACOSX_LIBS=''
LD='ld -m elf_x86_64'
LDFLAGS=' '
LIBICONV='-liconv'
LIBINTL=''
LIBINTL_DEP=''
LIBM='-lm'
LIBOBJS=''
LIBS=''
LIBTOOL='$(SHELL) $(top_builddir)/libtool'
LIPO=''
LLVM_CONFIG='llvm-config'
LN_S='ln -s'
LTLIBICONV='-liconv'
LTLIBINTL=''
LTLIBOBJS=''
MAINT='#'
MAINTAINER_MODE_FALSE=''
MAINTAINER_MODE_TRUE='#'
MAKEINFO='makeinfo --split-size=5000000'
MKDIR_P='/usr/bin/mkdir -p'
MKINSTALLDIRS='$(top_builddir)/./../mkinstalldirs'
MSGFMT='/usr/bin/msgfmt'
MSGMERGE='/usr/bin/msgmerge'
NM='/usr/bin/nm --plugin /usr/lib/gcc/x86_64-pc-linux-gnu/15.2.1/liblto_plugin.so -B'
NMEDIT=''
NO_WERROR=''
OBJDUMP='objdump'
OBJEXT='o'
OTOOL64=''
OTOOL='otool'
PACKAGE='opcodes'
PACKAGE_BUGREPORT=''
PACKAGE_NAME='opcodes'
PACKAGE_STRING='opcodes 2.46'
PACKAGE_TARNAME='opcodes'
PACKAGE_URL=''
PACKAGE_VERSION='2.46'
PATH_SEPARATOR=':'
POSUB=''
RANLIB='ranlib --plugin /usr/lib/gcc/x86_64-pc-linux-gnu/15.2.1/liblto_plugin.so'
SED='/usr/bin/sed'
SET_MAKE=''
SHARED_DEPENDENCIES=''
SHARED_LDFLAGS=''
SHARED_LIBADD=' '
SHELL='/bin/sh'
STRIP='strip'
USE_NLS='no'
VERSION='2.46'
WARN_CFLAGS='-W -Wall -Wstrict-prototypes -Wmissing-prototypes -Wshadow -Wstack-usage=262144'
WARN_CFLAGS_FOR_BUILD='-W -Wall -Wstrict-prototypes -Wmissing-prototypes -Wshadow -Wstack-usage=262144'
WARN_WRITE_STRINGS='-Wwrite-strings'
XGETTEXT='/usr/bin/xgettext'
ac_ct_CC=''
ac_ct_DUMPBIN=''
am__EXEEXT_FALSE=''
am__EXEEXT_TRUE='#'
am__fastdepCC_FALSE='#'
am__fastdepCC_TRUE=''
am__include='include'
am__isrc=''
am__leading_dot='.'
am__nodep='_no'
am__quote=''
am__tar='$${TAR-tar} chof - "$$tardir"'
am__untar='$${TAR-tar} xf -'
archdefs=' -DARCH_i386 -DARCH_iamcu'
bfdincludedir='$(exec_prefix)/$(host_noncanonical)/$(target_noncanonical)/include'
bfdlibdir='$(exec_prefix)/$(host_noncanonical)/$(target_noncanonical)/lib'
bindir='${exec_prefix}/bin'
build='x86_64-pc-linux-gnu'
build_alias='x86_64-pc-linux-gnu'
build_cpu='x86_64'
build_os='linux-gnu'
build_vendor='pc'
cgendir='$(srcdir)/../../cgen'
datadir='${datarootdir}'
datarootdir='${prefix}/share'
docdir='${datarootdir}/doc/${PACKAGE_TARNAME}'
dvidir='${docdir}'
exec_prefix='${prefix}'
host='x86_64-pc-linux-gnu'
host_alias='x86_64-pc-linux-gnu'
host_cpu='x86_64'
host_noncanonical='x86_64-pc-linux-gnu'
host_os='linux-gnu'
host_vendor='pc'
htmldir='${docdir}'
includedir='${prefix}/include'
infodir='${datarootdir}/info'
install_sh='${SHELL} /home/sirdevhazim/Projects/officals/LunerOS/OS/build-binutils/binutils-with-gold-2.46/install-sh'
libdir='${exec_prefix}/lib'
libexecdir='${exec_prefix}/libexec'
localedir='${datarootdir}/locale'
localstatedir='${prefix}/var'
mandir='${datarootdir}/man'
mkdir_p='$(MKDIR_P)'
oldincludedir='/usr/include'
pdfdir='${docdir}'
prefix='/home/sirdevhazim/opt/cross'
program_transform_name='s&^&x86_64-elf-&'
psdir='${docdir}'
sbindir='${exec_prefix}/sbin'
sharedstatedir='${prefix}/com'
sysconfdir='${prefix}/etc'
target='x86_64-pc-elf'
target_alias='x86_64-elf'
target_cpu='x86_64'
target_noncanonical='x86_64-elf'
target_os='elf'
target_vendor='pc'

## ----------- ##
## confdefs.h. ##
## ----------- ##

/* confdefs.h */
#define PACKAGE_NAME "opcodes"
#define PACKAGE_TARNAME "opcodes"
#define PACKAGE_VERSION "2.46"
#define PACKAGE_STRING "opcodes 2.46"
#define PACKAGE_BUGREPORT ""
#define PACKAGE_URL ""
#define PACKAGE "opcodes"
#define VERSION "2.46"
#define STDC_HEADERS 1
#define HAVE_SYS_TYPES_H 1
#define HAVE_SYS_STAT_H 1
#define HAVE_STDLIB_H 1
#define HAVE_STRING_H 1
#define HAVE_MEMORY_H 1
#define HAVE_STRINGS_H 1
#define HAVE_INTTYPES_H 1
#define HAVE_STDINT_H 1
#define HAVE_UNISTD_H 1
#define __EXTENSIONS__ 1
#define _ALL_SOURCE 1
#define _GNU_SOURCE 1
#define _POSIX_PTHREAD_SEMANTICS 1
#define _TANDEM_SOURCE 1
#define HAVE_DLFCN_H 1
#define LT_OBJDIR ".libs/"
#define HAVE_DECL_BASENAME 1
#define HAVE_DECL_STPCPY 1
#define HAVE_SIGSETJMP 1

configure: exit 0
