This file contains any messages produced by compilers while
running configure, to aid debugging if configure makes a mistake.

It was created by libctf configure 1.2.0, which was
generated by GNU Autoconf 2.69.  Invocation command line was

  $ /home/sirdevhazim/Projects/officals/LunerOS/OS/build-binutils/binutils-with-gold-2.46/libctf/configure --srcdir=.././libctf --cache-file=./config.cache --with-gnu-as --with-gnu-ld --prefix=/home/sirdevhazim/opt/cross --with-sysroot --disable-nls --disable-werror --program-transform-name=s&^&x86_64-elf-& --disable-option-checking --disable-year2038 --build=x86_64-pc-linux-gnu --host=x86_64-pc-linux-gnu --target=x86_64-elf

## --------- ##
## Platform. ##
## --------- ##

hostname = archlinux
uname -m = x86_64
uname -r = 6.12.68-1-lts
uname -s = Linux
uname -v = #1 SMP PREEMPT_DYNAMIC Fri, 30 Jan 2026 11:42:40 +0000

/usr/bin/uname -p = unknown
/bin/uname -X     = unknown

/bin/arch              = unknown
/usr/bin/arch -k       = unknown
/usr/convex/getsysinfo = unknown
/usr/bin/hostinfo      = unknown
/bin/machine           = unknown
/usr/bin/oslevel       = unknown
/bin/universe          = unknown

PATH: /home/sirdevhazim/opt/cross/bin
PATH: /usr/local/bin
PATH: /usr/bin
PATH: /var/lib/snapd/snap/bin


## ----------- ##
## Core tests. ##
## ----------- ##

configure:2254: creating cache ./config.cache
configure:2369: checking build system type
configure:2383: result: x86_64-pc-linux-gnu
configure:2403: checking host system type
configure:2416: result: x86_64-pc-linux-gnu
configure:2436: checking target system type
configure:2449: result: x86_64-pc-elf
configure:2486: checking for x86_64-pc-linux-gnu-gcc
configure:2513: result: gcc
configure:2782: checking for C compiler version
configure:2791: gcc --version >&5
gcc (GCC) 15.2.1 20260103
Copyright (C) 2025 Free Software Foundation, Inc.
This is free software; see the source for copying conditions.  There is NO
warranty; not even for MERCHANTABILITY or FITNESS FOR A PARTICULAR PURPOSE.

configure:2802: $? = 0
configure:2791: gcc -v >&5
Using built-in specs.
COLLECT_GCC=gcc
COLLECT_LTO_WRAPPER=/usr/lib/gcc/x86_64-pc-linux-gnu/15.2.1/lto-wrapper
Target: x86_64-pc-linux-gnu
Configured with: /build/gcc/src/gcc/configure --enable-languages=ada,c,c++,d,fortran,go,lto,m2,objc,obj-c++,rust,cobol --enable-bootstrap --prefix=/usr --libdir=/usr/lib --libexecdir=/usr/lib --mandir=/usr/share/man --infodir=/usr/share/info --with-bugurl=https://gitlab.archlinux.org/archlinux/packaging/packages/gcc/-/issues --with-build-config=bootstrap-lto --with-linker-hash-style=gnu --with-system-zlib --enable-__cxa_atexit --enable-cet=auto --enable-checking=release --enable-clocale=gnu --enable-default-pie --enable-default-ssp --enable-gnu-indirect-function --enable-gnu-unique-object --enable-libstdcxx-backtrace --enable-link-serialization=1 --enable-linker-build-id --enable-lto --enable-multilib --enable-plugin --enable-shared --enable-threads=posix --disable-libssp --disable-libstdcxx-pch --disable-werror
Thread model: posix
Supported LTO compression algorithms: zlib zstd
gcc version 15.2.1 20260103 (GCC) 
configure:2802: $? = 0
configure:2791: gcc -V >&5
gcc: error: unrecognized command-line option '-V'
gcc: fatal error: no input files
compilation terminated.
configure:2802: $? = 1
configure:2791: gcc -qversion >&5
gcc: error: unrecognized command-line option '-qversion'; did you mean '--version'?
gcc: fatal error: no input files
compilation terminated.
configure:2802: $? = 1
configure:2822: checking whether the C compiler works
configure:2844: gcc -g -O2        conftest.c  >&5
configure:2848: $? = 0
configure:2896: result: yes
configure:2899: checking for C compiler default output file name
configure:2901: result: a.out
configure:2907: checking for suffix of executables
configure:2914: gcc -o conftest -g -O2        conftest.c  >&5
configure:2918: $? = 0
configure:2940: result: 
configure:2962: checking whether we are cross compiling
configure:2970: gcc -o conftest -g -O2        conftest.c  >&5
configure:2974: $? = 0
configure:2981: ./conftest
configure:2985: $? = 0
configure:3000: result: no
configure:3005: checking for suffix of object files
configure:3027: gcc -c -g -O2      conftest.c >&5
configure:3031: $? = 0
configure:3052: result: o
configure:3056: checking whether we are using the GNU C compiler
configure:3075: gcc -c -g -O2      conftest.c >&5
configure:3075: $? = 0
configure:3084: result: yes
configure:3093: checking whether gcc accepts -g
configure:3113: gcc -c -g  conftest.c >&5
configure:3113: $? = 0
configure:3154: result: yes
configure:3171: checking for gcc option to accept ISO C89
configure:3234: gcc  -c -g -O2      conftest.c >&5
conftest.c: In function 'e':
conftest.c:15:14: warning: old-style function definition [-Wold-style-definition]
   15 | static char *e (p, i)
      |              ^
configure:3234: $? = 0
configure:3247: result: none needed
configure:3272: checking whether gcc understands -c and -o together
configure:3294: gcc -c conftest.c -o conftest2.o
configure:3297: $? = 0
configure:3294: gcc -c conftest.c -o conftest2.o
configure:3297: $? = 0
configure:3309: result: yes
configure:3332: checking how to run the C preprocessor
configure:3363: gcc -E  conftest.c
configure:3363: $? = 0
configure:3377: gcc -E  conftest.c
conftest.c:9:10: fatal error: ac_nonexistent.h: No such file or directory
    9 | #include <ac_nonexistent.h>
      |          ^~~~~~~~~~~~~~~~~~
compilation terminated.
configure:3377: $? = 1
configure: failed program was:
| /* confdefs.h */
| #define PACKAGE_NAME "libctf"
| #define PACKAGE_TARNAME "libctf"
| #define PACKAGE_VERSION "1.2.0"
| #define PACKAGE_STRING "libctf 1.2.0"
| #define PACKAGE_BUGREPORT ""
| #define PACKAGE_URL ""
| /* end confdefs.h.  */
| #include <ac_nonexistent.h>
configure:3402: result: gcc -E
configure:3422: gcc -E  conftest.c
configure:3422: $? = 0
configure:3436: gcc -E  conftest.c
conftest.c:9:10: fatal error: ac_nonexistent.h: No such file or directory
    9 | #include <ac_nonexistent.h>
      |          ^~~~~~~~~~~~~~~~~~
compilation terminated.
configure:3436: $? = 1
configure: failed program was:
| /* confdefs.h */
| #define PACKAGE_NAME "libctf"
| #define PACKAGE_TARNAME "libctf"
| #define PACKAGE_VERSION "1.2.0"
| #define PACKAGE_STRING "libctf 1.2.0"
| #define PACKAGE_BUGREPORT ""
| #define PACKAGE_URL ""
| /* end confdefs.h.  */
| #include <ac_nonexistent.h>
configure:3465: checking for grep that handles long lines and -e
configure:3523: result: /usr/bin/grep
configure:3528: checking for egrep
configure:3590: result: /usr/bin/grep -E
configure:3595: checking for ANSI C header files
configure:3615: gcc -c -g -O2      conftest.c >&5
configure:3615: $? = 0
configure:3688: gcc -o conftest -g -O2        conftest.c  >&5
configure:3688: $? = 0
configure:3688: ./conftest
configure:3688: $? = 0
configure:3699: result: yes
configure:3712: checking for sys/types.h
configure:3712: gcc -c -g -O2      conftest.c >&5
configure:3712: $? = 0
configure:3712: result: yes
configure:3712: checking for sys/stat.h
configure:3712: gcc -c -g -O2      conftest.c >&5
configure:3712: $? = 0
configure:3712: result: yes
configure:3712: checking for stdlib.h
configure:3712: gcc -c -g -O2      conftest.c >&5
configure:3712: $? = 0
configure:3712: result: yes
configure:3712: checking for string.h
configure:3712: gcc -c -g -O2      conftest.c >&5
configure:3712: $? = 0
configure:3712: result: yes
configure:3712: checking for memory.h
configure:3712: gcc -c -g -O2      conftest.c >&5
configure:3712: $? = 0
configure:3712: result: yes
configure:3712: checking for strings.h
configure:3712: gcc -c -g -O2      conftest.c >&5
configure:3712: $? = 0
configure:3712: result: yes
configure:3712: checking for inttypes.h
configure:3712: gcc -c -g -O2      conftest.c >&5
configure:3712: $? = 0
configure:3712: result: yes
configure:3712: checking for stdint.h
configure:3712: gcc -c -g -O2      conftest.c >&5
configure:3712: $? = 0
configure:3712: result: yes
configure:3712: checking for unistd.h
configure:3712: gcc -c -g -O2      conftest.c >&5
configure:3712: $? = 0
configure:3712: result: yes
configure:3725: checking minix/config.h usability
configure:3725: gcc -c -g -O2      conftest.c >&5
conftest.c:52:10: fatal error: minix/config.h: No such file or directory
   52 | #include <minix/config.h>
      |          ^~~~~~~~~~~~~~~~
compilation terminated.
configure:3725: $? = 1
configure: failed program was:
| /* confdefs.h */
| #define PACKAGE_NAME "libctf"
| #define PACKAGE_TARNAME "libctf"
| #define PACKAGE_VERSION "1.2.0"
| #define PACKAGE_STRING "libctf 1.2.0"
| #define PACKAGE_BUGREPORT ""
| #define PACKAGE_URL ""
| #define STDC_HEADERS 1
| #define HAVE_SYS_TYPES_H 1
| #define HAVE_SYS_STAT_H 1
| #define HAVE_STDLIB_H 1
| #define HAVE_STRING_H 1
| #define HAVE_MEMORY_H 1
| #define HAVE_STRINGS_H 1
| #define HAVE_INTTYPES_H 1
| #define HAVE_STDINT_H 1
| #define HAVE_UNISTD_H 1
| /* end confdefs.h.  */
| #include <stdio.h>
| #ifdef HAVE_SYS_TYPES_H
| # include <sys/types.h>
| #endif
| #ifdef HAVE_SYS_STAT_H
| # include <sys/stat.h>
| #endif
| #ifdef STDC_HEADERS
| # include <stdlib.h>
| # include <stddef.h>
| #else
| # ifdef HAVE_STDLIB_H
| #  include <stdlib.h>
| # endif
| #endif
| #ifdef HAVE_STRING_H
| # if !defined STDC_HEADERS && defined HAVE_MEMORY_H
| #  include <memory.h>
| # endif
| # include <string.h>
| #endif
| #ifdef HAVE_STRINGS_H
| # include <strings.h>
| #endif
| #ifdef HAVE_INTTYPES_H
| # include <inttypes.h>
| #endif
| #ifdef HAVE_STDINT_H
| # include <stdint.h>
| #endif
| #ifdef HAVE_UNISTD_H
| # include <unistd.h>
| #endif
| #include <minix/config.h>
configure:3725: result: no
configure:3725: checking minix/config.h presence
configure:3725: gcc -E  conftest.c
conftest.c:19:10: fatal error: minix/config.h: No such file or directory
   19 | #include <minix/config.h>
      |          ^~~~~~~~~~~~~~~~
compilation terminated.
configure:3725: $? = 1
configure: failed program was:
| /* confdefs.h */
| #define PACKAGE_NAME "libctf"
| #define PACKAGE_TARNAME "libctf"
| #define PACKAGE_VERSION "1.2.0"
| #define PACKAGE_STRING "libctf 1.2.0"
| #define PACKAGE_BUGREPORT ""
| #define PACKAGE_URL ""
| #define STDC_HEADERS 1
| #define HAVE_SYS_TYPES_H 1
| #define HAVE_SYS_STAT_H 1
| #define HAVE_STDLIB_H 1
| #define HAVE_STRING_H 1
| #define HAVE_MEMORY_H 1
| #define HAVE_STRINGS_H 1
| #define HAVE_INTTYPES_H 1
| #define HAVE_STDINT_H 1
| #define HAVE_UNISTD_H 1
| /* end confdefs.h.  */
| #include <minix/config.h>
configure:3725: result: no
configure:3725: checking for minix/config.h
configure:3725: result: no
configure:3746: checking whether it is safe to define __EXTENSIONS__
configure:3764: gcc -c -g -O2      conftest.c >&5
configure:3764: $? = 0
configure:3771: result: yes
configure:3801: checking for a BSD-compatible install
configure:3869: result: /usr/bin/install -c
configure:3880: checking whether build environment is sane
configure:3935: result: yes
configure:4083: checking for a thread-safe mkdir -p
configure:4122: result: /usr/bin/mkdir -p
configure:4129: checking for gawk
configure:4156: result: gawk
configure:4167: checking whether make sets $(MAKE)
configure:4189: result: yes
configure:4219: checking for style of include used by make
configure:4247: result: GNU
configure:4281: checking whether make supports nested variables
configure:4298: result: yes
configure:4383: checking dependency style of gcc
configure:4494: result: gcc3
configure:4563: checking whether make supports nested variables
configure:4580: result: yes
configure:4593: checking whether make sets $(MAKE)
configure:4615: result: yes
configure:4632: checking for x86_64-pc-linux-gnu-gcc
configure:4659: result: gcc
configure:4928: checking for C compiler version
configure:4937: gcc --version >&5
gcc (GCC) 15.2.1 20260103
Copyright (C) 2025 Free Software Foundation, Inc.
This is free software; see the source for copying conditions.  There is NO
warranty; not even for MERCHANTABILITY or FITNESS FOR A PARTICULAR PURPOSE.

configure:4948: $? = 0
configure:4937: gcc -v >&5
Using built-in specs.
COLLECT_GCC=gcc
COLLECT_LTO_WRAPPER=/usr/lib/gcc/x86_64-pc-linux-gnu/15.2.1/lto-wrapper
Target: x86_64-pc-linux-gnu
Configured with: /build/gcc/src/gcc/configure --enable-languages=ada,c,c++,d,fortran,go,lto,m2,objc,obj-c++,rust,cobol --enable-bootstrap --prefix=/usr --libdir=/usr/lib --libexecdir=/usr/lib --mandir=/usr/share/man --infodir=/usr/share/info --with-bugurl=https://gitlab.archlinux.org/archlinux/packaging/packages/gcc/-/issues --with-build-config=bootstrap-lto --with-linker-hash-style=gnu --with-system-zlib --enable-__cxa_atexit --enable-cet=auto --enable-checking=release --enable-clocale=gnu --enable-default-pie --enable-default-ssp --enable-gnu-indirect-function --enable-gnu-unique-object --enable-libstdcxx-backtrace --enable-link-serialization=1 --enable-linker-build-id --enable-lto --enable-multilib --enable-plugin --enable-shared --enable-threads=posix --disable-libssp --disable-libstdcxx-pch --disable-werror
Thread model: posix
Supported LTO compression algorithms: zlib zstd
gcc version 15.2.1 20260103 (GCC) 
configure:4948: $? = 0
configure:4937: gcc -V >&5
gcc: error: unrecognized command-line option '-V'
gcc: fatal error: no input files
compilation terminated.
configure:4948: $? = 1
configure:4937: gcc -qversion >&5
gcc: error: unrecognized command-line option '-qversion'; did you mean '--version'?
gcc: fatal error: no input files
compilation terminated.
configure:4948: $? = 1
configure:4952: checking whether we are using the GNU C compiler
configure:4980: result: yes
configure:4989: checking whether gcc accepts -g
configure:5050: result: yes
configure:5067: checking for gcc option to accept ISO C89
configure:5143: result: none needed
configure:5168: checking whether gcc understands -c and -o together
configure:5205: result: yes
configure:5225: checking for x86_64-pc-linux-gnu-ranlib
configure:5252: result: ranlib --plugin /usr/lib/gcc/x86_64-pc-linux-gnu/15.2.1/liblto_plugin.so
configure:5319: checking for x86_64-pc-linux-gnu-ar
configure:5346: result: ar --plugin /usr/lib/gcc/x86_64-pc-linux-gnu/15.2.1/liblto_plugin.so
configure:5416: checking the archiver (ar --plugin /usr/lib/gcc/x86_64-pc-linux-gnu/15.2.1/liblto_plugin.so) interface
configure:5432: gcc -c -g -O2      conftest.c >&5
configure:5432: $? = 0
configure:5434: ar --plugin /usr/lib/gcc/x86_64-pc-linux-gnu/15.2.1/liblto_plugin.so cru libconftest.a conftest.o >&5
ar: `u' modifier ignored since `D' is the default (see `U')
configure:5437: $? = 0
configure:5465: result: ar
configure:5499: checking whether NLS is requested
configure:5508: result: no
configure:5546: checking for msgfmt
configure:5577: result: /usr/bin/msgfmt
configure:5586: checking for gmsgfmt
configure:5617: result: /usr/bin/msgfmt
configure:5657: checking for xgettext
configure:5688: result: /usr/bin/xgettext
configure:5728: checking for msgmerge
configure:5758: result: /usr/bin/msgmerge
configure:5833: checking for ld used by GCC
configure:5896: result: ld
configure:5903: checking if the linker (ld) is GNU ld
GNU ld (GNU Binutils) 2.45.1
configure:5915: result: yes
configure:5921: checking for shared library run path origin
configure:5934: result: done
configure:6381: checking for CFPreferencesCopyAppValue
configure:6399: gcc -o conftest -g -O2        conftest.c  -Wl,-framework -Wl,CoreFoundation >&5
conftest.c:26:10: fatal error: CoreFoundation/CFPreferences.h: No such file or directory
   26 | #include <CoreFoundation/CFPreferences.h>
      |          ^~~~~~~~~~~~~~~~~~~~~~~~~~~~~~~~
compilation terminated.
configure:6399: $? = 1
configure: failed program was:
| /* confdefs.h */
| #define PACKAGE_NAME "libctf"
| #define PACKAGE_TARNAME "libctf"
| #define PACKAGE_VERSION "1.2.0"
| #define PACKAGE_STRING "libctf 1.2.0"
| #define PACKAGE_BUGREPORT ""
| #define PACKAGE_URL ""
| #define STDC_HEADERS 1
| #define HAVE_SYS_TYPES_H 1
| #define HAVE_SYS_STAT_H 1
| #define HAVE_STDLIB_H 1
| #define HAVE_STRING_H 1
| #define HAVE_MEMORY_H 1
| #define HAVE_STRINGS_H 1
| #define HAVE_INTTYPES_H 1
| #define HAVE_STDINT_H 1
| #define HAVE_UNISTD_H 1
| #define __EXTENSIONS__ 1
| #define _ALL_SOURCE 1
| #define _GNU_SOURCE 1
| #define _POSIX_PTHREAD_SEMANTICS 1
| #define _TANDEM_SOURCE 1
| #define PACKAGE "libctf"
| #define VERSION "1.2.0"
| /* end confdefs.h.  */
| #include <CoreFoundation/CFPreferences.h>
| int
| main ()
| {
| CFPreferencesCopyAppValue(NULL, NULL)
|   ;
|   return 0;
| }
configure:6408: result: no
configure:6415: checking for CFLocaleCopyPreferredLanguages
configure:6433: gcc -o conftest -g -O2        conftest.c  -Wl,-framework -Wl,CoreFoundation >&5
conftest.c:26:10: fatal error: CoreFoundation/CFLocale.h: No such file or directory
   26 | #include <CoreFoundation/CFLocale.h>
      |          ^~~~~~~~~~~~~~~~~~~~~~~~~~~
compilation terminated.
configure:6433: $? = 1
configure: failed program was:
| /* confdefs.h */
| #define PACKAGE_NAME "libctf"
| #define PACKAGE_TARNAME "libctf"
| #define PACKAGE_VERSION "1.2.0"
| #define PACKAGE_STRING "libctf 1.2.0"
| #define PACKAGE_BUGREPORT ""
| #define PACKAGE_URL ""
| #define STDC_HEADERS 1
| #define HAVE_SYS_TYPES_H 1
| #define HAVE_SYS_STAT_H 1
| #define HAVE_STDLIB_H 1
| #define HAVE_STRING_H 1
| #define HAVE_MEMORY_H 1
| #define HAVE_STRINGS_H 1
| #define HAVE_INTTYPES_H 1
| #define HAVE_STDINT_H 1
| #define HAVE_UNISTD_H 1
| #define __EXTENSIONS__ 1
| #define _ALL_SOURCE 1
| #define _GNU_SOURCE 1
| #define _POSIX_PTHREAD_SEMANTICS 1
| #define _TANDEM_SOURCE 1
| #define PACKAGE "libctf"
| #define VERSION "1.2.0"
| /* end confdefs.h.  */
| #include <CoreFoundation/CFLocale.h>
| int
| main ()
| {
| CFLocaleCopyPreferredLanguages();
|   ;
|   return 0;
| }
configure:6442: result: no
configure:7322: checking whether to use NLS
configure:7324: result: no
configure:7407: checking whether NLS is requested
configure:7410: result: no
configure:7543: checking how to print strings
configure:7570: result: printf
configure:7591: checking for a sed that does not truncate output
configure:7655: result: /usr/bin/sed
configure:7673: checking for fgrep
configure:7735: result: /usr/bin/grep -F
configure:7770: checking for ld used by gcc
configure:7837: result: ld
configure:7844: checking if the linker (ld) is GNU ld
configure:7859: result: yes
configure:7871: checking for BSD- or MS-compatible name lister (nm)
configure:7927: result: /usr/bin/nm --plugin /usr/lib/gcc/x86_64-pc-linux-gnu/15.2.1/liblto_plugin.so -B
configure:8057: checking the name lister (/usr/bin/nm --plugin /usr/lib/gcc/x86_64-pc-linux-gnu/15.2.1/liblto_plugin.so -B) interface
configure:8064: gcc -c -g -O2      conftest.c >&5
configure:8067: /usr/bin/nm --plugin /usr/lib/gcc/x86_64-pc-linux-gnu/15.2.1/liblto_plugin.so -B "conftest.o"
configure:8070: output
0000000000000000 B some_variable
configure:8077: result: BSD nm
configure:8080: checking whether ln -s works
configure:8084: result: yes
configure:8092: checking the maximum length of command line arguments
configure:8217: result: 1572864
configure:8234: checking whether the shell understands some XSI constructs
configure:8244: result: yes
configure:8248: checking whether the shell understands "+="
configure:8254: result: yes
configure:8289: checking for ld option to reload object files
configure:8296: result: -r
configure:8325: checking for x86_64-pc-linux-gnu-objdump
configure:8352: result: objdump
configure:8424: checking how to recognize dependent libraries
configure:8630: result: pass_all
configure:8650: checking for clang
configure:8673: result: no
configure:8678: checking for x86_64-pc-linux-gnu-llvm-config
configure:8708: result: no
configure:8718: checking for llvm-config
configure:8734: found /usr/bin/llvm-config
configure:8745: result: llvm-config
configure:8905: checking for x86_64-pc-linux-gnu-ar
configure:8932: result: ar --plugin /usr/lib/gcc/x86_64-pc-linux-gnu/15.2.1/liblto_plugin.so
configure:8997: checking for -plugin option
configure:9015: result: --plugin /usr/lib/gcc/x86_64-pc-linux-gnu/15.2.1/liblto_plugin.so
configure:9032: checking for x86_64-pc-linux-gnu-ar
configure:9059: result: ar --plugin /usr/lib/gcc/x86_64-pc-linux-gnu/15.2.1/liblto_plugin.so
configure:9148: checking for x86_64-pc-linux-gnu-strip
configure:9178: result: no
configure:9188: checking for strip
configure:9204: found /usr/bin/strip
configure:9215: result: strip
configure:9247: checking for x86_64-pc-linux-gnu-ranlib
configure:9274: result: ranlib --plugin /usr/lib/gcc/x86_64-pc-linux-gnu/15.2.1/liblto_plugin.so
configure:9427: checking command to parse /usr/bin/nm --plugin /usr/lib/gcc/x86_64-pc-linux-gnu/15.2.1/liblto_plugin.so -B output from gcc object
configure:9545: gcc -c -g -O2      conftest.c >&5
configure:9548: $? = 0
configure:9552: /usr/bin/nm --plugin /usr/lib/gcc/x86_64-pc-linux-gnu/15.2.1/liblto_plugin.so -B conftest.o \| sed -n -e 's/^.*[ ]\([ABCDGIRSTW][ABCDGIRSTW]*\)[ ][ ]*\([_A-Za-z][_A-Za-z0-9]*\)$/\1 \2 \2/p' \> conftest.nm
configure:9555: $? = 0
configure:9609: gcc -o conftest -g -O2        conftest.c conftstm.o >&5
configure:9612: $? = 0
configure:9650: result: ok
configure:9745: gcc -c -g -O2      conftest.c >&5
configure:9748: $? = 0
configure:10500: checking for dlfcn.h
configure:10500: gcc -c -g -O2      conftest.c >&5
configure:10500: $? = 0
configure:10500: result: yes
configure:10657: checking for objdir
configure:10672: result: .libs
configure:10943: checking if gcc supports -fno-rtti -fno-exceptions
configure:10961: gcc -c -g -O2      -fno-rtti -fno-exceptions conftest.c >&5
cc1: warning: command-line option '-fno-rtti' is valid for C++/D/ObjC++ but not for C
configure:10965: $? = 0
configure:10978: result: no
configure:10998: checking for gcc option to produce PIC
configure:11284: result: -fPIC -DPIC
configure:11296: checking if gcc PIC flag -fPIC -DPIC works
configure:11314: gcc -c -g -O2      -fPIC -DPIC -DPIC conftest.c >&5
configure:11318: $? = 0
configure:11331: result: yes
configure:11355: checking if gcc static flag -static works
configure:11383: result: yes
configure:11398: checking if gcc supports -c -o file.o
configure:11419: gcc -c -g -O2      -o out/conftest2.o conftest.c >&5
configure:11423: $? = 0
configure:11445: result: yes
configure:11453: checking if gcc supports -c -o file.o
configure:11500: result: yes
configure:11533: checking whether the gcc linker (ld -m elf_x86_64) supports shared libraries
configure:12604: result: yes
configure:12849: checking dynamic linker characteristics
configure:13295: gcc -o conftest -g -O2        -Wl,-rpath -Wl,/foo conftest.c  >&5
configure:13295: $? = 0
configure:13536: result: GNU/Linux ld.so
configure:13643: checking how to hardcode library paths into programs
configure:13668: result: immediate
configure:14208: checking whether stripping libraries is possible
configure:14213: result: yes
configure:14248: checking if libtool supports shared libraries
configure:14250: result: yes
configure:14253: checking whether to build shared libraries
configure:14274: result: no
configure:14277: checking whether to build static libraries
configure:14281: result: yes
configure:14323: checking for special C compiler options needed for large files
configure:14368: result: no
configure:14374: checking for _FILE_OFFSET_BITS value needed for large files
configure:14399: gcc -c -g -O2      conftest.c >&5
configure:14399: $? = 0
configure:14431: result: no
configure:14517: creating ./config.lt

## ------------------ ##
## Running config.lt. ##
## ------------------ ##
config.lt:615: creating libtool
configure:15882: checking for aclocal
configure:15909: result: ${SHELL} /home/sirdevhazim/Projects/officals/LunerOS/OS/build-binutils/binutils-with-gold-2.46/missing aclocal-1.15
configure:15925: checking for autoconf
configure:15952: result: ${SHELL} /home/sirdevhazim/Projects/officals/LunerOS/OS/build-binutils/binutils-with-gold-2.46/missing autoconf
configure:15968: checking for autoheader
configure:15995: result: ${SHELL} /home/sirdevhazim/Projects/officals/LunerOS/OS/build-binutils/binutils-with-gold-2.46/missing autoheader
configure:16029: checking whether gcc supports -W
configure:16046: gcc -c -W  conftest.c >&5
configure:16046: $? = 0
configure:16055: result: yes
configure:16029: checking whether gcc supports -Wall
configure:16046: gcc -c -Wall  conftest.c >&5
configure:16046: $? = 0
configure:16055: result: yes
configure:16029: checking whether gcc supports -Wnarrowing
configure:16046: gcc -c -Wnarrowing  conftest.c >&5
configure:16046: $? = 0
configure:16055: result: yes
configure:16029: checking whether gcc supports -Wwrite-strings
configure:16046: gcc -c -Wwrite-strings  conftest.c >&5
configure:16046: $? = 0
configure:16055: result: yes
configure:16029: checking whether gcc supports -Wmissing-format-attribute
configure:16046: gcc -c -Wmissing-format-attribute  conftest.c >&5
configure:16046: $? = 0
configure:16055: result: yes
configure:16087: checking whether gcc supports -Wstrict-prototypes
configure:16104: gcc -c -Wstrict-prototypes  conftest.c >&5
configure:16104: $? = 0
configure:16113: result: yes
configure:16087: checking whether gcc supports -Wmissing-prototypes
configure:16104: gcc -c -Wmissing-prototypes  conftest.c >&5
configure:16104: $? = 0
configure:16113: result: yes
configure:16087: checking whether gcc supports -Wold-style-definition
configure:16104: gcc -c -Wold-style-definition  conftest.c >&5
configure:16104: $? = 0
configure:16113: result: yes
configure:16137: checking whether gcc supports -pedantic -Wlong-long
configure:16155: gcc -c -pedantic -Wlong-long  conftest.c >&5
configure:16155: $? = 0
configure:16163: result: yes
configure:16207: checking whether to enable maintainer-specific portions of Makefiles
configure:16216: result: no
configure:16244: checking whether to install libbfd
configure:16257: result: no
configure:16302: checking whether gcc supports -Wall
configure:16328: result: yes
configure:16357: checking for stdlib.h
configure:16357: result: yes
configure:16357: checking for unistd.h
configure:16357: result: yes
configure:16357: checking for sys/param.h
configure:16357: gcc -c -g -O2      conftest.c >&5
configure:16357: $? = 0
configure:16357: result: yes
configure:16380: checking for getpagesize
configure:16380: gcc -o conftest -g -O2        conftest.c  >&5
configure:16380: $? = 0
configure:16380: result: yes
configure:16389: checking for working mmap
configure:16536: gcc -o conftest -g -O2        conftest.c  >&5
configure:16536: $? = 0
configure:16536: ./conftest
configure:16536: $? = 0
configure:16546: result: yes
configure:16558: checking for library containing dlsym
configure:16589: gcc -o conftest -g -O2        conftest.c  >&5
configure:16589: $? = 0
configure:16606: result: none required
configure:16672: checking for ELF support in BFD
configure:16692: ./libtool --quiet --mode=link gcc -o conftest -I./../include -I../bfd -I./../bfd -g -O2      -L../bfd -L../libiberty   conftest.c -lbfd -liberty   >&5
configure:16692: $? = 0
configure:16700: result: yes
configure:16713: checking whether byte ordering is bigendian
configure:16728: gcc -c -g -O2      conftest.c >&5
conftest.c:35:16: error: unknown type name 'not'
   35 |                not a universal capable compiler
      |                ^~~
conftest.c:35:22: error: expected '=', ',', ';', 'asm' or '__attribute__' before 'universal'
   35 |                not a universal capable compiler
      |                      ^~~~~~~~~
conftest.c:35:22: error: unknown type name 'universal'
configure:16728: $? = 1
configure: failed program was:
| /* confdefs.h */
| #define PACKAGE_NAME "libctf"
| #define PACKAGE_TARNAME "libctf"
| #define PACKAGE_VERSION "1.2.0"
| #define PACKAGE_STRING "libctf 1.2.0"
| #define PACKAGE_BUGREPORT ""
| #define PACKAGE_URL ""
| #define STDC_HEADERS 1
| #define HAVE_SYS_TYPES_H 1
| #define HAVE_SYS_STAT_H 1
| #define HAVE_STDLIB_H 1
| #define HAVE_STRING_H 1
| #define HAVE_MEMORY_H 1
| #define HAVE_STRINGS_H 1
| #define HAVE_INTTYPES_H 1
| #define HAVE_STDINT_H 1
| #define HAVE_UNISTD_H 1
| #define __EXTENSIONS__ 1
| #define _ALL_SOURCE 1
| #define _GNU_SOURCE 1
| #define _POSIX_PTHREAD_SEMANTICS 1
| #define _TANDEM_SOURCE 1
| #define PACKAGE "libctf"
| #define VERSION "1.2.0"
| #define HAVE_DLFCN_H 1
| #define LT_OBJDIR ".libs/"
| #define HAVE_STDLIB_H 1
| #define HAVE_UNISTD_H 1
| #define HAVE_SYS_PARAM_H 1
| #define HAVE_GETPAGESIZE 1
| #define HAVE_MMAP 1
| #define HAVE_BFD_ELF 1
| /* end confdefs.h.  */
| #ifndef __APPLE_CC__
| 	       not a universal capable compiler
| 	     #endif
| 	     typedef int dummy;
| 
configure:16773: gcc -c -g -O2      conftest.c >&5
configure:16773: $? = 0
configure:16791: gcc -c -g -O2      conftest.c >&5
conftest.c: In function 'main':
conftest.c:41:18: error: unknown type name 'not'; did you mean 'ino_t'?
   41 |                  not big endian
      |                  ^~~
      |                  ino_t
conftest.c:41:26: error: expected '=', ',', ';', 'asm' or '__attribute__' before 'endian'
   41 |                  not big endian
      |                          ^~~~~~
configure:16791: $? = 1
configure: failed program was:
| /* confdefs.h */
| #define PACKAGE_NAME "libctf"
| #define PACKAGE_TARNAME "libctf"
| #define PACKAGE_VERSION "1.2.0"
| #define PACKAGE_STRING "libctf 1.2.0"
| #define PACKAGE_BUGREPORT ""
| #define PACKAGE_URL ""
| #define STDC_HEADERS 1
| #define HAVE_SYS_TYPES_H 1
| #define HAVE_SYS_STAT_H 1
| #define HAVE_STDLIB_H 1
| #define HAVE_STRING_H 1
| #define HAVE_MEMORY_H 1
| #define HAVE_STRINGS_H 1
| #define HAVE_INTTYPES_H 1
| #define HAVE_STDINT_H 1
| #define HAVE_UNISTD_H 1
| #define __EXTENSIONS__ 1
| #define _ALL_SOURCE 1
| #define _GNU_SOURCE 1
| #define _POSIX_PTHREAD_SEMANTICS 1
| #define _TANDEM_SOURCE 1
| #define PACKAGE "libctf"
| #define VERSION "1.2.0"
| #define HAVE_DLFCN_H 1
| #define LT_OBJDIR ".libs/"
| #define HAVE_STDLIB_H 1
| #define HAVE_UNISTD_H 1
| #define HAVE_SYS_PARAM_H 1
| #define HAVE_GETPAGESIZE 1
| #define HAVE_MMAP 1
| #define HAVE_BFD_ELF 1
| /* end confdefs.h.  */
| #include <sys/types.h>
| 		#include <sys/param.h>
| 
| int
| main ()
| {
| #if BYTE_ORDER != BIG_ENDIAN
| 		 not big endian
| 		#endif
| 
|   ;
|   return 0;
| }
configure:16919: result: no
configure:16940: checking byteswap.h usability
configure:16940: gcc -c -g -O2      conftest.c >&5
configure:16940: $? = 0
configure:16940: result: yes
configure:16940: checking byteswap.h presence
configure:16940: gcc -E  conftest.c
configure:16940: $? = 0
configure:16940: result: yes
configure:16940: checking for byteswap.h
configure:16940: result: yes
configure:16940: checking endian.h usability
configure:16940: gcc -c -g -O2      conftest.c >&5
configure:16940: $? = 0
configure:16940: result: yes
configure:16940: checking endian.h presence
configure:16940: gcc -E  conftest.c
configure:16940: $? = 0
configure:16940: result: yes
configure:16940: checking for endian.h
configure:16940: result: yes
configure:16940: checking valgrind/valgrind.h usability
configure:16940: gcc -c -g -O2      conftest.c >&5
configure:16940: $? = 0
configure:16940: result: yes
configure:16940: checking valgrind/valgrind.h presence
configure:16940: gcc -E  conftest.c
configure:16940: $? = 0
configure:16940: result: yes
configure:16940: checking for valgrind/valgrind.h
configure:16940: result: yes
configure:16952: checking for pread
configure:16952: gcc -o conftest -g -O2        conftest.c  >&5
configure:16952: $? = 0
configure:16952: result: yes
configure:16962: checking whether bswap_16 is declared
configure:16962: gcc -c -g -O2      conftest.c >&5
configure:16962: $? = 0
configure:16962: result: yes
configure:16973: checking whether bswap_32 is declared
configure:16973: gcc -c -g -O2      conftest.c >&5
configure:16973: $? = 0
configure:16973: result: yes
configure:16984: checking whether bswap_64 is declared
configure:16984: gcc -c -g -O2      conftest.c >&5
configure:16984: $? = 0
configure:16984: result: yes
configure:16996: checking whether asprintf is declared
configure:16996: gcc -c -g -O2      conftest.c >&5
configure:16996: $? = 0
configure:16996: result: yes
configure:17006: checking whether vasprintf is declared
configure:17006: gcc -c -g -O2      conftest.c >&5
configure:17006: $? = 0
configure:17006: result: yes
configure:17016: checking whether stpcpy is declared
configure:17016: gcc -c -g -O2      conftest.c >&5
configure:17016: $? = 0
configure:17016: result: yes
configure:17034: checking for qsort_r
configure:17034: gcc -o conftest -g -O2        conftest.c  >&5
configure:17034: $? = 0
configure:17034: result: yes
configure:17047: checking for qsort_r signature
configure:17073: gcc -o conftest -g -O2        conftest.c  >&5
configure:17073: $? = 0
configure:17107: result: GNU
configure:17130: checking for O_CLOEXEC
configure:17150: gcc -o conftest -g -O2        conftest.c  >&5
configure:17150: $? = 0
configure:17158: result: yes
configure:17173: checking for makeinfo
configure:17200: result: makeinfo --split-size=5000000
configure:17278: checking for expect
configure:17311: result: no
configure:17316: checking for Tcl supporting try/catch
configure:17327: result: no
configure:17341: checking for linker versioning flags
configure:17356: gcc -o conftest -g -O2     -fPIC    -shared -Wl,--version-script=conftest.ver conftest.c  >&5
configure:17356: $? = 0
configure:17386: result: -Wl,--version-script
configure:17482: updating cache ./config.cache
configure:17526: checking that generated files are newer than configure
configure:17532: result: done
configure:17576: creating ./config.status

## ---------------------- ##
## Running config.status. ##
## ---------------------- ##

This file was extended by libctf config.status 1.2.0, which was
generated by GNU Autoconf 2.69.  Invocation command line was

  CONFIG_FILES    = 
  CONFIG_HEADERS  = 
  CONFIG_LINKS    = 
  CONFIG_COMMANDS = 
  $ ./config.status 

on archlinux

config.status:1154: creating Makefile
config.status:1154: creating config.h
config.status:1383: executing depfiles commands
config.status:1383: executing default-1 commands
config.status:1383: executing libtool commands

## ---------------- ##
## Cache variables. ##
## ---------------- ##

ac_cv_build=x86_64-pc-linux-gnu
ac_cv_c_bigendian=no
ac_cv_c_compiler_gnu=yes
ac_cv_env_CC_set=set
ac_cv_env_CC_value=gcc
ac_cv_env_CFLAGS_set=set
ac_cv_env_CFLAGS_value='-g -O2    '
ac_cv_env_CPPFLAGS_set=
ac_cv_env_CPPFLAGS_value=
ac_cv_env_CPP_set=
ac_cv_env_CPP_value=
ac_cv_env_LDFLAGS_set=set
ac_cv_env_LDFLAGS_value=' '
ac_cv_env_LIBS_set=
ac_cv_env_LIBS_value=
ac_cv_env_build_alias_set=set
ac_cv_env_build_alias_value=x86_64-pc-linux-gnu
ac_cv_env_host_alias_set=set
ac_cv_env_host_alias_value=x86_64-pc-linux-gnu
ac_cv_env_target_alias_set=set
ac_cv_env_target_alias_value=x86_64-elf
ac_cv_func_getpagesize=yes
ac_cv_func_mmap_fixed_mapped=yes
ac_cv_func_pread=yes
ac_cv_func_qsort_r=yes
ac_cv_have_decl_asprintf=yes
ac_cv_have_decl_bswap_16=yes
ac_cv_have_decl_bswap_32=yes
ac_cv_have_decl_bswap_64=yes
ac_cv_have_decl_stpcpy=yes
ac_cv_have_decl_vasprintf=yes
ac_cv_header_byteswap_h=yes
ac_cv_header_dlfcn_h=yes
ac_cv_header_endian_h=yes
ac_cv_header_inttypes_h=yes
ac_cv_header_memory_h=yes
ac_cv_header_minix_config_h=no
ac_cv_header_stdc=yes
ac_cv_header_stdint_h=yes
ac_cv_header_stdlib_h=yes
ac_cv_header_string_h=yes
ac_cv_header_strings_h=yes
ac_cv_header_sys_param_h=yes
ac_cv_header_sys_stat_h=yes
ac_cv_header_sys_types_h=yes
ac_cv_header_unistd_h=yes
ac_cv_header_valgrind_valgrind_h=yes
ac_cv_host=x86_64-pc-linux-gnu
ac_cv_libctf_bfd_elf=yes
ac_cv_libctf_macro_O_CLOEXEC=yes
ac_cv_libctf_qsort_r_signature=GNU
ac_cv_libctf_tcl_try=no
ac_cv_libctf_version_script=-Wl,--version-script
ac_cv_objext=o
ac_cv_path_EGREP='/usr/bin/grep -E'
ac_cv_path_FGREP='/usr/bin/grep -F'
ac_cv_path_GMSGFMT=/usr/bin/msgfmt
ac_cv_path_GREP=/usr/bin/grep
ac_cv_path_MSGFMT=/usr/bin/msgfmt
ac_cv_path_MSGMERGE=/usr/bin/msgmerge
ac_cv_path_SED=/usr/bin/sed
ac_cv_path_XGETTEXT=/usr/bin/xgettext
ac_cv_path_mkdir=/usr/bin/mkdir
ac_cv_prog_ACLOCAL='${SHELL} /home/sirdevhazim/Projects/officals/LunerOS/OS/build-binutils/binutils-with-gold-2.46/missing aclocal-1.15'
ac_cv_prog_AR='ar --plugin /usr/lib/gcc/x86_64-pc-linux-gnu/15.2.1/liblto_plugin.so'
ac_cv_prog_AUTOCONF='${SHELL} /home/sirdevhazim/Projects/officals/LunerOS/OS/build-binutils/binutils-with-gold-2.46/missing autoconf'
ac_cv_prog_AUTOHEADER='${SHELL} /home/sirdevhazim/Projects/officals/LunerOS/OS/build-binutils/binutils-with-gold-2.46/missing autoheader'
ac_cv_prog_AWK=gawk
ac_cv_prog_CC=gcc
ac_cv_prog_CPP='gcc -E'
ac_cv_prog_MAKEINFO='makeinfo --split-size=5000000'
ac_cv_prog_OBJDUMP=objdump
ac_cv_prog_RANLIB='ranlib --plugin /usr/lib/gcc/x86_64-pc-linux-gnu/15.2.1/liblto_plugin.so'
ac_cv_prog_ac_ct_LLVM_CONFIG=llvm-config
ac_cv_prog_ac_ct_STRIP=strip
ac_cv_prog_cc_c89=
ac_cv_prog_cc_g=yes
ac_cv_prog_make_make_set=yes
ac_cv_safe_to_define___extensions__=yes
ac_cv_search_dlsym='none required'
ac_cv_sys_file_offset_bits=no
ac_cv_sys_largefile_CC=no
ac_cv_target=x86_64-pc-elf
acl_cv_hardcode_direct=no
acl_cv_hardcode_libdir_flag_spec='${wl}-rpath ${wl}$libdir'
acl_cv_hardcode_libdir_separator=
acl_cv_hardcode_minus_L=no
acl_cv_libext=a
acl_cv_path_LD=ld
acl_cv_prog_gnu_ld=yes
acl_cv_rpath=done
acl_cv_shlibext=so
acl_cv_wl=-Wl,
acx_cv_prog_cc_pedantic__Wlong_long=yes
acx_cv_prog_cc_warning__W=yes
acx_cv_prog_cc_warning__Wall=yes
acx_cv_prog_cc_warning__Wmissing_format_attribute=yes
acx_cv_prog_cc_warning__Wmissing_prototypes=yes
acx_cv_prog_cc_warning__Wnarrowing=yes
acx_cv_prog_cc_warning__Wold_style_definition=yes
acx_cv_prog_cc_warning__Wstrict_prototypes=yes
acx_cv_prog_cc_warning__Wwrite_strings=yes
am_cv_CC_dependencies_compiler_type=gcc3
am_cv_ar_interface=ar
am_cv_make_support_nested_variables=yes
am_cv_prog_cc_c_o=yes
clang_cv_is_clang=no
gt_cv_func_CFLocaleCopyPreferredLanguages=no
gt_cv_func_CFPreferencesCopyAppValue=no
lt_cv_deplibs_check_method=pass_all
lt_cv_file_magic_cmd='$MAGIC_CMD'
lt_cv_file_magic_test_file=
lt_cv_ld_reload_flag=-r
lt_cv_nm_interface='BSD nm'
lt_cv_objdir=.libs
lt_cv_path_LD=ld
lt_cv_path_NM='/usr/bin/nm --plugin /usr/lib/gcc/x86_64-pc-linux-gnu/15.2.1/liblto_plugin.so -B'
lt_cv_prog_compiler_c_o=yes
lt_cv_prog_compiler_pic_works=yes
lt_cv_prog_compiler_rtti_exceptions=no
lt_cv_prog_compiler_static_works=yes
lt_cv_prog_gnu_ld=yes
lt_cv_shlibpath_overrides_runpath=yes
lt_cv_sys_global_symbol_pipe='sed -n -e '\''s/^.*[	 ]\([ABCDGIRSTW][ABCDGIRSTW]*\)[	 ][	 ]*\([_A-Za-z][_A-Za-z0-9]*\)$/\1 \2 \2/p'\'''
lt_cv_sys_global_symbol_to_c_name_address='sed -n -e '\''s/^: \([^ ]*\) $/  {\"\1\", (void *) 0},/p'\'' -e '\''s/^[ABCDGIRSTW]* \([^ ]*\) \([^ ]*\)$/  {"\2", (void *) \&\2},/p'\'''
lt_cv_sys_global_symbol_to_c_name_address_lib_prefix='sed -n -e '\''s/^: \([^ ]*\) $/  {\"\1\", (void *) 0},/p'\'' -e '\''s/^[ABCDGIRSTW]* \([^ ]*\) \(lib[^ ]*\)$/  {"\2", (void *) \&\2},/p'\'' -e '\''s/^[ABCDGIRSTW]* \([^ ]*\) \([^ ]*\)$/  {"lib\2", (void *) \&\2},/p'\'''
lt_cv_sys_global_symbol_to_cdecl='sed -n -e '\''s/^T .* \(.*\)$/extern int \1();/p'\'' -e '\''s/^[ABCDGIRSTW]* .* \(.*\)$/extern char \1;/p'\'''
lt_cv_sys_max_cmd_len=1572864

## ----------------- ##
## Output variables. ##
## ----------------- ##

ACLOCAL='${SHELL} /home/sirdevhazim/Projects/officals/LunerOS/OS/build-binutils/binutils-with-gold-2.46/missing aclocal-1.15'
AMDEPBACKSLASH='\'
AMDEP_FALSE='#'
AMDEP_TRUE=''
AMTAR='$${TAR-tar}'
AM_BACKSLASH='\'
AM_DEFAULT_V='$(AM_DEFAULT_VERBOSITY)'
AM_DEFAULT_VERBOSITY='0'
AM_V='$(V)'
AR='ar --plugin /usr/lib/gcc/x86_64-pc-linux-gnu/15.2.1/liblto_plugin.so'
AUTOCONF='${SHELL} /home/sirdevhazim/Projects/officals/LunerOS/OS/build-binutils/binutils-with-gold-2.46/missing autoconf'
AUTOHEADER='${SHELL} /home/sirdevhazim/Projects/officals/LunerOS/OS/build-binutils/binutils-with-gold-2.46/missing autoheader'
AUTOMAKE='${SHELL} /home/sirdevhazim/Projects/officals/LunerOS/OS/build-binutils/binutils-with-gold-2.46/missing automake-1.15'
AWK='gawk'
BUILD_INFO_FALSE='#'
BUILD_INFO_TRUE=''
CATALOGS=''
CATOBJEXT=''
CC='gcc'
CCDEPMODE='depmode=gcc3'
CFLAGS='-g -O2    '
CPP='gcc -E'
CPPFLAGS=''
CTF_LIBADD='-L/home/sirdevhazim/Projects/officals/LunerOS/OS/build-binutils/binutils-with-gold-2.46/libctf/../libiberty -liberty '
CYGPATH_W='echo'
DATADIRNAME=''
DEFS='-DHAVE_CONFIG_H'
DEPDIR='.deps'
DSYMUTIL='dsymutil'
DUMPBIN=''
ECHO_C=''
ECHO_N='-n'
ECHO_T=''
EGREP='/usr/bin/grep -E'
ENABLE_LIBCTF_HASH_DEBUGGING_FALSE=''
ENABLE_LIBCTF_HASH_DEBUGGING_TRUE='#'
EXEEXT=''
EXPECT=''
FGREP='/usr/bin/grep -F'
GENCAT=''
GMSGFMT='/usr/bin/msgfmt'
GREP='/usr/bin/grep'
HAVE_TCL_TRY='false'
INCINTL=''
INSTALL_DATA='/usr/bin/install -c -m 644'
INSTALL_LIBBFD_FALSE=''
INSTALL_LIBBFD_TRUE='#'
INSTALL_PROGRAM='/usr/bin/install -c'
INSTALL_SCRIPT='/usr/bin/install -c'
INSTALL_STRIP_PROGRAM='$(install_sh) -c -s'
INSTOBJEXT=''
INTLLIBS=''
INTL_MACOSX_LIBS=''
LD='ld -m elf_x86_64'
LDFLAGS=' '
LIBICONV='-liconv'
LIBINTL=''
LIBINTL_DEP=''
LIBOBJS=''
LIBS=''
LIBTOOL='$(SHELL) $(top_builddir)/libtool'
LIPO=''
LLVM_CONFIG='llvm-config'
LN_S='ln -s'
LTLIBICONV='-liconv'
LTLIBINTL=''
LTLIBOBJS=''
MAINT='#'
MAINTAINER_MODE_FALSE=''
MAINTAINER_MODE_TRUE='#'
MAKEINFO='makeinfo --split-size=5000000'
MKDIR_P='/usr/bin/mkdir -p'
MKINSTALLDIRS='$(top_builddir)/./../mkinstalldirs'
MSGFMT='/usr/bin/msgfmt'
MSGMERGE='/usr/bin/msgmerge'
NEED_CTF_QSORT_R_FALSE=''
NEED_CTF_QSORT_R_TRUE='#'
NM='/usr/bin/nm --plugin /usr/lib/gcc/x86_64-pc-linux-gnu/15.2.1/liblto_plugin.so -B'
NMEDIT=''
OBJDUMP='objdump'
OBJEXT='o'
OTOOL64=''
OTOOL='otool'
PACKAGE='libctf'
PACKAGE_BUGREPORT=''
PACKAGE_NAME='libctf'
PACKAGE_STRING='libctf 1.2.0'
PACKAGE_TARNAME='libctf'
PACKAGE_URL=''
PACKAGE_VERSION='1.2.0'
PATH_SEPARATOR=':'
POSUB=''
RANLIB='ranlib --plugin /usr/lib/gcc/x86_64-pc-linux-gnu/15.2.1/liblto_plugin.so'
SED='/usr/bin/sed'
SET_MAKE=''
SHARED_LDFLAGS=''
SHELL='/bin/sh'
STRIP='strip'
USE_NLS='no'
VERSION='1.2.0'
VERSION_FLAGS='-Wl,--version-script='\''./libctf.ver'\'''
VERSION_FLAGS_NOBFD='-Wl,--version-script='\''libctf-nobfd.ver'\'''
WARN_PEDANTIC='-pedantic -Wno-long-long'
WERROR=''
XGETTEXT='/usr/bin/xgettext'
ac_ct_AR=''
ac_ct_CC=''
ac_ct_DUMPBIN=''
ac_libctf_warn_cflags='-Wall'
am__EXEEXT_FALSE=''
am__EXEEXT_TRUE='#'
am__fastdepCC_FALSE='#'
am__fastdepCC_TRUE=''
am__include='include'
am__isrc=''
am__leading_dot='.'
am__nodep='_no'
am__quote=''
am__tar='$${TAR-tar} chof - "$$tardir"'
am__untar='$${TAR-tar} xf -'
bfdincludedir='$(exec_prefix)/$(host_noncanonical)/$(target_noncanonical)/include'
bfdlibdir='$(exec_prefix)/$(host_noncanonical)/$(target_noncanonical)/lib'
bindir='${exec_prefix}/bin'
build='x86_64-pc-linux-gnu'
build_alias='x86_64-pc-linux-gnu'
build_cpu='x86_64'
build_os='linux-gnu'
build_vendor='pc'
c_warn='-Wstrict-prototypes -Wmissing-prototypes -Wold-style-definition'
datadir='${datarootdir}'
datarootdir='${prefix}/share'
docdir='${datarootdir}/doc/${PACKAGE_TARNAME}'
dvidir='${docdir}'
exec_prefix='${prefix}'
host='x86_64-pc-linux-gnu'
host_alias='x86_64-pc-linux-gnu'
host_cpu='x86_64'
host_noncanonical='x86_64-pc-linux-gnu'
host_os='linux-gnu'
host_vendor='pc'
htmldir='${docdir}'
includedir='${prefix}/include'
infodir='${datarootdir}/info'
install_sh='${SHELL} /home/sirdevhazim/Projects/officals/LunerOS/OS/build-binutils/binutils-with-gold-2.46/install-sh'
libdir='${exec_prefix}/lib'
libexecdir='${exec_prefix}/libexec'
localedir='${datarootdir}/locale'
localstatedir='${prefix}/var'
mandir='${datarootdir}/man'
mkdir_p='$(MKDIR_P)'
oldincludedir='/usr/include'
pdfdir='${docdir}'
prefix='/home/sirdevhazim/opt/cross'
program_transform_name='s&^&x86_64-elf-&'
psdir='${docdir}'
sbindir='${exec_prefix}/sbin'
sharedstatedir='${prefix}/com'
sysconfdir='${prefix}/etc'
target='x86_64-pc-elf'
target_alias='x86_64-elf'
target_cpu='x86_64'
target_noncanonical='x86_64-elf'
target_os='elf'
target_vendor='pc'
warn='-W -Wall -Wno-narrowing -Wwrite-strings -Wmissing-format-attribute'
zlibdir='-L$(top_builddir)/../zlib'
zlibinc='-I$(top_srcdir)/../zlib'

## ----------- ##
## confdefs.h. ##
## ----------- ##

/* confdefs.h */
#define PACKAGE_NAME "libctf"
#define PACKAGE_TARNAME "libctf"
#define PACKAGE_VERSION "1.2.0"
#define PACKAGE_STRING "libctf 1.2.0"
#define PACKAGE_BUGREPORT ""
#define PACKAGE_URL ""
#define STDC_HEADERS 1
#define HAVE_SYS_TYPES_H 1
#define HAVE_SYS_STAT_H 1
#define HAVE_STDLIB_H 1
#define HAVE_STRING_H 1
#define HAVE_MEMORY_H 1
#define HAVE_STRINGS_H 1
#define HAVE_INTTYPES_H 1
#define HAVE_STDINT_H 1
#define HAVE_UNISTD_H 1
#define __EXTENSIONS__ 1
#define _ALL_SOURCE 1
#define _GNU_SOURCE 1
#define _POSIX_PTHREAD_SEMANTICS 1
#define _TANDEM_SOURCE 1
#define PACKAGE "libctf"
#define VERSION "1.2.0"
#define HAVE_DLFCN_H 1
#define LT_OBJDIR ".libs/"
#define HAVE_STDLIB_H 1
#define HAVE_UNISTD_H 1
#define HAVE_SYS_PARAM_H 1
#define HAVE_GETPAGESIZE 1
#define HAVE_MMAP 1
#define HAVE_BFD_ELF 1
#define HAVE_BYTESWAP_H 1
#define HAVE_ENDIAN_H 1
#define HAVE_VALGRIND_VALGRIND_H 1
#define HAVE_PREAD 1
#define HAVE_DECL_BSWAP_16 1
#define HAVE_DECL_BSWAP_32 1
#define HAVE_DECL_BSWAP_64 1
#define HAVE_DECL_ASPRINTF 1
#define HAVE_DECL_VASPRINTF 1
#define HAVE_DECL_STPCPY 1
#define HAVE_QSORT_R 1
#define HAVE_QSORT_R_ARG_LAST 1
#define HAVE_O_CLOEXEC 1

configure: exit 0
