This file contains any messages produced by compilers while
running configure, to aid debugging if configure makes a mistake.

It was created by libsframe configure BFD_VERSION, which was
generated by GNU Autoconf 2.69.  Invocation command line was

  $ /home/sirdevhazim/Projects/officals/LunerOS/OS/build-binutils/binutils-with-gold-2.46/libsframe/configure --srcdir=.././libsframe --cache-file=./config.cache --with-gnu-as --with-gnu-ld --prefix=/home/sirdevhazim/opt/cross --with-sysroot --disable-nls --disable-werror --program-transform-name=s&^&x86_64-elf-& --disable-option-checking --disable-year2038 --build=x86_64-pc-linux-gnu --host=x86_64-pc-linux-gnu --target=x86_64-elf

## --------- ##
## Platform. ##
## --------- ##

hostname = archlinux
uname -m = x86_64
uname -r = 6.12.68-1-lts
uname -s = Linux
uname -v = #1 SMP PREEMPT_DYNAMIC Fri, 30 Jan 2026 11:42:40 +0000

/usr/bin/uname -p = unknown
/bin/uname -X     = unknown

/bin/arch              = unknown
/usr/bin/arch -k       = unknown
/usr/convex/getsysinfo = unknown
/usr/bin/hostinfo      = unknown
/bin/machine           = unknown
/usr/bin/oslevel       = unknown
/bin/universe          = unknown

PATH: /home/sirdevhazim/opt/cross/bin
PATH: /usr/local/bin
PATH: /usr/bin
PATH: /var/lib/snapd/snap/bin


## ----------- ##
## Core tests. ##
## ----------- ##

configure:2200: creating cache ./config.cache
configure:2314: checking build system type
configure:2328: result: x86_64-pc-linux-gnu
configure:2348: checking host system type
configure:2361: result: x86_64-pc-linux-gnu
configure:2381: checking target system type
configure:2394: result: x86_64-pc-elf
configure:2432: checking for x86_64-pc-linux-gnu-gcc
configure:2459: result: gcc
configure:2728: checking for C compiler version
configure:2737: gcc --version >&5
gcc (GCC) 15.2.1 20260103
Copyright (C) 2025 Free Software Foundation, Inc.
This is free software; see the source for copying conditions.  There is NO
warranty; not even for MERCHANTABILITY or FITNESS FOR A PARTICULAR PURPOSE.

configure:2748: $? = 0
configure:2737: gcc -v >&5
Using built-in specs.
COLLECT_GCC=gcc
COLLECT_LTO_WRAPPER=/usr/lib/gcc/x86_64-pc-linux-gnu/15.2.1/lto-wrapper
Target: x86_64-pc-linux-gnu
Configured with: /build/gcc/src/gcc/configure --enable-languages=ada,c,c++,d,fortran,go,lto,m2,objc,obj-c++,rust,cobol --enable-bootstrap --prefix=/usr --libdir=/usr/lib --libexecdir=/usr/lib --mandir=/usr/share/man --infodir=/usr/share/info --with-bugurl=https://gitlab.archlinux.org/archlinux/packaging/packages/gcc/-/issues --with-build-config=bootstrap-lto --with-linker-hash-style=gnu --with-system-zlib --enable-__cxa_atexit --enable-cet=auto --enable-checking=release --enable-clocale=gnu --enable-default-pie --enable-default-ssp --enable-gnu-indirect-function --enable-gnu-unique-object --enable-libstdcxx-backtrace --enable-link-serialization=1 --enable-linker-build-id --enable-lto --enable-multilib --enable-plugin --enable-shared --enable-threads=posix --disable-libssp --disable-libstdcxx-pch --disable-werror
Thread model: posix
Supported LTO compression algorithms: zlib zstd
gcc version 15.2.1 20260103 (GCC) 
configure:2748: $? = 0
configure:2737: gcc -V >&5
gcc: error: unrecognized command-line option '-V'
gcc: fatal error: no input files
compilation terminated.
configure:2748: $? = 1
configure:2737: gcc -qversion >&5
gcc: error: unrecognized command-line option '-qversion'; did you mean '--version'?
gcc: fatal error: no input files
compilation terminated.
configure:2748: $? = 1
configure:2768: checking whether the C compiler works
configure:2790: gcc -g -O2        conftest.c  >&5
configure:2794: $? = 0
configure:2842: result: yes
configure:2845: checking for C compiler default output file name
configure:2847: result: a.out
configure:2853: checking for suffix of executables
configure:2860: gcc -o conftest -g -O2        conftest.c  >&5
configure:2864: $? = 0
configure:2886: result: 
configure:2908: checking whether we are cross compiling
configure:2916: gcc -o conftest -g -O2        conftest.c  >&5
configure:2920: $? = 0
configure:2927: ./conftest
configure:2931: $? = 0
configure:2946: result: no
configure:2951: checking for suffix of object files
configure:2973: gcc -c -g -O2      conftest.c >&5
configure:2977: $? = 0
configure:2998: result: o
configure:3002: checking whether we are using the GNU C compiler
configure:3021: gcc -c -g -O2      conftest.c >&5
configure:3021: $? = 0
configure:3030: result: yes
configure:3039: checking whether gcc accepts -g
configure:3059: gcc -c -g  conftest.c >&5
configure:3059: $? = 0
configure:3100: result: yes
configure:3117: checking for gcc option to accept ISO C89
configure:3180: gcc  -c -g -O2      conftest.c >&5
conftest.c: In function 'e':
conftest.c:15:14: warning: old-style function definition [-Wold-style-definition]
   15 | static char *e (p, i)
      |              ^
configure:3180: $? = 0
configure:3193: result: none needed
configure:3218: checking whether gcc understands -c and -o together
configure:3240: gcc -c conftest.c -o conftest2.o
configure:3243: $? = 0
configure:3240: gcc -c conftest.c -o conftest2.o
configure:3243: $? = 0
configure:3255: result: yes
configure:3278: checking how to run the C preprocessor
configure:3309: gcc -E  conftest.c
configure:3309: $? = 0
configure:3323: gcc -E  conftest.c
conftest.c:9:10: fatal error: ac_nonexistent.h: No such file or directory
    9 | #include <ac_nonexistent.h>
      |          ^~~~~~~~~~~~~~~~~~
compilation terminated.
configure:3323: $? = 1
configure: failed program was:
| /* confdefs.h */
| #define PACKAGE_NAME "libsframe"
| #define PACKAGE_TARNAME "libsframe"
| #define PACKAGE_VERSION "BFD_VERSION"
| #define PACKAGE_STRING "libsframe BFD_VERSION"
| #define PACKAGE_BUGREPORT ""
| #define PACKAGE_URL ""
| /* end confdefs.h.  */
| #include <ac_nonexistent.h>
configure:3348: result: gcc -E
configure:3368: gcc -E  conftest.c
configure:3368: $? = 0
configure:3382: gcc -E  conftest.c
conftest.c:9:10: fatal error: ac_nonexistent.h: No such file or directory
    9 | #include <ac_nonexistent.h>
      |          ^~~~~~~~~~~~~~~~~~
compilation terminated.
configure:3382: $? = 1
configure: failed program was:
| /* confdefs.h */
| #define PACKAGE_NAME "libsframe"
| #define PACKAGE_TARNAME "libsframe"
| #define PACKAGE_VERSION "BFD_VERSION"
| #define PACKAGE_STRING "libsframe BFD_VERSION"
| #define PACKAGE_BUGREPORT ""
| #define PACKAGE_URL ""
| /* end confdefs.h.  */
| #include <ac_nonexistent.h>
configure:3411: checking for grep that handles long lines and -e
configure:3469: result: /usr/bin/grep
configure:3474: checking for egrep
configure:3536: result: /usr/bin/grep -E
configure:3541: checking for ANSI C header files
configure:3561: gcc -c -g -O2      conftest.c >&5
configure:3561: $? = 0
configure:3634: gcc -o conftest -g -O2        conftest.c  >&5
configure:3634: $? = 0
configure:3634: ./conftest
configure:3634: $? = 0
configure:3645: result: yes
configure:3658: checking for sys/types.h
configure:3658: gcc -c -g -O2      conftest.c >&5
configure:3658: $? = 0
configure:3658: result: yes
configure:3658: checking for sys/stat.h
configure:3658: gcc -c -g -O2      conftest.c >&5
configure:3658: $? = 0
configure:3658: result: yes
configure:3658: checking for stdlib.h
configure:3658: gcc -c -g -O2      conftest.c >&5
configure:3658: $? = 0
configure:3658: result: yes
configure:3658: checking for string.h
configure:3658: gcc -c -g -O2      conftest.c >&5
configure:3658: $? = 0
configure:3658: result: yes
configure:3658: checking for memory.h
configure:3658: gcc -c -g -O2      conftest.c >&5
configure:3658: $? = 0
configure:3658: result: yes
configure:3658: checking for strings.h
configure:3658: gcc -c -g -O2      conftest.c >&5
configure:3658: $? = 0
configure:3658: result: yes
configure:3658: checking for inttypes.h
configure:3658: gcc -c -g -O2      conftest.c >&5
configure:3658: $? = 0
configure:3658: result: yes
configure:3658: checking for stdint.h
configure:3658: gcc -c -g -O2      conftest.c >&5
configure:3658: $? = 0
configure:3658: result: yes
configure:3658: checking for unistd.h
configure:3658: gcc -c -g -O2      conftest.c >&5
configure:3658: $? = 0
configure:3658: result: yes
configure:3671: checking minix/config.h usability
configure:3671: gcc -c -g -O2      conftest.c >&5
conftest.c:52:10: fatal error: minix/config.h: No such file or directory
   52 | #include <minix/config.h>
      |          ^~~~~~~~~~~~~~~~
compilation terminated.
configure:3671: $? = 1
configure: failed program was:
| /* confdefs.h */
| #define PACKAGE_NAME "libsframe"
| #define PACKAGE_TARNAME "libsframe"
| #define PACKAGE_VERSION "BFD_VERSION"
| #define PACKAGE_STRING "libsframe BFD_VERSION"
| #define PACKAGE_BUGREPORT ""
| #define PACKAGE_URL ""
| #define STDC_HEADERS 1
| #define HAVE_SYS_TYPES_H 1
| #define HAVE_SYS_STAT_H 1
| #define HAVE_STDLIB_H 1
| #define HAVE_STRING_H 1
| #define HAVE_MEMORY_H 1
| #define HAVE_STRINGS_H 1
| #define HAVE_INTTYPES_H 1
| #define HAVE_STDINT_H 1
| #define HAVE_UNISTD_H 1
| /* end confdefs.h.  */
| #include <stdio.h>
| #ifdef HAVE_SYS_TYPES_H
| # include <sys/types.h>
| #endif
| #ifdef HAVE_SYS_STAT_H
| # include <sys/stat.h>
| #endif
| #ifdef STDC_HEADERS
| # include <stdlib.h>
| # include <stddef.h>
| #else
| # ifdef HAVE_STDLIB_H
| #  include <stdlib.h>
| # endif
| #endif
| #ifdef HAVE_STRING_H
| # if !defined STDC_HEADERS && defined HAVE_MEMORY_H
| #  include <memory.h>
| # endif
| # include <string.h>
| #endif
| #ifdef HAVE_STRINGS_H
| # include <strings.h>
| #endif
| #ifdef HAVE_INTTYPES_H
| # include <inttypes.h>
| #endif
| #ifdef HAVE_STDINT_H
| # include <stdint.h>
| #endif
| #ifdef HAVE_UNISTD_H
| # include <unistd.h>
| #endif
| #include <minix/config.h>
configure:3671: result: no
configure:3671: checking minix/config.h presence
configure:3671: gcc -E  conftest.c
conftest.c:19:10: fatal error: minix/config.h: No such file or directory
   19 | #include <minix/config.h>
      |          ^~~~~~~~~~~~~~~~
compilation terminated.
configure:3671: $? = 1
configure: failed program was:
| /* confdefs.h */
| #define PACKAGE_NAME "libsframe"
| #define PACKAGE_TARNAME "libsframe"
| #define PACKAGE_VERSION "BFD_VERSION"
| #define PACKAGE_STRING "libsframe BFD_VERSION"
| #define PACKAGE_BUGREPORT ""
| #define PACKAGE_URL ""
| #define STDC_HEADERS 1
| #define HAVE_SYS_TYPES_H 1
| #define HAVE_SYS_STAT_H 1
| #define HAVE_STDLIB_H 1
| #define HAVE_STRING_H 1
| #define HAVE_MEMORY_H 1
| #define HAVE_STRINGS_H 1
| #define HAVE_INTTYPES_H 1
| #define HAVE_STDINT_H 1
| #define HAVE_UNISTD_H 1
| /* end confdefs.h.  */
| #include <minix/config.h>
configure:3671: result: no
configure:3671: checking for minix/config.h
configure:3671: result: no
configure:3692: checking whether it is safe to define __EXTENSIONS__
configure:3710: gcc -c -g -O2      conftest.c >&5
configure:3710: $? = 0
configure:3717: result: yes
configure:3747: checking for a BSD-compatible install
configure:3815: result: /usr/bin/install -c
configure:3826: checking whether build environment is sane
configure:3881: result: yes
configure:4029: checking for a thread-safe mkdir -p
configure:4068: result: /usr/bin/mkdir -p
configure:4075: checking for gawk
configure:4102: result: gawk
configure:4113: checking whether make sets $(MAKE)
configure:4135: result: yes
configure:4165: checking for style of include used by make
configure:4193: result: GNU
configure:4227: checking whether make supports nested variables
configure:4244: result: yes
configure:4329: checking dependency style of gcc
configure:4440: result: gcc3
configure:4509: checking whether make supports nested variables
configure:4526: result: yes
configure:4539: checking whether make sets $(MAKE)
configure:4561: result: yes
configure:4578: checking for x86_64-pc-linux-gnu-gcc
configure:4605: result: gcc
configure:4874: checking for C compiler version
configure:4883: gcc --version >&5
gcc (GCC) 15.2.1 20260103
Copyright (C) 2025 Free Software Foundation, Inc.
This is free software; see the source for copying conditions.  There is NO
warranty; not even for MERCHANTABILITY or FITNESS FOR A PARTICULAR PURPOSE.

configure:4894: $? = 0
configure:4883: gcc -v >&5
Using built-in specs.
COLLECT_GCC=gcc
COLLECT_LTO_WRAPPER=/usr/lib/gcc/x86_64-pc-linux-gnu/15.2.1/lto-wrapper
Target: x86_64-pc-linux-gnu
Configured with: /build/gcc/src/gcc/configure --enable-languages=ada,c,c++,d,fortran,go,lto,m2,objc,obj-c++,rust,cobol --enable-bootstrap --prefix=/usr --libdir=/usr/lib --libexecdir=/usr/lib --mandir=/usr/share/man --infodir=/usr/share/info --with-bugurl=https://gitlab.archlinux.org/archlinux/packaging/packages/gcc/-/issues --with-build-config=bootstrap-lto --with-linker-hash-style=gnu --with-system-zlib --enable-__cxa_atexit --enable-cet=auto --enable-checking=release --enable-clocale=gnu --enable-default-pie --enable-default-ssp --enable-gnu-indirect-function --enable-gnu-unique-object --enable-libstdcxx-backtrace --enable-link-serialization=1 --enable-linker-build-id --enable-lto --enable-multilib --enable-plugin --enable-shared --enable-threads=posix --disable-libssp --disable-libstdcxx-pch --disable-werror
Thread model: posix
Supported LTO compression algorithms: zlib zstd
gcc version 15.2.1 20260103 (GCC) 
configure:4894: $? = 0
configure:4883: gcc -V >&5
gcc: error: unrecognized command-line option '-V'
gcc: fatal error: no input files
compilation terminated.
configure:4894: $? = 1
configure:4883: gcc -qversion >&5
gcc: error: unrecognized command-line option '-qversion'; did you mean '--version'?
gcc: fatal error: no input files
compilation terminated.
configure:4894: $? = 1
configure:4898: checking whether we are using the GNU C compiler
configure:4926: result: yes
configure:4935: checking whether gcc accepts -g
configure:4996: result: yes
configure:5013: checking for gcc option to accept ISO C89
configure:5089: result: none needed
configure:5114: checking whether gcc understands -c and -o together
configure:5151: result: yes
configure:5171: checking for x86_64-pc-linux-gnu-ranlib
configure:5198: result: ranlib --plugin /usr/lib/gcc/x86_64-pc-linux-gnu/15.2.1/liblto_plugin.so
configure:5265: checking for x86_64-pc-linux-gnu-ar
configure:5292: result: ar --plugin /usr/lib/gcc/x86_64-pc-linux-gnu/15.2.1/liblto_plugin.so
configure:5362: checking the archiver (ar --plugin /usr/lib/gcc/x86_64-pc-linux-gnu/15.2.1/liblto_plugin.so) interface
configure:5378: gcc -c -g -O2      conftest.c >&5
configure:5378: $? = 0
configure:5380: ar --plugin /usr/lib/gcc/x86_64-pc-linux-gnu/15.2.1/liblto_plugin.so cru libconftest.a conftest.o >&5
ar: `u' modifier ignored since `D' is the default (see `U')
configure:5383: $? = 0
configure:5411: result: ar
configure:5510: checking how to print strings
configure:5537: result: printf
configure:5558: checking for a sed that does not truncate output
configure:5622: result: /usr/bin/sed
configure:5640: checking for fgrep
configure:5702: result: /usr/bin/grep -F
configure:5737: checking for ld used by gcc
configure:5804: result: ld
configure:5811: checking if the linker (ld) is GNU ld
configure:5826: result: yes
configure:5838: checking for BSD- or MS-compatible name lister (nm)
configure:5894: result: /usr/bin/nm --plugin /usr/lib/gcc/x86_64-pc-linux-gnu/15.2.1/liblto_plugin.so -B
configure:6024: checking the name lister (/usr/bin/nm --plugin /usr/lib/gcc/x86_64-pc-linux-gnu/15.2.1/liblto_plugin.so -B) interface
configure:6031: gcc -c -g -O2      conftest.c >&5
configure:6034: /usr/bin/nm --plugin /usr/lib/gcc/x86_64-pc-linux-gnu/15.2.1/liblto_plugin.so -B "conftest.o"
configure:6037: output
0000000000000000 B some_variable
configure:6044: result: BSD nm
configure:6047: checking whether ln -s works
configure:6051: result: yes
configure:6059: checking the maximum length of command line arguments
configure:6184: result: 1572864
configure:6201: checking whether the shell understands some XSI constructs
configure:6211: result: yes
configure:6215: checking whether the shell understands "+="
configure:6221: result: yes
configure:6256: checking for ld option to reload object files
configure:6263: result: -r
configure:6292: checking for x86_64-pc-linux-gnu-objdump
configure:6319: result: objdump
configure:6391: checking how to recognize dependent libraries
configure:6597: result: pass_all
configure:6617: checking for clang
configure:6640: result: no
configure:6645: checking for x86_64-pc-linux-gnu-llvm-config
configure:6675: result: no
configure:6685: checking for llvm-config
configure:6701: found /usr/bin/llvm-config
configure:6712: result: llvm-config
configure:6872: checking for x86_64-pc-linux-gnu-ar
configure:6899: result: ar --plugin /usr/lib/gcc/x86_64-pc-linux-gnu/15.2.1/liblto_plugin.so
configure:6964: checking for -plugin option
configure:6982: result: --plugin /usr/lib/gcc/x86_64-pc-linux-gnu/15.2.1/liblto_plugin.so
configure:6999: checking for x86_64-pc-linux-gnu-ar
configure:7026: result: ar --plugin /usr/lib/gcc/x86_64-pc-linux-gnu/15.2.1/liblto_plugin.so
configure:7115: checking for x86_64-pc-linux-gnu-strip
configure:7145: result: no
configure:7155: checking for strip
configure:7171: found /usr/bin/strip
configure:7182: result: strip
configure:7214: checking for x86_64-pc-linux-gnu-ranlib
configure:7241: result: ranlib --plugin /usr/lib/gcc/x86_64-pc-linux-gnu/15.2.1/liblto_plugin.so
configure:7394: checking command to parse /usr/bin/nm --plugin /usr/lib/gcc/x86_64-pc-linux-gnu/15.2.1/liblto_plugin.so -B output from gcc object
configure:7512: gcc -c -g -O2      conftest.c >&5
configure:7515: $? = 0
configure:7519: /usr/bin/nm --plugin /usr/lib/gcc/x86_64-pc-linux-gnu/15.2.1/liblto_plugin.so -B conftest.o \| sed -n -e 's/^.*[ ]\([ABCDGIRSTW][ABCDGIRSTW]*\)[ ][ ]*\([_A-Za-z][_A-Za-z0-9]*\)$/\1 \2 \2/p' \> conftest.nm
configure:7522: $? = 0
configure:7576: gcc -o conftest -g -O2        conftest.c conftstm.o >&5
configure:7579: $? = 0
configure:7617: result: ok
configure:7712: gcc -c -g -O2      conftest.c >&5
configure:7715: $? = 0
configure:8467: checking for dlfcn.h
configure:8467: gcc -c -g -O2      conftest.c >&5
configure:8467: $? = 0
configure:8467: result: yes
configure:8624: checking for objdir
configure:8639: result: .libs
configure:8910: checking if gcc supports -fno-rtti -fno-exceptions
configure:8928: gcc -c -g -O2      -fno-rtti -fno-exceptions conftest.c >&5
cc1: warning: command-line option '-fno-rtti' is valid for C++/D/ObjC++ but not for C
configure:8932: $? = 0
configure:8945: result: no
configure:8965: checking for gcc option to produce PIC
configure:9251: result: -fPIC -DPIC
configure:9263: checking if gcc PIC flag -fPIC -DPIC works
configure:9281: gcc -c -g -O2      -fPIC -DPIC -DPIC conftest.c >&5
configure:9285: $? = 0
configure:9298: result: yes
configure:9322: checking if gcc static flag -static works
configure:9350: result: yes
configure:9365: checking if gcc supports -c -o file.o
configure:9386: gcc -c -g -O2      -o out/conftest2.o conftest.c >&5
configure:9390: $? = 0
configure:9412: result: yes
configure:9420: checking if gcc supports -c -o file.o
configure:9467: result: yes
configure:9500: checking whether the gcc linker (ld -m elf_x86_64) supports shared libraries
configure:10571: result: yes
configure:10816: checking dynamic linker characteristics
configure:11262: gcc -o conftest -g -O2        -Wl,-rpath -Wl,/foo conftest.c  >&5
configure:11262: $? = 0
configure:11503: result: GNU/Linux ld.so
configure:11610: checking how to hardcode library paths into programs
configure:11635: result: immediate
configure:12175: checking whether stripping libraries is possible
configure:12180: result: yes
configure:12215: checking if libtool supports shared libraries
configure:12217: result: yes
configure:12220: checking whether to build shared libraries
configure:12241: result: no
configure:12244: checking whether to build static libraries
configure:12248: result: yes
configure:12290: checking for special C compiler options needed for large files
configure:12335: result: no
configure:12341: checking for _FILE_OFFSET_BITS value needed for large files
configure:12366: gcc -c -g -O2      conftest.c >&5
configure:12366: $? = 0
configure:12398: result: no
configure:12489: checking for aclocal
configure:12516: result: ${SHELL} /home/sirdevhazim/Projects/officals/LunerOS/OS/build-binutils/binutils-with-gold-2.46/missing aclocal-1.15
configure:12532: checking for autoconf
configure:12559: result: ${SHELL} /home/sirdevhazim/Projects/officals/LunerOS/OS/build-binutils/binutils-with-gold-2.46/missing autoconf
configure:12575: checking for autoheader
configure:12602: result: ${SHELL} /home/sirdevhazim/Projects/officals/LunerOS/OS/build-binutils/binutils-with-gold-2.46/missing autoheader
configure:12635: checking whether gcc supports -Wall
configure:12652: gcc -c -Wall  conftest.c >&5
configure:12652: $? = 0
configure:12661: result: yes
configure:12635: checking whether gcc supports -Wextra
configure:12652: gcc -c -Wextra  conftest.c >&5
configure:12652: $? = 0
configure:12661: result: yes
configure:12635: checking whether gcc supports -Wwrite-strings
configure:12652: gcc -c -Wwrite-strings  conftest.c >&5
configure:12652: $? = 0
configure:12661: result: yes
configure:12635: checking whether gcc supports -Wmissing-format-attribute
configure:12652: gcc -c -Wmissing-format-attribute  conftest.c >&5
configure:12652: $? = 0
configure:12661: result: yes
configure:12635: checking whether gcc supports -Wstrict-prototypes
configure:12652: gcc -c -Wstrict-prototypes  conftest.c >&5
configure:12652: $? = 0
configure:12661: result: yes
configure:12635: checking whether gcc supports -Wmissing-prototypes
configure:12652: gcc -c -Wmissing-prototypes  conftest.c >&5
configure:12652: $? = 0
configure:12661: result: yes
configure:12678: checking for incompatibility between DejaGnu and GCC
configure:12680: result: 
configure:12695: gcc -o conftest -g -O2        conftest.c  >&5
conftest.c:28:10: fatal error: dejagnu.h: No such file or directory
   28 | #include <dejagnu.h>
      |          ^~~~~~~~~~~
compilation terminated.
configure:12695: $? = 1
configure: failed program was:
| /* confdefs.h */
| #define PACKAGE_NAME "libsframe"
| #define PACKAGE_TARNAME "libsframe"
| #define PACKAGE_VERSION "BFD_VERSION"
| #define PACKAGE_STRING "libsframe BFD_VERSION"
| #define PACKAGE_BUGREPORT ""
| #define PACKAGE_URL ""
| #define STDC_HEADERS 1
| #define HAVE_SYS_TYPES_H 1
| #define HAVE_SYS_STAT_H 1
| #define HAVE_STDLIB_H 1
| #define HAVE_STRING_H 1
| #define HAVE_MEMORY_H 1
| #define HAVE_STRINGS_H 1
| #define HAVE_INTTYPES_H 1
| #define HAVE_STDINT_H 1
| #define HAVE_UNISTD_H 1
| #define __EXTENSIONS__ 1
| #define _ALL_SOURCE 1
| #define _GNU_SOURCE 1
| #define _POSIX_PTHREAD_SEMANTICS 1
| #define _TANDEM_SOURCE 1
| #define PACKAGE "libsframe"
| #define VERSION "BFD_VERSION"
| #define HAVE_DLFCN_H 1
| #define LT_OBJDIR ".libs/"
| /* end confdefs.h.  */
| #include <dejagnu.h>
| int
| main ()
| {
| pass ("test foo");
| 	       return 0;
|   ;
|   return 0;
| }
configure:12702: result: no
configure:12727: checking for makeinfo
configure:12754: result: makeinfo --split-size=5000000
configure:12793: checking if using Solaris linker
configure:12802: result: no
configure:12822: result: yes
configure:12841: checking whether to enable maintainer-specific portions of Makefiles
configure:12850: result: no
configure:12878: checking whether to install libbfd
configure:12891: result: no
configure:12926: checking for stdlib.h
configure:12926: result: yes
configure:12926: checking for unistd.h
configure:12926: result: yes
configure:12926: checking for sys/param.h
configure:12926: gcc -c -g -O2      conftest.c >&5
configure:12926: $? = 0
configure:12926: result: yes
configure:12949: checking for getpagesize
configure:12949: gcc -o conftest -g -O2        conftest.c  >&5
configure:12949: $? = 0
configure:12949: result: yes
configure:12958: checking for working mmap
configure:13105: gcc -o conftest -g -O2        conftest.c  >&5
configure:13105: $? = 0
configure:13105: ./conftest
configure:13105: $? = 0
configure:13115: result: yes
configure:13129: checking byteswap.h usability
configure:13129: gcc -c -g -O2      conftest.c >&5
configure:13129: $? = 0
configure:13129: result: yes
configure:13129: checking byteswap.h presence
configure:13129: gcc -E  conftest.c
configure:13129: $? = 0
configure:13129: result: yes
configure:13129: checking for byteswap.h
configure:13129: result: yes
configure:13129: checking endian.h usability
configure:13129: gcc -c -g -O2      conftest.c >&5
configure:13129: $? = 0
configure:13129: result: yes
configure:13129: checking endian.h presence
configure:13129: gcc -E  conftest.c
configure:13129: $? = 0
configure:13129: result: yes
configure:13129: checking for endian.h
configure:13129: result: yes
configure:13140: checking whether bswap_16 is declared
configure:13140: gcc -c -g -O2      conftest.c >&5
configure:13140: $? = 0
configure:13140: result: yes
configure:13151: checking whether bswap_32 is declared
configure:13151: gcc -c -g -O2      conftest.c >&5
configure:13151: $? = 0
configure:13151: result: yes
configure:13162: checking whether bswap_64 is declared
configure:13162: gcc -c -g -O2      conftest.c >&5
configure:13162: $? = 0
configure:13162: result: yes
configure:13244: updating cache ./config.cache
configure:13288: checking that generated files are newer than configure
configure:13294: result: done
configure:13341: creating ./config.status

## ---------------------- ##
## Running config.status. ##
## ---------------------- ##

This file was extended by libsframe config.status BFD_VERSION, which was
generated by GNU Autoconf 2.69.  Invocation command line was

  CONFIG_FILES    = 
  CONFIG_HEADERS  = 
  CONFIG_LINKS    = 
  CONFIG_COMMANDS = 
  $ ./config.status 

on archlinux

config.status:1107: creating Makefile
config.status:1107: creating config.h
config.status:1336: executing depfiles commands
config.status:1336: executing libtool commands

## ---------------- ##
## Cache variables. ##
## ---------------- ##

ac_cv_build=x86_64-pc-linux-gnu
ac_cv_c_compiler_gnu=yes
ac_cv_dejagnu_compat=no
ac_cv_env_CC_set=set
ac_cv_env_CC_value=gcc
ac_cv_env_CFLAGS_set=set
ac_cv_env_CFLAGS_value='-g -O2    '
ac_cv_env_CPPFLAGS_set=
ac_cv_env_CPPFLAGS_value=
ac_cv_env_CPP_set=
ac_cv_env_CPP_value=
ac_cv_env_LDFLAGS_set=set
ac_cv_env_LDFLAGS_value=' '
ac_cv_env_LIBS_set=
ac_cv_env_LIBS_value=
ac_cv_env_build_alias_set=set
ac_cv_env_build_alias_value=x86_64-pc-linux-gnu
ac_cv_env_host_alias_set=set
ac_cv_env_host_alias_value=x86_64-pc-linux-gnu
ac_cv_env_target_alias_set=set
ac_cv_env_target_alias_value=x86_64-elf
ac_cv_func_getpagesize=yes
ac_cv_func_mmap_fixed_mapped=yes
ac_cv_have_decl_bswap_16=yes
ac_cv_have_decl_bswap_32=yes
ac_cv_have_decl_bswap_64=yes
ac_cv_header_byteswap_h=yes
ac_cv_header_dlfcn_h=yes
ac_cv_header_endian_h=yes
ac_cv_header_inttypes_h=yes
ac_cv_header_memory_h=yes
ac_cv_header_minix_config_h=no
ac_cv_header_stdc=yes
ac_cv_header_stdint_h=yes
ac_cv_header_stdlib_h=yes
ac_cv_header_string_h=yes
ac_cv_header_strings_h=yes
ac_cv_header_sys_param_h=yes
ac_cv_header_sys_stat_h=yes
ac_cv_header_sys_types_h=yes
ac_cv_header_unistd_h=yes
ac_cv_host=x86_64-pc-linux-gnu
ac_cv_objext=o
ac_cv_path_EGREP='/usr/bin/grep -E'
ac_cv_path_FGREP='/usr/bin/grep -F'
ac_cv_path_GREP=/usr/bin/grep
ac_cv_path_SED=/usr/bin/sed
ac_cv_path_mkdir=/usr/bin/mkdir
ac_cv_prog_ACLOCAL='${SHELL} /home/sirdevhazim/Projects/officals/LunerOS/OS/build-binutils/binutils-with-gold-2.46/missing aclocal-1.15'
ac_cv_prog_AR='ar --plugin /usr/lib/gcc/x86_64-pc-linux-gnu/15.2.1/liblto_plugin.so'
ac_cv_prog_AUTOCONF='${SHELL} /home/sirdevhazim/Projects/officals/LunerOS/OS/build-binutils/binutils-with-gold-2.46/missing autoconf'
ac_cv_prog_AUTOHEADER='${SHELL} /home/sirdevhazim/Projects/officals/LunerOS/OS/build-binutils/binutils-with-gold-2.46/missing autoheader'
ac_cv_prog_AWK=gawk
ac_cv_prog_CC=gcc
ac_cv_prog_CPP='gcc -E'
ac_cv_prog_MAKEINFO='makeinfo --split-size=5000000'
ac_cv_prog_OBJDUMP=objdump
ac_cv_prog_RANLIB='ranlib --plugin /usr/lib/gcc/x86_64-pc-linux-gnu/15.2.1/liblto_plugin.so'
ac_cv_prog_ac_ct_LLVM_CONFIG=llvm-config
ac_cv_prog_ac_ct_STRIP=strip
ac_cv_prog_cc_c89=
ac_cv_prog_cc_g=yes
ac_cv_prog_make_make_set=yes
ac_cv_safe_to_define___extensions__=yes
ac_cv_sys_file_offset_bits=no
ac_cv_sys_largefile_CC=no
ac_cv_target=x86_64-pc-elf
acx_cv_prog_cc_warning__Wall=yes
acx_cv_prog_cc_warning__Wextra=yes
acx_cv_prog_cc_warning__Wmissing_format_attribute=yes
acx_cv_prog_cc_warning__Wmissing_prototypes=yes
acx_cv_prog_cc_warning__Wstrict_prototypes=yes
acx_cv_prog_cc_warning__Wwrite_strings=yes
am_cv_CC_dependencies_compiler_type=gcc3
am_cv_ar_interface=ar
am_cv_make_support_nested_variables=yes
am_cv_prog_cc_c_o=yes
clang_cv_is_clang=no
lt_cv_deplibs_check_method=pass_all
lt_cv_file_magic_cmd='$MAGIC_CMD'
lt_cv_file_magic_test_file=
lt_cv_ld_reload_flag=-r
lt_cv_nm_interface='BSD nm'
lt_cv_objdir=.libs
lt_cv_path_LD=ld
lt_cv_path_NM='/usr/bin/nm --plugin /usr/lib/gcc/x86_64-pc-linux-gnu/15.2.1/liblto_plugin.so -B'
lt_cv_prog_compiler_c_o=yes
lt_cv_prog_compiler_pic_works=yes
lt_cv_prog_compiler_rtti_exceptions=no
lt_cv_prog_compiler_static_works=yes
lt_cv_prog_gnu_ld=yes
lt_cv_shlibpath_overrides_runpath=yes
lt_cv_sys_global_symbol_pipe='sed -n -e '\''s/^.*[	 ]\([ABCDGIRSTW][ABCDGIRSTW]*\)[	 ][	 ]*\([_A-Za-z][_A-Za-z0-9]*\)$/\1 \2 \2/p'\'''
lt_cv_sys_global_symbol_to_c_name_address='sed -n -e '\''s/^: \([^ ]*\) $/  {\"\1\", (void *) 0},/p'\'' -e '\''s/^[ABCDGIRSTW]* \([^ ]*\) \([^ ]*\)$/  {"\2", (void *) \&\2},/p'\'''
lt_cv_sys_global_symbol_to_c_name_address_lib_prefix='sed -n -e '\''s/^: \([^ ]*\) $/  {\"\1\", (void *) 0},/p'\'' -e '\''s/^[ABCDGIRSTW]* \([^ ]*\) \(lib[^ ]*\)$/  {"\2", (void *) \&\2},/p'\'' -e '\''s/^[ABCDGIRSTW]* \([^ ]*\) \([^ ]*\)$/  {"lib\2", (void *) \&\2},/p'\'''
lt_cv_sys_global_symbol_to_cdecl='sed -n -e '\''s/^T .* \(.*\)$/extern int \1();/p'\'' -e '\''s/^[ABCDGIRSTW]* .* \(.*\)$/extern char \1;/p'\'''
lt_cv_sys_max_cmd_len=1572864

## ----------------- ##
## Output variables. ##
## ----------------- ##

ACLOCAL='${SHELL} /home/sirdevhazim/Projects/officals/LunerOS/OS/build-binutils/binutils-with-gold-2.46/missing aclocal-1.15'
AMDEPBACKSLASH='\'
AMDEP_FALSE='#'
AMDEP_TRUE=''
AMTAR='$${TAR-tar}'
AM_BACKSLASH='\'
AM_DEFAULT_V='$(AM_DEFAULT_VERBOSITY)'
AM_DEFAULT_VERBOSITY='0'
AM_V='$(V)'
AR='ar --plugin /usr/lib/gcc/x86_64-pc-linux-gnu/15.2.1/liblto_plugin.so'
AUTOCONF='${SHELL} /home/sirdevhazim/Projects/officals/LunerOS/OS/build-binutils/binutils-with-gold-2.46/missing autoconf'
AUTOHEADER='${SHELL} /home/sirdevhazim/Projects/officals/LunerOS/OS/build-binutils/binutils-with-gold-2.46/missing autoheader'
AUTOMAKE='${SHELL} /home/sirdevhazim/Projects/officals/LunerOS/OS/build-binutils/binutils-with-gold-2.46/missing automake-1.15'
AWK='gawk'
BUILD_INFO_FALSE='#'
BUILD_INFO_TRUE=''
CC='gcc'
CCDEPMODE='depmode=gcc3'
CFLAGS='-g -O2    '
COMPAT_DEJAGNU='no'
CPP='gcc -E'
CPPFLAGS=''
CYGPATH_W='echo'
DEFS='-DHAVE_CONFIG_H'
DEPDIR='.deps'
DSYMUTIL='dsymutil'
DUMPBIN=''
ECHO_C=''
ECHO_N='-n'
ECHO_T=''
EGREP='/usr/bin/grep -E'
EXEEXT=''
FGREP='/usr/bin/grep -F'
GREP='/usr/bin/grep'
HAVE_COMPAT_DEJAGNU_FALSE=''
HAVE_COMPAT_DEJAGNU_TRUE='#'
HAVE_LD_VERSION_SCRIPT_FALSE='#'
HAVE_LD_VERSION_SCRIPT_TRUE=''
HAVE_SOLARIS_LD_FALSE=''
HAVE_SOLARIS_LD_TRUE='#'
INSTALL_DATA='/usr/bin/install -c -m 644'
INSTALL_LIBBFD_FALSE=''
INSTALL_LIBBFD_TRUE='#'
INSTALL_PROGRAM='/usr/bin/install -c'
INSTALL_SCRIPT='/usr/bin/install -c'
INSTALL_STRIP_PROGRAM='$(install_sh) -c -s'
LD='ld -m elf_x86_64'
LDFLAGS=' '
LIBOBJS=''
LIBS=''
LIBTOOL='$(SHELL) $(top_builddir)/libtool'
LIPO=''
LLVM_CONFIG='llvm-config'
LN_S='ln -s'
LTLIBOBJS=''
MAINT='#'
MAINTAINER_MODE_FALSE=''
MAINTAINER_MODE_TRUE='#'
MAKEINFO='makeinfo --split-size=5000000'
MKDIR_P='/usr/bin/mkdir -p'
NM='/usr/bin/nm --plugin /usr/lib/gcc/x86_64-pc-linux-gnu/15.2.1/liblto_plugin.so -B'
NMEDIT=''
OBJDUMP='objdump'
OBJEXT='o'
OTOOL64=''
OTOOL='otool'
PACKAGE='libsframe'
PACKAGE_BUGREPORT=''
PACKAGE_NAME='libsframe'
PACKAGE_STRING='libsframe BFD_VERSION'
PACKAGE_TARNAME='libsframe'
PACKAGE_URL=''
PACKAGE_VERSION='BFD_VERSION'
PATH_SEPARATOR=':'
RANLIB='ranlib --plugin /usr/lib/gcc/x86_64-pc-linux-gnu/15.2.1/liblto_plugin.so'
SED='/usr/bin/sed'
SET_MAKE=''
SHELL='/bin/sh'
STRIP='strip'
VERSION='BFD_VERSION'
ac_ct_AR=''
ac_ct_CC=''
ac_ct_DUMPBIN=''
ac_libsframe_warn_cflags='-Wall -Wextra -Wwrite-strings -Wmissing-format-attribute -Wstrict-prototypes -Wmissing-prototypes'
am__EXEEXT_FALSE=''
am__EXEEXT_TRUE='#'
am__fastdepCC_FALSE='#'
am__fastdepCC_TRUE=''
am__include='include'
am__isrc=''
am__leading_dot='.'
am__nodep='_no'
am__quote=''
am__tar='$${TAR-tar} chof - "$$tardir"'
am__untar='$${TAR-tar} xf -'
bfdincludedir='$(exec_prefix)/$(host_noncanonical)/$(target_noncanonical)/include'
bfdlibdir='$(exec_prefix)/$(host_noncanonical)/$(target_noncanonical)/lib'
bindir='${exec_prefix}/bin'
build='x86_64-pc-linux-gnu'
build_alias='x86_64-pc-linux-gnu'
build_cpu='x86_64'
build_os='linux-gnu'
build_vendor='pc'
datadir='${datarootdir}'
datarootdir='${prefix}/share'
docdir='${datarootdir}/doc/${PACKAGE_TARNAME}'
dvidir='${docdir}'
exec_prefix='${prefix}'
host='x86_64-pc-linux-gnu'
host_alias='x86_64-pc-linux-gnu'
host_cpu='x86_64'
host_noncanonical='x86_64-pc-linux-gnu'
host_os='linux-gnu'
host_vendor='pc'
htmldir='${docdir}'
includedir='${prefix}/include'
infodir='${datarootdir}/info'
install_sh='${SHELL} /home/sirdevhazim/Projects/officals/LunerOS/OS/build-binutils/binutils-with-gold-2.46/install-sh'
libdir='${exec_prefix}/lib'
libexecdir='${exec_prefix}/libexec'
localedir='${datarootdir}/locale'
localstatedir='${prefix}/var'
mandir='${datarootdir}/man'
mkdir_p='$(MKDIR_P)'
oldincludedir='/usr/include'
pdfdir='${docdir}'
prefix='/home/sirdevhazim/opt/cross'
program_transform_name='s&^&x86_64-elf-&'
psdir='${docdir}'
sbindir='${exec_prefix}/sbin'
sharedstatedir='${prefix}/com'
sysconfdir='${prefix}/etc'
target='x86_64-pc-elf'
target_alias='x86_64-elf'
target_cpu='x86_64'
target_noncanonical='x86_64-elf'
target_os='elf'
target_vendor='pc'

## ----------- ##
## confdefs.h. ##
## ----------- ##

/* confdefs.h */
#define PACKAGE_NAME "libsframe"
#define PACKAGE_TARNAME "libsframe"
#define PACKAGE_VERSION "BFD_VERSION"
#define PACKAGE_STRING "libsframe BFD_VERSION"
#define PACKAGE_BUGREPORT ""
#define PACKAGE_URL ""
#define STDC_HEADERS 1
#define HAVE_SYS_TYPES_H 1
#define HAVE_SYS_STAT_H 1
#define HAVE_STDLIB_H 1
#define HAVE_STRING_H 1
#define HAVE_MEMORY_H 1
#define HAVE_STRINGS_H 1
#define HAVE_INTTYPES_H 1
#define HAVE_STDINT_H 1
#define HAVE_UNISTD_H 1
#define __EXTENSIONS__ 1
#define _ALL_SOURCE 1
#define _GNU_SOURCE 1
#define _POSIX_PTHREAD_SEMANTICS 1
#define _TANDEM_SOURCE 1
#define PACKAGE "libsframe"
#define VERSION "BFD_VERSION"
#define HAVE_DLFCN_H 1
#define LT_OBJDIR ".libs/"
#define HAVE_STDLIB_H 1
#define HAVE_UNISTD_H 1
#define HAVE_SYS_PARAM_H 1
#define HAVE_GETPAGESIZE 1
#define HAVE_MMAP 1
#define HAVE_BYTESWAP_H 1
#define HAVE_ENDIAN_H 1
#define HAVE_DECL_BSWAP_16 1
#define HAVE_DECL_BSWAP_32 1
#define HAVE_DECL_BSWAP_64 1

configure: exit 0
